0000_0001#~#Fri Aug 07 09:39:47 +0000 2015#~#01010111 01100101 01101100 01100011 01101111 01101101 01100101 00100001#~#18#~#38#~#3407050582#~#None#~#0#~##~#Binary#~#5#~#null#~#False#~#1#~#False#~#False#~#True#~#False#~#null#~#null#~#1570301691
00050250#~#Sat Dec 10 16:01:26 +0000 2011#~#\u8fb2\u696d\u3057\u3066\u3044\u307e\u3059(((o(*\uff9f\u25bd\uff9f*)o)))\u3088\u308d\u3057\u304f\u306d\u301c#~#362#~#1624#~#433459704#~#None#~#0#~#\u4e09\u91cd \u9234\u9e7f\u5e02#~#\u3042\u3064\u3057#~#1235#~#null#~#False#~#3759#~#True#~#True#~#True#~#False#~#null#~#null#~#1570301692
000webhost_com#~#Fri Apr 08 14:25:53 +0000 2016#~#---- http://000webhost.com/ OFFICIAL ------\nFree web hosting with PHP, MySql, Cpanel, no ads %26 almost unlimited disk space and bandwidth.#~#1377#~#1077#~#718444759828807680#~#None#~#12#~#Worldwide#~#000webhost#~#291#~#https://www.000webhost.com/#~#False#~#282#~#False#~#False#~#False#~#False#~#null#~#null#~#1570301693
001_ebizou#~#Tue Nov 08 15:07:01 +0000 2016#~#\u30a4\u30f3\u30c6\u30ea\u30b8\u30a7\u30f3\u30b9 \u7b4b\u30c8\u30ec \u7985 uplift \u5149\u98a8\u973d\u6708#~#50#~#136#~#796006114466762752#~#None#~#0#~#\u65e5\u672c#~#ebizou#~#101#~#null#~#False#~#3417#~#False#~#False#~#True#~#False#~#null#~#null#~#1570301693
00xMo#~#Fri Sep 16 17:54:55 +0000 2011#~#Tweets represent my own opinion.#~#45#~#629#~#374653710#~#None#~#4#~##~#Mo#~#326#~#null#~#False#~#189#~#False#~#False#~#False#~#False#~#null#~#null#~#1570301694
010011100101001#~#Wed Aug 06 02:02:47 +0000 2014#~##~#5#~#254#~#2710865641#~#None#~#0#~##~#Cyber Tec#~#0#~#null#~#False#~#481#~#False#~#False#~#True#~#True#~#null#~#null#~#1570301694
01_DmB#~#Sat Sep 09 12:11:52 +0000 2017#~#Hit the reset button in life, former soldier, now studying Computer Science and loving it. Recently an IoT/Mobile Security intern at Copper Horse Ltd #InfoSec#~#110#~#744#~#906490334447915008#~#None#~#2#~##~#Dave#~#464#~#null#~#False#~#712#~#False#~#False#~#True#~#False#~#null#~#null#~#1570301694
01Sutema#~#Sun Sep 15 12:25:04 +0000 2019#~##~#0#~#36#~#1173211030010286081#~#None#~#0#~##~#sutema_01#~#0#~#null#~#False#~#0#~#False#~#True#~#True#~#True#~#null#~#null#~#1570301695
021vj#~#Tue May 25 10:45:51 +0000 2010#~##~#6#~#160#~#147910637#~#None#~#0#~##~#Vjay#~#0#~#null#~#False#~#5#~#False#~#True#~#True#~#True#~#null#~#null#~#1570301695
02Piyarid#~#Sun Apr 24 15:06:28 +0000 2016#~##~#8#~#153#~#724253177885806593#~#None#~#0#~#Mobile Developer#~#Piyarid#~#2#~#null#~#False#~#16#~#False#~#False#~#False#~#False#~#null#~#null#~#1570301696
0761cn#~#Sun Aug 26 20:13:50 +0000 2018#~##~#24#~#766#~#1033809767100076032#~#None#~#0#~##~#cal#~#6#~#null#~#False#~#1005#~#False#~#False#~#False#~#True#~#null#~#null#~#1570301696
0809__saki#~#Sun Sep 21 16:01:49 +0000 2014#~#\u54b2-saki-\u30b7\u30ea\u30fc\u30ba\u306b\u95a2\u4fc2\u3057\u3066\u3044\u308b(\u3068\u3082\u8a00\u3048\u306a\u3044)\u5834\u6240\u3092\u65c5\u3057\u305f\u3001\u307e\u3068\u3081\u7528\u306e\u30a2\u30ab\u30a6\u30f3\u30c8\u3067\u3059\u3002\u4e0d\u5b9a\u671f\u306b\u6295\u7968\u30cd\u30bf\u3082\u3084\u3063\u3066\u307e\u3059\u3002 \u4e2d\u306e\u4eba\u304c\u8e8d\u52d5\uff1f\u3057\u3066\u3044\u305f\u30a2\u30ab\u30a6\u30f3\u30c8\u306f\u3053\u3061\u3089\u2192@violet_saki0809#~#466#~#416#~#2824505562#~#None#~#12#~##~#\u3050\u3061\u3078\u305f \u3076\u308d\u3050\u306e\u4eba#~#35457#~#http://blog.livedoor.jp/saki__0809/#~#False#~#22261#~#True#~#False#~#False#~#False#~#null#~#null#~#1570301698
0905Naokia#~#Thu Oct 06 07:49:07 +0000 2016#~#Vtuber\u304c\u751f\u304d\u7532\u6590\u3001\u30a2\u30cb\u30e1\u3001\u30df\u30ea\u30bf\u30ea\u30fc\u3001\u9244\u9053\u3001\u6771\u65b9\u3001\u5fa1\u6731\u5370\u96c6\u3081\u3001\u99c5\u30e1\u30e2\u3001YMO\u3001\u6d0b\u697d\n#\u89b3\u6e2c\u8005 \n#\u30ca\u30ca\u30d6\u30f3\u30ce\u30cb\u30b8\u30e5\u30a6\u30cb\n#\u3086\u3091\u3081\u3044\u3068\n#\u3059\u3053\u3084\u60a3\u8005#~#500#~#3507#~#783937113674817538#~#None#~#7#~#\u65e5\u672c - Japan \u5343\u8449\u770c\u5317\u897f\u90e8 - Chiba#~#\u6642\u96e8\u63d0\u7763343\u7a7a\u267b\ufe0f\ud83c\udfa8 \ud83d\udc89\ud83d\udc98#~#8720#~#null#~#False#~#67013#~#False#~#False#~#True#~#False#~#null#~#null#~#1570301699
09062016N#~#Tue Sep 06 06:28:29 +0000 2016#~#\u6771\u4eac\u306e\u4e2d\u5fc3\u3067\u30bb\u30ad\u30e5\u30ea\u30c6\u30a3\u3092\u53eb\u3076\u3002 \u5b9f\u969b\u306f\u5b88\u79d8\u7fa9\u52d9\u306e\u305f\u3081\u53eb\u3093\u3067\u3044\u306a\u3044\u3002\u4e00\u5fdc\u3001\u30bb\u30ad\u30e5\u30ea\u30c6\u30a3\u696d\u754c\u3067\u751f\u304d\u3066\u3044\u308b\u828b\u713c\u914e\u4e09\u5cb3\u597d\u304d\u30a2\u30ab\u30a6\u30f3\u30c8\u3002#~#23#~#131#~#773045187056500737#~#None#~#0#~##~#\u4e09\u5cb3\ud83c\udf76#~#80#~#null#~#False#~#31#~#False#~#False#~#False#~#False#~#null#~#null#~#1570301699
09210#~#Tue May 07 06:23:20 +0000 2019#~#\u5225\u30b2\u30fc\u898b\u3064\u304b\u308b\u307e\u3067\u306fagar#~#13#~#46#~#1125647282005692416#~#None#~#0#~#\u65e5\u672c#~#Flow#~#79#~#https://www.youtube.com/channel/UCzCqPenRYbuwbFZdVH6vXTw#~#False#~#150#~#False#~#True#~#True#~#False#~#null#~#null#~#1570301700
09kt_k#~#Tue Feb 26 00:11:40 +0000 2019#~##~#5#~#66#~#1100186598119944197#~#None#~#0#~##~#09kt#~#10#~#null#~#False#~#0#~#False#~#False#~#True#~#True#~#null#~#null#~#1570301701
0_0_shh#~#Thu Jun 14 22:34:40 +0000 2018#~##~#12#~#32#~#1007390895463915521#~#None#~#0#~##~#0_0_shh#~#24#~#null#~#False#~#138#~#False#~#False#~#False#~#False#~#null#~#null#~#1570301701
0_garrido#~#Tue Feb 05 00:13:20 +0000 2013#~#Vulnerabilidad sin amenaza al asecho no es un riesgo. Padre y Esposo a la vez.#~#91#~#690#~#1149440611#~#None#~#1#~##~#Cristian 0 Daniel#~#491#~#null#~#False#~#161#~#True#~#False#~#False#~#False#~#null#~#null#~#1570301702
0al00x01al#~#Sun Jul 15 17:44:29 +0000 2018#~##~#0#~#368#~#1018551890928254976#~#None#~#0#~##~#Tusk#~#0#~#null#~#False#~#5#~#False#~#True#~#True#~#True#~#null#~#null#~#1570301702
0c0d3r#~#Mon Aug 19 15:33:45 +0000 2019#~#debugging#~#3#~#213#~#1163474059973267456#~#None#~#0#~##~#n0t4c0d3r#~#1#~#null#~#False#~#106#~#False#~#False#~#True#~#True#~#null#~#null#~#1570301703
0c8skii#~#Thu Dec 20 09:04:42 +0000 2018#~##~#0#~#28#~#1075678364600553477#~#None#~#0#~##~#0c8skii#~#0#~#null#~#False#~#0#~#False#~#True#~#True#~#True#~#null#~#null#~#1570301703
0D0AResearch#~#Wed Jul 10 04:20:34 +0000 2019#~#Machine Learning\ud83e\udde0 Digital Forensics \ud83d\udd0eIncident Response \ud83d\udda5 Deep Neural Nets\ud83d\udd78 Reverse Engineering\ud83d\ude97 Honey Pots\ud83d\udc1d Malware Analysis\ud83d\udc7e Security Research\ud83d\udee1\ufe0f AI\ud83e\udd16#~#54#~#743#~#1148809211440066560#~#None#~#0#~##~#0D0A#~#24#~#https://medium.com/%400D0AResearch#~#False#~#24#~#False#~#False#~#False#~#False#~#null#~#null#~#1570301704
0day_0#~#Fri Dec 23 05:21:06 +0000 2011#~#Technical Support Enginee#~#11#~#199#~#444356597#~#None#~#0#~##~#Jorge Avila#~#4#~#null#~#False#~#26#~#False#~#False#~#True#~#False#~#null#~#null#~#1570301705
0Digits#~#Tue Mar 26 18:13:04 +0000 2013#~#\u0633\u06cc\u0633\u062a\u0645 \u06a9\u0646\u062a\u0631\u0644 \u0635\u0646\u0639\u062a\u06cc- \u0627\u0633\u06a9\u0627\u062f\u0627- \u0633\u06cc\u0633\u062a\u0645 \u062a\u0648\u0644\u06cc\u062f \u0627\u062c\u0631\u0627\u06cc\u06cc-MTU-PLC-MES-\u062c\u0645\u0639 \u0622\u0648\u0631\u06cc \u0627\u0637\u0644\u0627\u0639\u0627\u062a \u0627\u06cc\u0627\u0644\u062a \u062e\u0648\u062f\u0645\u062e\u062a\u0627\u0631 \u067e\u0634\u062a \u06a9\u0627\u0645\u067e\u06cc\u0648\u062a\u0631!\nVulnerability Researcher focused on ICS/SCADA#~#28#~#1149#~#1305164125#~#None#~#0#~#Mashhad Iran \u0627\u06cc\u0631\u0627\u0646 \u0645\u0634\u0647\u062f \u0645\u0642\u062f\u0633#~#MOTEKHASIS#~#327#~#null#~#False#~#140#~#False#~#True#~#False#~#False#~#null#~#null#~#1570301705
0dJayB#~#Thu Aug 12 18:16:25 +0000 2010#~##~#13#~#229#~#177648926#~#None#~#0#~#India#~#Jay B#~#23#~#null#~#False#~#21#~#True#~#True#~#True#~#False#~#null#~#null#~#1570301706
0droot#~#Sat Jan 03 21:29:05 +0000 2015#~#Yeah#~#457#~#357#~#2959185442#~#None#~#0#~#812#~#\u2122#~#192#~#null#~#False#~#10316#~#True#~#False#~#False#~#False#~#null#~#null#~#1570301706
0dshell#~#Sun Nov 30 19:47:08 +0000 2014#~#Linux \u2764 \u2022 C/C++ \u2022 Coffee Addict \u2615#~#29#~#205#~#2899688530#~#None#~#3#~#127.0.0.1#~#Odshell#~#417#~#null#~#False#~#934#~#False#~#False#~#False#~#False#~#null#~#null#~#1570301707
0EXPLOIT02#~#Sun Jan 20 10:05:51 +0000 2019#~##Anonymous #Hacking \nWe are #Anonymous. \nWe are #Legion. \nWe do not forgive. \nWe do not forget. \nExpect us.#~#3#~#33#~#1086927779143303168#~#None#~#0#~##~#0=EXPLOIT=0#~#2#~#null#~#False#~#4#~#False#~#False#~#False#~#False#~#null#~#null#~#1570301707
0ffensivemitthu#~#Sat Nov 17 04:10:13 +0000 2018#~#Hack the hacker before hacker hacks you || 19YO || Alt : @0xmitthu || Infosec Junkies || I Love (OS/GEO/SOCM)INT || NOOB || Anime || Geeky Badass \ud83c\udf08#~#392#~#28#~#1063645457765842944#~#None#~#6#~#India#~#Sarvagya Sagar#~#34#~#https://0ffensivemitthu.github.io/about/#~#False#~#210#~#False#~#False#~#True#~#False#~#null#~#null#~#1570301708
0Fffffe#~#Tue Jun 11 03:03:03 +0000 2019#~##~#0#~#53#~#1138280453457113088#~#None#~#0#~##~#0xFFFFFFFE#~#0#~#null#~#False#~#0#~#False#~#False#~#True#~#True#~#null#~#null#~#1570301708
0lajid3#~#Sat Mar 03 16:50:10 +0000 2018#~#What is expected of me and what I expect from myself are two different things. Guess which one I preferred%3F#~#47#~#821#~#969978247948701696#~#None#~#0#~#London, England#~#Olajide#~#17#~#null#~#False#~#16#~#True#~#False#~#False#~#False#~#null#~#null#~#1570301709
0lirum#~#Wed May 02 20:37:11 +0000 2018#~##~#18#~#131#~#991778649421615105#~#None#~#0#~##~#Olirum#~#179#~#null#~#False#~#134#~#False#~#False#~#True#~#False#~#null#~#null#~#1570301709
0MM05H#~#Mon Nov 07 08:04:09 +0000 2016#~#H4CK1N9 4 P45510N!\ud83d\udc68\ud83c\udffb\u200d\ud83d\udcbb#~#109#~#421#~#795537309190017024#~#None#~#1#~#Netstat#~#0MM05#~#632#~#https://www.pinterest.it/asommelier/pr0grh4kk1ng/#~#False#~#91#~#False#~#False#~#True#~#False#~#null#~#null#~#1570301711
0mm1n#~#Fri Aug 31 17:08:23 +0000 2012#~#You are not invited to the other side of sanity#~#761#~#716#~#794272716#~#None#~#5#~##~#A#~#41464#~#https://fuck.me/#~#False#~#41750#~#True#~#True#~#True#~#False#~#null#~#null#~#1570301712
0MNCY#~#Sat Sep 12 08:12:51 +0000 2009#~#In the land of blind, the one-eyed man is KING \ud83d\udc51\n\n#securityresearcher #threatintelligence #osint #investigation #analytics #b\u00f3Nektar#~#89#~#854#~#73599582#~#None#~#0#~#India#~#B\u00f6\u00f1ekT\u00e5r#~#1422#~#null#~#False#~#2221#~#True#~#False#~#False#~#False#~#null#~#null#~#1570301713
0ne_nine9#~#Wed Jul 12 07:01:34 +0000 2017#~##~#290#~#59#~#885031359986761729#~#None#~#0#~#Timi\u0219oara#~#One-Nine#~#15#~#null#~#False#~#109#~#False#~#False#~#False#~#False#~#null#~#null#~#1570301713
0nly0n3p3rs0n#~#Fri Apr 04 16:05:55 +0000 2014#~#Independent Security Researcher.#~#173#~#464#~#2427504434#~#None#~#5#~##~#Only Another User#~#2859#~#null#~#False#~#2110#~#False#~#False#~#False#~#False#~#null#~#null#~#1570301714
0OMPHALOS#~#Wed Aug 08 10:12:43 +0000 2018#~#Software Engineer\u00b0\nThe Only Easy Day Was Yesterday\u00b0#~#20#~#199#~#1027135507464159233#~#None#~#0#~#\u0395\u03bb\u03bb\u03ac\u03c2#~#0OMPHALOS#~#138#~#null#~#False#~#74#~#False#~#False#~#False#~#False#~#null#~#null#~#1570301714
0r1on_in_aug#~#Tue Apr 28 15:06:14 +0000 2015#~##~#2#~#81#~#3178354021#~#None#~#0#~##~#0r1on#~#1#~#null#~#False#~#11#~#False#~#True#~#True#~#False#~#null#~#null#~#1570301714
0rionHope#~#Sat Aug 25 15:00:04 +0000 2012#~##~#95#~#3182#~#780477769#~#None#~#0#~##~#Orion#~#10#~#null#~#False#~#1#~#False#~#False#~#False#~#False#~#null#~#null#~#1570301715
0rlandomayorga#~#Mon Jul 28 15:36:13 +0000 2014#~#Fan de los @spurs | intent\u00e9 jugar basketball |#~#169#~#1613#~#2727393316#~#None#~#7#~#mexico city#~#Orlando#~#2671#~#null#~#False#~#1840#~#True#~#False#~#False#~#False#~#null#~#null#~#1570301715
0U_Mx#~#Sun Apr 15 07:37:43 +0000 2018#~##~#7#~#32#~#985421896459186176#~#None#~#0#~#Nuevo Ideal, Durango#~#0U_Mx#~#5#~#null#~#False#~#139#~#False#~#False#~#True#~#False#~#null#~#null#~#1570301716
0vx3158#~#Sat Mar 29 11:08:02 +0000 2014#~#git: https://github.com/su3158 #~#990#~#2317#~#2417294114#~#None#~#11#~#\u30ed\u30b7\u30a2#~#\u30b9\u30fc#~#25701#~#null#~#False#~#34646#~#True#~#False#~#False#~#False#~#null#~#null#~#1570301717
0w4y5#~#Sun Jun 12 15:34:37 +0000 2011#~##~#1133#~#2765#~#315864869#~#None#~#7#~#Machine#~#IXI#~#11601#~#null#~#False#~#6064#~#True#~#True#~#False#~#False#~#null#~#null#~#1570301718
0wasio#~#Thu Apr 04 03:03:47 +0000 2013#~#\u30d1\u30bd\u30b3\u30f3\u30fbTwitter\u3092\u59cb\u3081\u305f\u3070\u304b\u308a\u3067\u3001\u77e5\u8b58\u7b49\u3042\u308a\u307e\u305b\u3093\u304c\u3001\u3053\u308c\u304b\u3089\u3044\u308d\u3044\u308d\u3068\u5b66\u3073\u305f\u3044\u3068\u601d\u3044\u307e\u3059\u3002\u3088\u308d\u3057\u304f\u304a\u9858\u3044\u3057\u307e\u3059\uff4d(__)\uff4d#~#5#~#51#~#1325989116#~#None#~#0#~##~#wasio hiroshi#~#40#~#null#~#False#~#0#~#False#~#False#~#True#~#False#~#null#~#null#~#1570301718
0wlSec#~#Mon Aug 13 14:03:44 +0000 2018#~#DFIR. 0x325 CTF team. Computer science graduate student.#~#38#~#208#~#1029005584480141313#~#None#~#0#~#United States#~#owl#~#43#~#null#~#False#~#1184#~#False#~#False#~#True#~#False#~#null#~#null#~#1570301719
0wnedB00m#~#Sun Dec 17 01:15:00 +0000 2017#~##~#39#~#492#~#942201429183336448#~#None#~#1#~##~#....#~#326#~#null#~#False#~#385#~#False#~#False#~#True#~#False#~#null#~#null#~#1570301719
0x00000052#~#Sun Apr 07 13:09:00 +0000 2019#~##~#23#~#536#~#1114877736697376768#~#None#~#0#~##~#0x00000052#~#8#~#null#~#False#~#14#~#False#~#False#~#False#~#False#~#null#~#null#~#1570301720
0x000FED#~#Tue Jul 25 06:44:28 +0000 2017#~#Every human being is a puzzle of need. You must become the missing piece.#~#27#~#369#~#889738100544421888#~#None#~#0#~##~#x3n#~#122#~#http://ircityxxpx6p6fn3.onion/#~#False#~#628#~#False#~#False#~#False#~#False#~#null#~#null#~#1570301720
0x01110129#~#Sun Nov 19 10:16:51 +0000 2017#~#Computer | InfoSec | Mr.Robot film\ud83d\ude01#~#44#~#461#~#932190929020006401#~#None#~#0#~##~#Q5Ca#~#107#~#https://q5ca.pw/#~#False#~#254#~#False#~#False#~#True#~#False#~#null#~#null#~#1570301721
0x0B800#~#Fri May 03 02:20:26 +0000 2019#~##~#10#~#583#~#1124136601460674565#~#None#~#0#~##~#0x0B800#~#0#~#null#~#False#~#34#~#False#~#False#~#True#~#True#~#null#~#null#~#1570301722
0x0d0084abdec6d#~#Mon Jan 23 09:20:09 +0000 2012#~##~#44#~#1243#~#471832258#~#None#~#2#~##~#mickael#~#1#~#null#~#False#~#11#~#False#~#False#~#True#~#False#~#null#~#null#~#1570301722
0x0nullian#~#Sat May 04 13:21:44 +0000 2013#~#X86#~#30#~#1126#~#1402299414#~#None#~#1#~##~#0x0nullian#~#53#~#null#~#False#~#2695#~#False#~#False#~#False#~#False#~#null#~#null#~#1570301723
0x10111011#~#Tue Oct 18 15:39:51 +0000 2011#~#from french city,Pondicherry,TN,India#~#14#~#202#~#393465096#~#None#~#0#~##~#bb#~#208#~#null#~#False#~#393#~#True#~#False#~#True#~#True#~#null#~#null#~#1570301723
0x1112#~#Mon May 01 18:43:41 +0000 2017#~#Concerned citizen. Know a few things about doing things digital at scale. My name is Chance, but trying to avoid stepping on existing account, hence Hex17.#~#504#~#794#~#859116129058381828#~#None#~#0#~#Seattle, WA#~#0x11#~#20147#~#null#~#False#~#19821#~#False#~#False#~#True#~#False#~#null#~#null#~#1570301723
0x1DEADFED#~#Thu Jul 27 21:51:41 +0000 2017#~#\ud835\ude8e\ud835\udea1\ud835\ude8e\ud835\ude8c\ud835\ude9e\ud835\ude9d\ud835\ude92\ud835\ude97\ud835\ude90 \ud835\ude8a\ud835\ude9b\ud835\ude8b\ud835\ude92\ud835\ude9d\ud835\ude9b\ud835\ude8a\ud835\ude9b\ud835\udea2 \ud835\ude9d\ud835\udea0\ud835\ude8e\ud835\ude8e\ud835\ude9d\ud835\ude9c \ud835\ude98\ud835\ude97 \ud835\ude8a \ud835\ude9b\ud835\ude8e\ud835\ude96\ud835\ude98\ud835\ude9d\ud835\ude8e \ud835\ude9d\ud835\ude92\ud835\ude96\ud835\ude8e\ud835\ude95\ud835\ude92\ud835\ude97\ud835\ude8e#~#58#~#124#~#890691184619921408#~#None#~#0#~#United Kingdom#~#\ud83d\udc68\ud83c\udffb\u200d\ud83d\udcbb#~#276#~#https://scum.ltd/#~#False#~#411#~#True#~#False#~#True#~#False#~#null#~#null#~#1570301725
0x1xday#~#Thu Oct 18 14:36:12 +0000 2018#~##~#11#~#14#~#1052931354495774721#~#None#~#0#~##~#ZER0DAY#~#17#~#null#~#False#~#0#~#False#~#False#~#True#~#False#~#null#~#null#~#1570301725
0x35h4ck#~#Sun Mar 03 04:57:48 +0000 2019#~#\u30d0\u30fc\u30c1\u30e3\u30eb\u30cf\u30c3\u30ab\u30fc\u306e\u5f25\u7434\u3063\u3066\u8a00\u3044\u307e\u3059\uff01CTF\u304c\u597d\u304d\u3067\u3059\u3002\u30d8\u30c3\u30c0\u30fc\u306f\u59b9\u306e\u6bec\u83dc(\u307e\u308a\u306a)\u3067\u3059\u3002/ SS\u2192 #\u30a2\u30c8\u30ea\u30a8\u307f\u3053\u3068 \u307e\u3057\u3085\u307e\u308d\u2192 https://marshmallow-qa.com/mikoto_dev?utm #~#375#~#436#~#1102070546823471104#~#None#~#10#~#Japan%3F#~#\u307f\u3053\u3068\ud83c\udf61#~#2468#~#null#~#False#~#886#~#False#~#False#~#False#~#False#~#null#~#null#~#1570301727
0x3E9#~#Thu May 12 06:05:34 +0000 2011#~#sec guy#~#11#~#221#~#297250623#~#None#~#0#~#Denmark#~#0x3E9#~#182#~#null#~#False#~#7#~#False#~#True#~#False#~#False#~#null#~#null#~#1570301728
0x48215333#~#Fri Jan 04 23:01:17 +0000 2019#~##~#6#~#145#~#1081324719276732417#~#None#~#0#~##~#H!S3#~#22#~#null#~#False#~#135#~#False#~#False#~#True#~#False#~#null#~#null#~#1570301728
0x48616a616c#~#Fri Oct 15 06:52:31 +0000 2010#~#infosec researcher and junkie ;-)#~#147#~#2155#~#202971541#~#None#~#5#~##~#0x48616a616c#~#1108#~#null#~#False#~#34#~#False#~#True#~#True#~#False#~#null#~#null#~#1570301729
0x4d_0x4b#~#Tue Apr 09 21:37:34 +0000 2013#~##~#2#~#320#~#1340293106#~#None#~#0#~##~#_m#~#30#~#null#~#False#~#216#~#True#~#True#~#False#~#True#~#null#~#null#~#1570301729
0x4Dark#~#Tue Feb 23 11:14:05 +0000 2016#~##~#2#~#198#~#702089038048731136#~#None#~#0#~##~#0x4Dark#~#3#~#null#~#False#~#67#~#False#~#True#~#True#~#True#~#null#~#null#~#1570301730
0x4Dichael#~#Fri Jul 19 15:13:48 +0000 2019#~##~#3#~#196#~#1152235093618057217#~#None#~#0#~#Sweden#~#Michael#~#0#~#https://www.0x4dichael.se/#~#False#~#76#~#False#~#False#~#True#~#False#~#null#~#null#~#1570301734
0x4h54n#~#Fri Feb 07 16:10:38 +0000 2014#~#Intrested in Cyber Security, loves Programming and Reverse Engineering#~#48#~#520#~#2332081370#~#None#~#0#~#\u067e\u0627\u06a9\u0633\u062a\u0627\u0646#~#Ahsan Yasin#~#263#~#null#~#False#~#314#~#False#~#False#~#False#~#False#~#null#~#null#~#1570301734
0x5061746f#~#Fri May 06 02:05:15 +0000 2011#~#Profesional TI - Ciberdefensa // Mi coraz\u00f3n se qued\u00f3 en #CaliCo \ud83c\udde8\ud83c\uddf4\n#SysAdmin #RE #Malware\n0x{506174726963696f264d61726961}#~#299#~#1477#~#293834976#~#None#~#17#~#Here \u27a1 There#~#Pato#~#4197#~#null#~#False#~#8888#~#True#~#False#~#False#~#False#~#null#~#null#~#1570301735
0x520#~#Sat Sep 22 15:09:14 +0000 2012#~#Direct action is the best action. Cat daddy. He/Him. I grew up in the analog world, matured in the digital. No gods, no logs, no lords, no masters.#~#469#~#2141#~#839913888#~#None#~#60#~#1.1.1.1#~#1312#~#9115#~#null#~#False#~#7491#~#True#~#False#~#False#~#False#~#null#~#null#~#1570301735
0x534c#~#Wed May 27 02:33:40 +0000 2009#~##~#2#~#195#~#42794499#~#None#~#0#~##~#Steven Lim#~#1#~#https://about.me/steven.lim#~#False#~#43#~#False#~#True#~#True#~#False#~#null#~#null#~#1570301736
0x5761796e65#~#Tue Apr 17 07:29:13 +0000 2018#~##~#12#~#446#~#986144535699836928#~#None#~#1#~##~#0xWayne#~#2#~#null#~#False#~#17#~#False#~#True#~#True#~#False#~#null#~#null#~#1570301737
0x67616c6f6973#~#Mon Feb 18 07:43:07 +0000 2019#~#Engineer.#~#6#~#125#~#1097401106638897152#~#None#~#0#~##~#0x67616c6f6973#~#11#~#null#~#False#~#0#~#False#~#False#~#True#~#True#~#null#~#null#~#1570301737
0x6C6F7665x#~#Fri Aug 30 21:32:10 +0000 2019#~#just a software developer, looking to get his foot in the door to Security memes#~#15#~#240#~#1167550381133565952#~#None#~#0#~##~#/dev/null#~#51#~#null#~#False#~#140#~#False#~#False#~#True#~#False#~#null#~#null#~#1570301738
0x6e0x6f#~#Sun Aug 25 22:05:26 +0000 2019#~#\u2510(\u2018\uff5e`\uff1b)\u250c#~#0#~#56#~#1165746868204298242#~#None#~#0#~##~#No#~#0#~#null#~#False#~#1#~#False#~#False#~#True#~#False#~#null#~#null#~#1570301738
0x90e#~#Sun Mar 24 19:53:30 +0000 2019#~##~#32#~#741#~#1109906103364665344#~#None#~#0#~##~#x90e#~#74#~#null#~#False#~#342#~#False#~#False#~#True#~#False#~#null#~#null#~#1570301739
0x_zmz#~#Tue Nov 07 02:26:07 +0000 2017#~##~#2#~#208#~#927723811788677120#~#None#~#0#~##~#Ralph#~#2#~#null#~#False#~#30#~#False#~#False#~#True#~#False#~#null#~#null#~#1570301739
0xa74#~#Sun Jun 09 20:19:24 +0000 2019#~#0101011101001001100#~#1#~#33#~#1137816487089954817#~#None#~#0#~##~#Siddhartha#~#0#~#null#~#False#~#1#~#False#~#False#~#True#~#True#~#null#~#null#~#1570301739
0xAckroyd#~#Sun Sep 09 15:25:24 +0000 2018#~#Cyber Threat Detection at @PwC_UK.#~#51#~#251#~#1038810608546848774#~#None#~#0#~#London, England#~#Richard Ackroyd#~#68#~#https://www.pwc.co.uk/cybersecurity#~#False#~#199#~#False#~#False#~#False#~#False#~#null#~#null#~#1570301741
0xalen#~#Sat Sep 05 17:45:14 +0000 2015#~#Curious human being. Software developer %26 researcher. (Small) Fedora contributor. Freedom, privacy and security advocate.\n\nPGP: 0x01757cb5fd08b10d#~#68#~#4134#~#3557691135#~#None#~#1#~#The Library#~#Alejandro#~#225#~#null#~#False#~#588#~#False#~#False#~#False#~#False#~#null#~#null#~#1570301742
0xbahaa#~#Thu Jun 02 13:53:32 +0000 2016#~##~#3#~#33#~#738367949598273536#~#None#~#0#~##~#Ahmad Bahaa#~#23#~#null#~#False#~#81#~#False#~#False#~#True#~#False#~#null#~#null#~#1570301742
0xbuilder#~#Wed Mar 08 16:14:26 +0000 2017#~#Cybersecurity Graduate Student and Teaching Assistant @UofMaryland | Like to build cool stuff#~#237#~#1005#~#839509622037884932#~#None#~#4#~#College Park, MD#~#Shreyans Doshi (\u0ab6\u0acd\u0ab0\u0ac7\u0aaf\u0abe\u0a82\u0ab8 \u0aa6\u0acb\u0ab6\u0ac0)#~#3682#~#https://0xbuilder.com/#~#False#~#18535#~#True#~#False#~#False#~#False#~#null#~#null#~#1570301743
0xc00000f#~#Sat Oct 05 09:38:04 +0000 2013#~#Payments | Fintech | CTO @cardup_sg#~#67#~#315#~#1937103932#~#None#~#25#~##~#Anand D N ( \u660e\u4f55\u5ea6 )#~#659#~#null#~#False#~#457#~#False#~#False#~#False#~#False#~#null#~#null#~#1570301744
0xCARNAGE#~#Tue Sep 29 00:04:56 +0000 2015#~#Malware research/offensive junk/CTI/quoting Hackers. Opinions mine, not my employers, etc.#~#35#~#159#~#3808861875#~#None#~#6#~#Somewhere#~#c\u0336\u0310\u0309\u033c\u0317a\u0337\u033d\u0356r\u0338\u0344\u0359n\u0335\u0309\u0306\u032ea\u0336\u035b\u030d\u0321g\u0335\u0313\u033d\u033b\u0322e\u0335\u0301\u034a\u0317#~#88#~#null#~#False#~#261#~#False#~#False#~#False#~#False#~#null#~#null#~#1570301744
0xcarrotpie#~#Wed Nov 08 11:56:54 +0000 2017#~#Security+CTF, This is\ud83e\udd55\ud83e\udd67...#~#0#~#49#~#928229840280485888#~#None#~#0#~##~#0xCarrotpie#~#1#~#null#~#False#~#1#~#False#~#False#~#True#~#False#~#null#~#null#~#1570301744
0xcela#~#Sun Oct 08 20:25:48 +0000 2017#~#Bug Bounty Hunter#~#133#~#188#~#917123887133020163#~#None#~#1#~#Kosovo#~#\u00c7lirim Emini#~#60#~#https://hackerone.com/cela#~#False#~#167#~#False#~#False#~#True#~#False#~#null#~#null#~#1570301745
0XCHAR#~#Tue Sep 03 01:14:19 +0000 2019#~#RE and threat intel in the land of the Shaolin. CREAM get the money#~#16#~#112#~#1168693646956220416#~#None#~#0#~##~#0xCHAR#~#17#~#null#~#False#~#5#~#False#~#False#~#True#~#False#~#null#~#null#~#1570301746
0xCLI#~#Fri Aug 04 22:40:47 +0000 2017#~#I'm just a lost boy#~#36#~#4854#~#893602645428064256#~#None#~#0#~##~#NIGHT#~#0#~#null#~#False#~#1482#~#False#~#False#~#True#~#True#~#null#~#null#~#1570301746
0xCoderJoe#~#Mon Oct 29 09:37:56 +0000 2018#~#Researcher | Developer | Malware | OSINT | SDR Enthusiast | Likes Fast Computers %26 Cheap Electricity \u26a1\ufe0f#~#90#~#677#~#1056842561388601344#~#None#~#2#~#Catalina Wine Mixer#~#CoderJoe#~#239#~#null#~#False#~#138#~#False#~#False#~#False#~#False#~#null#~#null#~#1570301747
0xCookie#~#Fri Oct 06 20:28:14 +0000 2017#~#_ (in)security researcher _ hax %26 riots _ \n\ud83c\udff4\u200d\u2620\ufe0f\ud83e\udd9c \n_ As of now i know 12 spoken languages and 7 coding languages, talk to me in whatever way you prefer#~#90#~#602#~#916399720360165378#~#None#~#3#~#0.0.0.0/0#~#C\u0338\u0344\u0359o\u0337\u0301\u035co\u0336\u031a\u0323k\u0335\u0315\u035ci\u0337\u033f\u0353e\u0338\u035d\u0333#~#166#~#null#~#False#~#121#~#False#~#False#~#False#~#False#~#null#~#null#~#1570301747
0xCrashX#~#Tue Jul 28 08:24:34 +0000 2015#~##~#14#~#1133#~#3299299802#~#None#~#0#~##~#Cash cocococo#~#60#~#null#~#False#~#1160#~#False#~#False#~#True#~#True#~#null#~#null#~#1570301747
0xdoz#~#Mon Jun 12 18:33:19 +0000 2017#~#still learning how to Exit Vim!#~#58#~#281#~#874333811160567808#~#None#~#0#~#localhost:1337#~#adouz#~#361#~#http://do02.tk/#~#False#~#2329#~#False#~#False#~#False#~#False#~#null#~#null#~#1570301750
0xf00df00d#~#Sun Mar 02 08:56:37 +0000 2014#~#not a script kiddie#~#544#~#440#~#2368586965#~#None#~#23#~#Mars#~#Palash#~#582#~#https://www.oswalpalash.com/#~#False#~#1469#~#False#~#False#~#False#~#False#~#null#~#null#~#1570301753
0xfc0#~#Sun May 21 23:43:11 +0000 2017#~#Bits reaper / pigeons aim trainer / husband %26 father / he-his#~#2#~#63#~#866439255731654656#~#None#~#0#~#subpool 229#~#cesco#~#82#~#null#~#False#~#328#~#False#~#False#~#True#~#False#~#null#~#null#~#1570301753
0xff03ca#~#Thu Mar 14 09:28:35 +0000 2019#~#Malware research is my hobby.#~#9#~#106#~#1106124958608982018#~#None#~#0#~##~#0xff03ca#~#1#~#null#~#False#~#28#~#False#~#False#~#False#~#False#~#null#~#null#~#1570301754
0xFF_255#~#Fri Oct 21 15:20:58 +0000 2016#~#\u30ea\u30c4\u30a4\u30fc\u30c8\u3063\u3066\u4fbf\u5229\u3060\u3088\u306d\u3002\u3067\u3082\u3001\u3044\u3044\u306d\u3068\u306e\u533a\u5225\u306b\u60a9\u3080\u3002CISSP\u52c9\u5f37\u4e2d\u3002\u305d\u308d\u305d\u308d\u672c\u683c\u7684\u306bctf\u3084\u308a\u305f\u3044\u3002\u767a\u8a00\u306f\u500b\u4eba\u306e\u898b\u89e3\u3067\u3059\u3002#~#97#~#283#~#789486644160147456#~#None#~#4#~#Fukuoka#~#\u30b5\u30de\u30f3\u30b5-\u3057\u3063\u304b\u308a\u8ee2\u8077\u6d3b\u52d5\u958b\u59cb\uff01#~#2755#~#https://hex-0xff-255.hatenablog.com/#~#False#~#1658#~#False#~#False#~#True#~#False#~#null#~#null#~#1570301755
0xffffe001#~#Wed Sep 17 15:42:04 +0000 2014#~#i'm here to learn#~#41#~#699#~#2773606162#~#None#~#0#~#oh it's easy to find out#~#you know my name#~#1#~#https://i-dont-have-site.com/#~#False#~#2946#~#False#~#True#~#False#~#False#~#null#~#null#~#1570301756
0xfr0gman#~#Wed Sep 19 01:08:29 +0000 2018#~##~#21#~#1196#~#1042218840141131776#~#None#~#0#~##~#0xfrogman#~#2#~#null#~#False#~#18#~#False#~#False#~#True#~#True#~#null#~#null#~#1570301756
0xFrost#~#Mon Jul 30 22:52:24 +0000 2018#~#I just like chasing ghosts into the world of 0's and 1's#~#1045#~#2303#~#1024065199391879168#~#None#~#23#~##~#Frost#~#2284#~#null#~#False#~#3002#~#False#~#False#~#False#~#False#~#null#~#null#~#1570301757
0xGiotis#~#Sat Apr 20 09:06:28 +0000 2019#~#I punch keyboards a lot. Sometimes in an effective order#~#10#~#665#~#1119527741592936448#~#None#~#0#~#Greece#~#Giotis#~#94#~#null#~#False#~#4#~#False#~#False#~#False#~#False#~#null#~#null#~#1570301757
0xhexman#~#Fri Oct 04 06:34:40 +0000 2019#~#python lover#~#0#~#16#~#1180008220930256898#~#None#~#0#~##~#hexm4n#~#2#~#null#~#False#~#2#~#False#~#False#~#True#~#False#~#null#~#null#~#1570301758
0xHobbes#~#Wed Oct 02 23:14:54 +0000 2019#~##~#4#~#213#~#1179535144438419458#~#None#~#0#~##~#Hobbes#~#0#~#null#~#False#~#0#~#False#~#False#~#True#~#True#~#null#~#null#~#1570301758
0xIntern#~#Tue Aug 06 18:04:18 +0000 2019#~#They say do what you like and the money will follow. Maybe I\u2019m just doing something wrong#~#85#~#295#~#1158800980487499776#~#None#~#0#~##~#Intern#~#53#~#null#~#False#~#190#~#False#~#False#~#True#~#False#~#null#~#null#~#1570301759
0xk0r4y#~#Thu Jun 14 15:17:32 +0000 2012#~##~#32#~#311#~#608307291#~#None#~#0#~#Turkey#~#Koray#~#0#~#null#~#False#~#61#~#False#~#False#~#False#~#False#~#null#~#null#~#1570301759
0xkkp#~#Mon Sep 13 16:14:26 +0000 2010#~##~#20#~#1136#~#190300625#~#None#~#0#~##~#Kevin#~#21#~#null#~#False#~#1#~#False#~#True#~#False#~#False#~#null#~#null#~#1570301760
0xLex0#~#Mon Feb 13 16:07:16 +0000 2017#~#News Reader - Cyborg#~#0#~#624#~#831172899901956097#~#None#~#0#~#Earth#~#Lex#~#188#~#null#~#False#~#77#~#False#~#True#~#False#~#False#~#null#~#null#~#1570301760
0xludar#~#Thu Jun 19 13:40:34 +0000 2014#~#Philomath#~#13#~#475#~#2576911531#~#None#~#0#~##~#Lahad Ludar#~#7#~#null#~#False#~#47#~#False#~#False#~#True#~#True#~#null#~#null#~#1570301761
0xmitthu#~#Thu Jul 04 13:34:49 +0000 2019#~#-- \ud83d\udcb0 %5B #0xZero2Hero %5D : a twitter thread for those who want to grow in infosec if you want to collab then just use this hashtag and tweet your stuff \ud83d\udc1e#~#10#~#48#~#1146774363330531328#~#None#~#0#~#view-source#~#\ud83d\udc1e#~#4#~#https://0ffensivemitthu.github.io/about#~#False#~#4#~#False#~#False#~#True#~#False#~#null#~#null#~#1570301761
0xmns#~#Sun Aug 26 01:56:47 +0000 2018#~##~#10#~#86#~#1033533687265206277#~#None#~#0#~##~#0xmns#~#48#~#null#~#False#~#64#~#False#~#False#~#True#~#False#~#null#~#null#~#1570301762
0xn0t#~#Wed Jun 27 07:09:14 +0000 2018#~#InfoSec student, always trying to learn as much as possible. Coffee fiend/snowboarder. I like the cold. Going nowhere fast.#~#49#~#281#~#1011869045115809792#~#None#~#0#~##~#DannyB#~#2367#~#null#~#False#~#1704#~#False#~#False#~#True#~#False#~#null#~#null#~#1570301762
0xN3X4N#~#Fri Feb 27 15:43:12 +0000 2015#~##~#2#~#46#~#3064407573#~#None#~#0#~##~#0XN3XAN#~#1#~#null#~#False#~#55#~#False#~#False#~#True#~#False#~#null#~#null#~#1570301763
0xNgigi#~#Sat Jan 24 03:46:01 +0000 2009#~#My opinions are my own;they don't reflect my employer. Trust.... they really don't#~#684#~#721#~#19430583#~#None#~#73#~##~#Stella#~#33610#~#https://www.stellangigi.com/#~#False#~#33104#~#False#~#False#~#False#~#False#~#null#~#null#~#1570301764
0xOFeder#~#Tue Sep 05 09:52:09 +0000 2017#~##~#14#~#45#~#905005622449635329#~#None#~#0#~##~#Ohad Feder#~#4#~#null#~#False#~#21#~#False#~#False#~#True#~#False#~#null#~#null#~#1570301764
0xoffset#~#Mon Jan 13 12:47:12 +0000 2014#~#Bsides Cairo Volunteer#~#21#~#168#~#2279063193#~#None#~#0#~#Cairo, Egypt#~#Osama Zidan#~#27#~#https://www.linkedin.com/in/osamazidan#~#False#~#61#~#False#~#False#~#True#~#False#~#null#~#null#~#1570301765
0xOMG#~#Thu Jan 31 11:13:27 +0000 2019#~#\u2622\ufe0f#~#3#~#171#~#1090931057036349440#~#None#~#0#~##~#0xOMG#~#0#~#null#~#False#~#2#~#False#~#False#~#False#~#False#~#null#~#null#~#1570301765
0xPEPE#~#Sun Sep 25 03:13:45 +0000 2016#~#Set theory/ASM/C/C#/RE/Crypto/infosec#~#208#~#1034#~#779881550125162496#~#None#~#0#~##~#0xPEPE#~#1232#~#http://www.bleedingedge.dev/#~#False#~#1798#~#False#~#False#~#False#~#False#~#null#~#null#~#1570301767
0xprice#~#Sun Jul 10 20:28:25 +0000 2011#~##~#40#~#190#~#333007560#~#None#~#4#~##~#0xprice#~#627#~#null#~#False#~#30#~#False#~#False#~#True#~#False#~#null#~#null#~#1570301767
0xradish#~#Thu Jul 27 12:19:47 +0000 2017#~#Anti-virus engineer#~#4#~#170#~#890547259611467776#~#None#~#0#~##~#radish#~#18#~#null#~#False#~#22#~#False#~#False#~#True#~#False#~#null#~#null#~#1570301768
0xShellPhil#~#Sun Nov 26 15:56:13 +0000 2017#~##Security researcher %26 #Developer. ~ Hack to learn, don't learn to hack. No need to be famous.#~#41#~#566#~#934813047507619840#~#None#~#0#~##~#Shell Phil#~#104#~#https://shellphil.com/#~#False#~#315#~#False#~#False#~#False#~#False#~#null#~#null#~#1570301771
0xtaake#~#Mon Apr 27 11:22:57 +0000 2015#~#Infosec and military stuff.#~#62#~#429#~#3212503097#~#None#~#2#~#Berlin, Deutschland#~#M.#~#65#~#null#~#False#~#127#~#False#~#False#~#False#~#False#~#null#~#null#~#1570301772
0xTHMS#~#Thu Aug 22 06:08:49 +0000 2013#~#Systems Administrator @ AS9036 \n\nLinux (Debian) user and lover for over a decade.\nCybersecurity %26 #infosec nerd.\n\nGolang, C, BASH, Python#~#216#~#1022#~#1690186922#~#None#~#3#~#127.0.0.1#~#0xTHMS#~#368#~#null#~#False#~#3594#~#False#~#False#~#False#~#False#~#null#~#null#~#1570301772
0xtris#~#Sat Jan 19 12:05:45 +0000 2019#~#Low level programming and exploitation#~#51#~#207#~#1086595565553631233#~#None#~#0#~##~#Tris#~#157#~#null#~#False#~#703#~#False#~#False#~#True#~#False#~#null#~#null#~#1570301773
0xuser1#~#Mon Jul 31 04:31:20 +0000 2017#~#Cyber Security Researcher\n\%22You never cant be too safe on the internet,,#~#26#~#437#~#891878924405403648#~#None#~#0#~##~#Ran Cherniavsky#~#10#~#null#~#False#~#751#~#False#~#True#~#False#~#False#~#null#~#null#~#1570301773
0xyukimm#~#Tue Dec 22 06:49:19 +0000 2015#~##~#3#~#138#~#4628775266#~#None#~#0#~#Myanmar#~#Yuki Myanmar#~#0#~#null#~#False#~#0#~#False#~#False#~#True#~#True#~#null#~#null#~#1570301774
0zte9#~#Sun Nov 27 14:04:20 +0000 2016#~#\u30bb\u30ad\u30e5\u30ea\u30c6\u30a3\u6210\u5206\u591a\u3081\u3002\nCISSP / PMP#~#41#~#467#~#802875707667816448#~#None#~#1#~##~#0zte9#~#289#~#null#~#False#~#10#~#False#~#False#~#False#~#False#~#null#~#null#~#1570301774
1097kai#~#Sun Nov 29 13:14:32 +0000 2015#~#\u30db\u30ef\u30a4\u30c8\u30cf\u30c3\u30ab\u30fc\u306b\u306a\u308a\u305f\u3044\u5b66\u751f\u3002\u305d\u306e\u305f\u3081\u306b\u8272\u3093\u306a\u3053\u3068\u3092\u5b66\u3093\u3067\u3044\u308b\u3046\u3061\u306b\u82f1\u8a9e\u304c\u5fc5\u8981\u3060\u3068\u6c17\u3065\u304d\u52c9\u5f37\u4e2d\u3002\u30d7\u30ed\u30b3\u30f3\u306a\u3069\u69d8\u3005\u306a\u3053\u3068\u306b\u6311\u6226\u3057\u3066\u3044\u308b\u3002python,c,seift\u30a2\u30bb\u30f3\u30d6\u30ea slack\u30cf\u30c3\u30ab\u30bd\u30f32\u4f4d\uff01\uff01#~#101#~#154#~#4399160772#~#None#~#1#~#Japan#~#Kaizawa\u2614#~#321#~#https://kai1098701.hatenablog.com/#~#False#~#815#~#False#~#False#~#False#~#False#~#null#~#null#~#1570301776
10janka#~#Sat Dec 03 17:50:57 +0000 2011#~##~#70#~#636#~#427565158#~#None#~#0#~##~#Defxj4#~#487#~#null#~#False#~#299#~#False#~#False#~#False#~#False#~#null#~#null#~#1570301776
10Papajojo#~#Mon Jan 08 17:49:09 +0000 2018#~##follow #autofollowback Bitcoin %26 crytpo enthusiast bounty Hunter#~#1062#~#2526#~#950424148341411840#~#None#~#5#~##~#Papajojo 10#~#2093#~#null#~#False#~#1169#~#False#~#False#~#True#~#False#~#null#~#null#~#1570301777
10veBethshaya#~#Sat Jan 26 09:03:16 +0000 2019#~#\u1d0d\u0280.\u0280\u1d0f\u0299\u1d0f\u1d1b#~#28#~#1379#~#1089086355924168707#~#None#~#0#~#Hong Kong#~#\u1d0d\u0280.\u0280\u1d0f\u0299\u1d0f\u1d1b#~#2#~#https://github.com/mr.robot#~#False#~#2#~#False#~#False#~#True#~#False#~#null#~#null#~#1570301777
1111ichiichi#~#Tue May 04 07:33:53 +0000 2010#~##~#30#~#190#~#139991859#~#None#~#0#~##~#ichiichite10#~#336#~#null#~#False#~#1503#~#False#~#True#~#True#~#False#~#null#~#null#~#1570301778
119_cpa#~#Tue Nov 20 00:52:34 +0000 2018#~#IT\u5c4b\u3055\u3093\u3002\u30a4\u30f3\u30b3\u5927\u597d\u304d\u3001SCP\u304c\u30de\u30a4\u30d6\u30fc\u30e0\u3002#~#100#~#386#~#1064682881417498625#~#None#~#1#~##~#\u3042#~#359#~#null#~#False#~#5726#~#False#~#False#~#True#~#False#~#null#~#null#~#1570301778
1314mylove#~#Fri Apr 14 07:33:21 +0000 2017#~##~#21#~#1093#~#852786841157738496#~#None#~#0#~##~#1314mylove#~#398#~#null#~#False#~#7#~#False#~#False#~#True#~#False#~#null#~#null#~#1570301779
132Nef#~#Wed Jan 09 05:38:31 +0000 2019#~#I am interested in things#~#41#~#1231#~#1082874237872996352#~#None#~#0#~##~#Nef132#~#3#~#null#~#False#~#3#~#False#~#False#~#True#~#False#~#null#~#null#~#1570301779
1337_taube#~#Wed Sep 13 06:55:53 +0000 2017#~##~#0#~#59#~#907860368508309504#~#None#~#0#~##~#1337_taube#~#0#~#null#~#False#~#0#~#False#~#False#~#False#~#False#~#null#~#null#~#1570301780
1337S00S#~#Fri Apr 29 20:30:47 +0000 2016#~#shitposter#~#62#~#297#~#726146735010111488#~#None#~#4#~##~#thomas - Amazon FC Ambassador \ud83d\udce6#~#3533#~#https://prohosting24.de/#~#False#~#23109#~#False#~#False#~#True#~#False#~#null#~#null#~#1570301784
13_3_7#~#Sun Feb 05 21:41:33 +0000 2012#~##~#8#~#210#~#484229960#~#None#~#0#~#%3F#~#Dr@v\u00f8sk#~#2#~#null#~#False#~#41#~#False#~#True#~#False#~#False#~#null#~#null#~#1570301785
13_jpn#~#Tue Jan 05 12:19:16 +0000 2016#~#\u7206\u767a\u3059\u308b\u306e\u3067\u5371\u967a\u3067\u3059\u3002\u0425\u043e\u0440\u043e\u0448\u0438\u0439 \u0431\u0430\u0439\u043a # #ThinkPad\u611b\u7528\u8005 #\u30b9\u30c85\u521d\u5fc3\u8005\u90e8 \u30d1\u30ba\u30c9\u30e9#~#84#~#123#~#4713513794#~#None#~#6#~##~#\u3080\u30fc\u3068\u3093(\u4e2d\u56fd\u88fd) \u267c#~#1255#~#null#~#False#~#638#~#True#~#False#~#True#~#False#~#null#~#null#~#1570301785
144_141#~#Sat Nov 05 13:54:44 +0000 2011#~##~#0#~#93#~#405564644#~#None#~#0#~##~#Kazuyoshi Ishii#~#0#~#null#~#False#~#3#~#False#~#True#~#True#~#True#~#null#~#null#~#1570301786
159bth#~#Thu Jan 21 05:59:27 +0000 2016#~#\u5173\u6ce8\u7ecf\u6d4e\uff0c\u4e09\u80d6\u52a8\u5411\uff0c\u770b\u5ddd\u666e\u53d1\u63a8#~#14#~#93#~#4831945186#~#None#~#2#~#\u5929\u671d#~#MOTO#~#226#~#null#~#False#~#176#~#True#~#False#~#True#~#False#~#null#~#null#~#1570301786
15wlady#~#Thu Sep 08 15:27:05 +0000 2011#~#Yd4lw\ud83d\ude09#~#6#~#199#~#370163276#~#None#~#0#~#-\\_(\%22/)_/-#~#SW-.-Y#~#13#~#null#~#False#~#11#~#False#~#True#~#False#~#True#~#null#~#null#~#1570301787
16chagokugoku#~#Sun Dec 03 13:28:41 +0000 2017#~#\u98f2\u3093\u3067\u305f#~#3#~#50#~#937312636990980097#~#None#~#0#~##~#16\u3061\u3083#~#129#~#null#~#False#~#4#~#False#~#False#~#True#~#False#~#null#~#null#~#1570301787
16mistariC#~#Tue May 14 08:14:24 +0000 2019#~##~#7#~#146#~#1128211947235749889#~#None#~#0#~##~#16mistariCS#~#0#~#null#~#False#~#91#~#False#~#False#~#True#~#False#~#null#~#null#~#1570301788
1717_jc#~#Tue Mar 01 18:23:01 +0000 2016#~##~#10#~#229#~#704733695354216451#~#None#~#0#~##~#JC Montilla#~#12#~#null#~#False#~#45#~#False#~#False#~#True#~#False#~#null#~#null#~#1570301788
1837214542e#~#Thu Feb 07 10:27:44 +0000 2019#~#lurkkkk#~#0#~#1#~#1093456268231086081#~#None#~#0#~##~#1837214542e#~#0#~#null#~#False#~#0#~#False#~#False#~#True#~#True#~#null#~#null#~#1570301789
192_0_2_0#~#Sat Jan 26 07:37:11 +0000 2019#~##~#5#~#54#~#1089064693254082561#~#None#~#0#~##~#Saranet(\u3055\u3089\u306d\u3063\u3068)#~#69#~#null#~#False#~#139#~#False#~#False#~#True#~#False#~#null#~#null#~#1570301789
196Ikuchil#~#Sun Nov 11 15:08:00 +0000 2012#~#M2 \u3053\u308c\u304b\u3089\u5f37\u304f\u306a\u308b\u3088\u3002\u30bb\u30ad\u30e5\u30ea\u30c6\u30a3\u306e\u304a\u52c9\u5f37\u3002\u6700\u8fd1\u306fRuby\u591a\u3081\u3002\u7814\u7a76\u306fVR\u3002#CODEBLUE '18'19\u5b66\u30b9\u30bf \u30df\u30cb\u30ad\u30e3\u30f3\u30d7'19 #minihardening#~#110#~#168#~#941506429#~#None#~#1#~#\u65e5\u672c\u5074#~#\u3044\u304f\u3061\u308b#~#757#~#https://thinline196.hatenablog.com/#~#False#~#181#~#False#~#False#~#False#~#False#~#null#~#null#~#1570301791
1984b0t#~#Thu Jul 27 21:48:15 +0000 2017#~#\ud83d\udcbb $ \ud835\ude99\ud835\ude8e\ud835\ude9b\ud835\ude95 -\ud835\ude8e '\ud835\udea0\ud835\ude91\ud835\ude92\ud835\ude95\ud835\ude8e(){\ud835\ude99\ud835\ude9b\ud835\ude92\ud835\ude97\ud835\ude9d\%22\\\ud835\udff9\ud835\udff9%5B\ud835\udff8\ud835\ude79\%22,\ud835\ude96\ud835\ude8a\ud835\ude99{(\ud835\ude9c\ud835\ude99\ud835\ude95\ud835\ude92\ud835\ude9d//,\%22 .,*\ud835\ude98\ud835\ude7e\ud835\udff6@\\\ud835\ude97\%22)%5B$_%5D}@\ud835\ude82=\ud835\ude96\ud835\ude8a\ud835\ude99{(\ud835\ude96\ud835\ude8a\ud835\ude99{$_%3F\ud835\ude8a\ud835\ude8b\ud835\ude9c$_-.\ud835\udffa:\ud835\ude9b\ud835\ude8a\ud835\ude97\ud835\ude8d\u00a0\ud835\udffe}@\ud835\ude82%5B$_*\ud835\udffd\ud835\udfff..$_*\ud835\udffd\ud835\udfff+\ud835\udffd\ud835\udffd%5D),\ud835\udffe}\ud835\udff7..\ud835\udff8\ud835\udff9;\ud835\ude9c\ud835\ude8e\ud835\ude95\ud835\ude8e\ud835\ude8c\ud835\ude9d$\ud835\ude9e,$\ud835\ude9e,$\ud835\ude9e,.\ud835\udff7}' \ud83d\udd25#~#789#~#1585#~#890690321507651585#~#None#~#14#~#Oceania %5B0x07C0%5D#~#R.1984#~#8456#~#null#~#False#~#52063#~#False#~#False#~#False#~#False#~#null#~#null#~#1570301791
19eRwInFr4nk88#~#Tue Apr 24 22:40:17 +0000 2018#~##~#6#~#91#~#988910526876004354#~#None#~#0#~#En la galaxia m\u00e1s lejana#~#3rWiN#~#31#~#null#~#False#~#459#~#True#~#True#~#True#~#False#~#null#~#null#~#1570301792
19Jonas93#~#Thu Jan 27 16:24:02 +0000 2011#~##~#28#~#306#~#243695011#~#None#~#2#~##~#Viwec#~#1146#~#null#~#False#~#1428#~#False#~#False#~#False#~#False#~#null#~#null#~#1570301792
19sangaku#~#Wed May 12 05:59:52 +0000 2010#~#\u54b2-Saki-\u306f\u3044\u3044\u305e\n\u5343\u8449\u30ed\u30c3\u30c6\u3001\u81ea\u8ee2\u8eca\u30ed\u30fc\u30c9\u30ec\u30fc\u30b9\u3001NFL\uff08OAK\uff09\u597d\u304d\n\u30a2\u30cb\u30e1\u3001\u6f2b\u753b\u3001\u58f0\u512a\u597d\u304d\u3002\u821e\u53f0\u63a2\u8a2a(\u54b2-Saki-)\n\u30c7\u30ec\u30de\u30b9\u3001\u30c7\u30ec\u30b9\u30c6\u3001FGO\u3001\u30b9\u30c8\u9b54\u5973\u3001\u30ac\u30eb\u30d1\u30f3\u3001\u7a7a\u306e\u5883\u754c\u3002\n\u591a\u7530\u674e\u8863\u83dc\u3001\u6728\u6751\u590f\u6a39\u62c5\u5f53P\u3001RT\u591a\u3081\u3067\u3059\u3002#~#1015#~#1199#~#142960862#~#None#~#49#~#\u8f3f\u6c34\u5e78\u5b50\u770c#~#\u4e00 \u4f11@\u30c7\u30ec\u540d\u53e4\u5c4b\u4e21\u65e5#~#196624#~#http://blog.livedoor.jp/uta_eri/#~#False#~#89784#~#True#~#False#~#False#~#False#~#null#~#null#~#1570301794
1bobtrue#~#Fri Mar 04 13:19:20 +0000 2011#~#Calmer than you are.#~#262#~#1145#~#260722465#~#None#~#2#~#Kent#~#bobtrue#~#11057#~#null#~#False#~#13663#~#False#~#False#~#False#~#False#~#null#~#null#~#1570301794
1e551551151#~#Wed May 20 01:56:42 +0000 2015#~#\u7406\u60f3\u7684\u306a\u751f\u304d\u65b9\u3092\u6c42\u3081\u3066\u3002#~#22#~#966#~#3220949107#~#None#~#0#~#\u304a\u3075\u3068\u3093#~#\u3057\u3083#~#2123#~#http://hitorigoto.org/#~#False#~#12252#~#True#~#True#~#False#~#False#~#null#~#null#~#1570301795
1funmbi#~#Sun Jul 15 09:44:56 +0000 2018#~##~#5#~#259#~#1018431209410580480#~#None#~#0#~##~#Fmb#~#48#~#null#~#False#~#32#~#False#~#False#~#True#~#True#~#null#~#null#~#1570301796
1JvRoznLH4Rey9y#~#Wed Feb 01 04:22:37 +0000 2017#~##~#0#~#15#~#826646914091225088#~#None#~#0#~##~#\u3053\u3046\u305b\u30fc#~#1#~#null#~#False#~#0#~#False#~#True#~#True#~#False#~#null#~#null#~#1570301796
1kaesekuchen#~#Sat Jul 16 18:43:24 +0000 2016#~##~#232#~#1384#~#754385963602808832#~#None#~#12#~##~#Mr. Kadse! \ud83d\ude3a#~#588#~#https://chrisblog.net/#~#False#~#112556#~#False#~#False#~#False#~#False#~#null#~#null#~#1570301798
1kSwingTrader#~#Thu Mar 22 15:02:31 +0000 2012#~#human who runs an automated robot trader. Often yells at Trump for being an idiot. Twitter is dead, Trump ruined it.#~#156#~#8#~#533213296#~#None#~#24#~##~#$ \ud83e\udd16\ud83d\udc14#~#8394#~#null#~#False#~#6015#~#False#~#False#~#True#~#False#~#null#~#null#~#1570301799
1LupeLaaw#~#Mon Nov 30 06:58:55 +0000 2015#~##~#3#~#309#~#4326273141#~#None#~#0#~##~#Lupe Laaw#~#66#~#null#~#False#~#37#~#False#~#False#~#True#~#False#~#null#~#null#~#1570301799
1nd1ct10n#~#Wed Jun 28 11:13:06 +0000 2017#~##~#1#~#91#~#880021230849576960#~#None#~#0#~##~#1nd1ct10n#~#14#~#null#~#False#~#4#~#False#~#False#~#True#~#True#~#null#~#null#~#1570301800
1ne_zero#~#Tue Mar 25 11:10:22 +0000 2014#~#Tech Enthusiast#~#18#~#208#~#2410835100#~#None#~#0#~#127.0.0.1#~#1zero#~#308#~#null#~#False#~#105#~#False#~#False#~#True#~#False#~#null#~#null#~#1570301800
1nnC3nt#~#Wed Sep 25 08:29:14 +0000 2019#~##~#7#~#377#~#1176775575567917057#~#None#~#0#~##~#1nn\u00d8c3nt#~#0#~#null#~#False#~#0#~#False#~#False#~#True#~#True#~#null#~#null#~#1570301801
1nsert_nam3#~#Mon Nov 06 20:15:11 +0000 2017#~#Hello, this is my twitter#~#14#~#131#~#927630460204675073#~#None#~#0#~##~#HF | h@\u0137\u034c\u034c\u034c\u034c\u034c\u034c\u034c\u034c\u034c\u034c\u034c\u034c\u034c\u034cz#~#23#~#null#~#False#~#1678#~#False#~#False#~#False#~#False#~#null#~#null#~#1570301801
1NV65510N#~#Mon May 26 18:03:04 +0000 2008#~#x0x0x0#~#132#~#1842#~#14911573#~#None#~#2#~#Worldwide#~#INVASI0N#~#19#~#https://twitter.com/#~#False#~#14#~#False#~#False#~#False#~#False#~#null#~#null#~#1570301802
1og_re#~#Mon Oct 01 04:06:59 +0000 2018#~##~#30#~#481#~#1046612414630772736#~#None#~#0#~#\u65e5\u672c#~#1og#~#0#~#null#~#False#~#1#~#False#~#False#~#True#~#False#~#null#~#null#~#1570301803
1point8t#~#Sun Nov 21 02:30:42 +0000 2010#~#SecOps#~#2#~#193#~#217979653#~#None#~#0#~#Canada#~#AnthC#~#1#~#null#~#False#~#23#~#False#~#True#~#True#~#True#~#null#~#null#~#1570301803
1uanWu#~#Sun Oct 30 10:49:01 +0000 2016#~##~#4#~#422#~#792679695510827008#~#None#~#0#~##~#luanwu#~#2#~#null#~#False#~#5#~#False#~#False#~#True#~#True#~#null#~#null#~#1570301804
1UX10#~#Thu Sep 16 01:09:18 +0000 2010#~##~#25#~#1481#~#191269246#~#None#~#0#~#M\u00e9xico#~#1UX10#~#90#~#null#~#False#~#58#~#False#~#True#~#False#~#False#~#null#~#null#~#1570301804
1vs1m8#~#Sun Feb 14 05:21:34 +0000 2010#~#I like Physics and Astronomy #Java, #CSharp %26 #Python #Developer #Gamer#~#35#~#248#~#114112518#~#None#~#2#~#Mexicali, Baja California#~#Benjamin urie#~#295#~#null#~#False#~#469#~#False#~#True#~#False#~#False#~#null#~#null#~#1570301805
1ZRR4H#~#Sat May 02 00:36:28 +0000 2009#~#\ud83d\udc7e Threat Intel | Red Team | Malware Hunter | Security Research \ud83e\udd89 I+D+I en https://www.cronup.com/ #~#1088#~#1638#~#37090957#~#None#~#24#~#Chile#~#Germ\u00e1n Fern\u00e1ndez \ud83c\udde8\ud83c\uddf1#~#18651#~#https://medium.com/%401ZRR4H/#~#False#~#1104#~#False#~#False#~#False#~#False#~#null#~#null#~#1570301808
1zrrah#~#Thu Sep 30 19:09:32 +0000 2010#~##~#2#~#10#~#197142170#~#None#~#0#~##~#Digital Security CL#~#0#~#null#~#False#~#0#~#False#~#False#~#True#~#True#~#null#~#null#~#1570301808
2004Mcampos#~#Sun Dec 16 01:04:14 +0000 2018#~##~#4#~#83#~#1074107902946934785#~#None#~#0#~##~#Max Brasil ICS Cyber#~#23#~#null#~#False#~#192#~#False#~#False#~#True#~#False#~#null#~#null#~#1570301808
200_okay_#~#Sun Mar 20 16:10:09 +0000 2011#~#Digital custodial engineer. \nmany interest, much cyber.#~#76#~#640#~#269352386#~#None#~#3#~#I tweet remotely#~#bob barker#~#259#~#null#~#False#~#4362#~#False#~#False#~#False#~#False#~#null#~#null#~#1570301809
20110415#~#Thu Apr 14 00:43:20 +0000 2011#~#\u306a\u3093\u3061\u3083\u3063\u3066CSIRT\u8981\u54e1\n\u65e5\u3005\u30bb\u30ad\u30e5\u30ea\u30c6\u30a3\u60c5\u5831\u3092Watch\u4e2d#~#15#~#88#~#281804758#~#None#~#0#~##~#\u3046\u3043\u3063\u3059#~#15#~#null#~#False#~#286#~#False#~#False#~#False#~#False#~#null#~#null#~#1570301809
2015bakamama#~#Thu Nov 12 15:45:23 +0000 2015#~#\u4eca\u306f\u6614\u3001\u30cb\u30d5\u30c6\u30a3\u306eFARION\u30d5\u30a9\u30fc\u30e9\u30e0\u3067\u300c\u9b3c\u3068\u5996\u602a\u300d\u4f1a\u8b70\u5ba4\u3067\u8b70\u9577\u3092\u3057\u3066\u3044\u305f\u3001\u3070\u304b\u307e\u307e\u3067\u3059\u3002\u5f53\u6642\u3001\u3055\u3063\u3071\u308a\u610f\u5473\u304c\u308f\u304b\u3089\u306a\u3044\u306e\u306b\u300c\u6708\u520aASKII\u300d\u3092\u56f3\u66f8\u9928\u3067\u8aad\u3093\u3067\u3044\u3066\u3001\u300c\u3070\u304b\u30d1\u30d1\u306e\u7269\u3092\u8cb7\u3044\u7269\u300d\u306b\u60f9\u304b\u308c\u3001\u30e1\u30fc\u30eb\u3067\u300c\u540d\u4ed8\u3051\u65b9\u3092\u62dd\u501f\u3057\u307e\u3059\u300d\u3068\u9001\u3063\u3066\u3001\u3070\u304b\u307e\u307e\u3092\u540d\u4e57\u308a\u59cb\u3081\u307e\u3057\u305f\u3002\u53d6\u5f97\u8cc7\u683c\u30fb\u30fb\u30fb\u4ecb\u8b77\u798f\u7949\u58eb\u3002\u4ecb\u8b77\u652f\u63f4\u5c02\u9580\u54e1\u3002#~#373#~#970#~#4213774392#~#None#~#19#~##~#FARION\u3067\u3070\u304b\u307e\u307e\u3060\u3063\u305f\u8005#~#674#~#http://bakamama.b.la9.jp/#~#False#~#171229#~#False#~#False#~#True#~#False#~#null#~#null#~#1570301811
220242#~#Tue Dec 29 16:07:32 +0000 2009#~##~#10#~#56#~#100258010#~#None#~#1#~##~#AlchemisT#~#14#~#null#~#False#~#10#~#True#~#False#~#False#~#False#~#null#~#null#~#1570301811
229_500#~#Sat Mar 30 08:36:03 +0000 2019#~##~#0#~#16#~#1111909943911682048#~#None#~#0#~##~#229_500#~#0#~#null#~#False#~#0#~#False#~#False#~#True#~#False#~#null#~#null#~#1570301812
22f4a5bab0f2412#~#Fri Apr 25 08:10:51 +0000 2014#~##~#5#~#8#~#2507912356#~#None#~#0#~##~#Tudorel Iancu#~#0#~#null#~#False#~#1#~#False#~#False#~#True#~#True#~#null#~#null#~#1570301812
247charlie#~#Tue Jan 26 01:55:45 +0000 2010#~#I suppose I should write something here.#~#27#~#286#~#108473308#~#None#~#0#~##~#charlie rysenga#~#255#~#null#~#False#~#106#~#False#~#True#~#False#~#False#~#null#~#null#~#1570301813
24fanlover#~#Sat Jan 23 21:24:10 +0000 2010#~#IRL name: Tommy Nielsen \n|DK| Host/mod people on twitch any question feel free to ask#~#371#~#1168#~#107819949#~#None#~#11#~#denmark-,Odense#~#24fanlover#~#8797#~#null#~#False#~#7997#~#False#~#False#~#False#~#False#~#null#~#null#~#1570301813
24itworld1#~#Fri Mar 16 20:55:41 +0000 2018#~##24itworld is independent technology blog founded by project manager and telecommunications engineer \ud83d\udc69\u200d\ud83d\udcbb\ud83d\udc69\u200d\ud83d\udcbb \u231a\ufe0f\ud83e\udde0Next review: #smartwatch \u231a\ufe0f\ud83e\udde0#~#438#~#3555#~#974751078590877696#~#None#~#7#~#Slovenija, Ljubljana#~#24itworld#~#1833#~#https://24itworld.wordpress.com/#~#False#~#3009#~#False#~#False#~#False#~#False#~#null#~#null#~#1570301814
2508040397Yy#~#Wed Nov 02 23:46:18 +0000 2016#~#Cyber security enthusiasts.Looking for interesting samples in open source intelligence#~#35#~#141#~#793962470096314369#~#None#~#0#~#Amsterdam, The Netherlands#~#yy c#~#378#~#null#~#False#~#25#~#False#~#False#~#False#~#False#~#null#~#null#~#1570301814
256Aes#~#Thu Oct 03 05:34:01 +0000 2019#~##~#1#~#44#~#1179630607351078912#~#None#~#0#~##~#AES-256-CBC#~#0#~#null#~#False#~#0#~#False#~#False#~#True#~#True#~#null#~#null#~#1570301815
25thhour#~#Wed Mar 21 15:48:32 +0000 2007#~#Web Dev Manager @ Kathmandu#~#397#~#2256#~#1761301#~#None#~#8#~#Christchurch#~#James Deane#~#3532#~#https://www.kathmandu.co.nz/#~#False#~#472#~#False#~#False#~#False#~#False#~#null#~#null#~#1570301816
27ideas1#~#Thu Mar 14 14:51:07 +0000 2019#~#\ud83d\udd34 27 TOP! SMALL MANGALSUTRA DESIGN Ideas https://www.youtube.com/watch?v=NkMKh1SeW4E%26feature=youtu.be #~#2#~#5#~#1106206124452261888#~#None#~#0#~##~#27ideas#~#419#~#null#~#False#~#0#~#False#~#False#~#True#~#False#~#null#~#null#~#1570301818
