00_#~#Sat Feb 02 00:27:56 +0000 2013#~#\u6771\u5927IS18er \u2190 CERN ROOT\u30c1\u30fc\u30e0 \u2190 IS17er \u2190 \u90fd\u7acb\u897f\u9ad867\u671f / igrs\u7814 / TSG / \u8da3\u5473\u2192@c20#~#2665#~#1087#~#1141089031#~#None#~#64#~#Setagaya-ku, Tokyo#~#Yuka Takahashi#~#3404#~#https://yamaguchi1024.github.io/#~#False#~#2557#~#False#~#False#~#True#~#False#~#null#~#null#~#1571074419
0000000ffg#~#Wed Aug 10 11:20:05 +0000 2011#~#InfoSec // Cloud // IT#~#150#~#250#~#352265750#~#None#~#7#~#London, England#~#E:\\mile Garcia \ud83c\uddea\ud83c\uddfa#~#135#~#null#~#False#~#2004#~#False#~#False#~#False#~#False#~#null#~#null#~#1571074419
00001B1A#~#Thu Apr 28 00:24:35 +0000 2016#~#\u30b5\u30a4\u30d0\u30fc\u30bb\u30ad\u30e5\u30ea\u30c6\u30a3\u306a\u304a\u4ed5\u4e8b\u304c\u597d\u304d\u306a\u4eba\u30022003~2017\u306f\u30bb\u30ad\u30e5\u30ea\u30c6\u30a3\u30d9\u30f3\u30c0\u30fc\u3067\u30a4\u30f3\u30b7\u30c7\u30f3\u30c8\u30cf\u30f3\u30c9\u30ea\u30f3\u30b0\u3001\u4e0d\u6b63\u30d7\u30ed\u30b0\u30e9\u30e0\u306e\u89e3\u6790\u3001\u81ea\u793eCSIRT\u306e\u6280\u8853\u8cac\u4efb\u8005\u306a\u3069\u3092\u62c5\u5f53\u3002\u73fe\u5728\u306f\u30e6\u30fc\u30b6\u30fc\u4f01\u696dCSIRT\u306e\u4e2d\u306e\u4eba\u3002 GCTI\u3002\u30d0\u30a4\u30ca\u30ea\u30a2\u30f3\u3002\u5c71\u5c5e\u6027\u3002 https://docs.google.com/spreadsheets/d/1XoFHZPZsU3HPxLuwH50QFJw4ToGDypkL-D_bFf3lhO8/edit #~#656#~#551#~#725480796983717891#~#None#~#14#~#Japan#~#_roku_#~#1275#~#null#~#False#~#5253#~#True#~#False#~#False#~#False#~#null#~#null#~#1571074421
000gearz#~#Thu Sep 25 18:40:49 +0000 2008#~#Morally Serious Person#~#1707#~#2144#~#16455190#~#None#~#7#~##~#Dr. James Gears#~#82257#~#null#~#False#~#166435#~#False#~#False#~#False#~#False#~#null#~#null#~#1571074421
001bordam#~#Sun Dec 29 19:23:32 +0000 2013#~#BSidesOK IWS FRC2395 OKBest Sooner TM ISSA OKC#~#80#~#2052#~#2267803820#~#None#~#0#~#planet earth#~#mxmadrob100#~#227#~#http://www.jtecwest.com/#~#False#~#38#~#False#~#True#~#True#~#False#~#null#~#null#~#1571074422
001SCL#~#Thu Jun 25 10:00:26 +0000 2015#~#Just a happy surfer who's hunting %26 gathering the interweb. None of these tweets make any sense, if they do, that's on you.#~#93#~#307#~#3345259539#~#None#~#3#~#Belgium#~#Sven Claessens#~#0#~#null#~#False#~#120#~#True#~#False#~#False#~#False#~#null#~#null#~#1571074423
001sec#~#Sat Mar 19 05:00:23 +0000 2016#~#4:9 And saith unto him, All these things will I give thee, if thou wilt fall down and worship me.#~#49#~#560#~#711054687957553152#~#None#~#27#~#New York, NY#~#9#~#922#~#null#~#False#~#164#~#True#~#False#~#False#~#False#~#null#~#null#~#1571074423
001SPARTaN#~#Thu Apr 30 19:54:52 +0000 2009#~#Operator @SpecterOps. Speedskater, intersectional feminist, hacker. 99% caffeine. Tweets are mine, don't blame my employer. He/him.#~#3142#~#2477#~#36754406#~#None#~#77#~#root@127.0.0.1:~##~#SPARTaN#~#2188#~#https://medium.com/%40001SPARTaN#~#False#~#5093#~#False#~#False#~#False#~#False#~#null#~#null#~#1571074424
004nino#~#Fri May 16 19:49:55 +0000 2014#~#Retrait\u00e9.\u00c9galit\u00e9,fraternit\u00e9,justice,libert\u00e9,nationaliste,neutre.#~#7160#~#7884#~#2499735536#~#None#~#3262#~#Qu\u00e9bec, Canada#~#Jean Lebrun#~#188026#~#null#~#False#~#4167#~#True#~#False#~#True#~#False#~#null#~#null#~#1571074425
007#~#Wed Oct 12 02:17:35 +0000 2011#~#The official James Bond Twitter account. NO TIME TO DIE, gun barrel logo and related James Bond Indicia \u00a9 Danjaq and MGM.#~#493378#~#0#~#389229444#~#None#~#2537#~##~#James Bond#~#4409#~#null#~#True#~#27#~#True#~#False#~#False#~#False#~#null#~#null#~#1571074425
007_vasu#~#Sat Jul 27 07:38:39 +0000 2013#~#A Hindustani First. A Positive person. A Nature lover. A pet lover. JaiHind#~#39#~#898#~#1624894142#~#None#~#1#~##~#Vasu#~#1969#~#null#~#False#~#955#~#True#~#False#~#True#~#False#~#null#~#null#~#1571074427
00edit#~#Thu Sep 03 05:53:02 +0000 2009#~#~\u03a6~ composer: Deus Ex: Breach, Neotokyo, Tsioque etc. audio engineer, programmer, creator https://0edit.com.au/ https://soundcloud.com/ed-harrison ~\u03a6~#~#5102#~#5606#~#71184745#~#None#~#58#~#Sydney, Australia#~#Ed Harrison#~#564#~#https://0edit.com.au/#~#False#~#1368#~#False#~#False#~#False#~#False#~#null#~#null#~#1571074430
00SystemError00#~#Wed Aug 15 00:12:29 +0000 2012#~#Security Researcher#~#34#~#184#~#758161764#~#None#~#0#~#Cairo, Egypt#~#Ahmed Adel#~#58#~#null#~#False#~#695#~#True#~#False#~#False#~#True#~#null#~#null#~#1571074431
00willo#~#Fri Jun 28 07:55:26 +0000 2013#~##cyber security minion @PentenCyber #Pythonista#~#79#~#544#~#1552517066#~#None#~#3#~#Australia#~#Graham Williamson#~#115#~#null#~#False#~#388#~#False#~#False#~#True#~#False#~#null#~#null#~#1571074431
00x003FA#~#Tue Mar 13 14:14:25 +0000 2018#~#Cyber Security Professional.#~#55#~#520#~#973562932620443648#~#None#~#0#~#Vashi, Navi Mumbai#~#Manpreet Singh#~#5#~#null#~#False#~#25#~#False#~#False#~#True#~#False#~#null#~#null#~#1571074431
00xCiara#~#Sat Mar 24 22:10:07 +0000 2012#~#\ud83c\udf08\ud83c\uddee\ud83c\uddea\ud83e\udd84\ud83d\udc8e\ud83e\udd42\ud83d\udc69\ud83c\udffb\u200d\ud83d\udcbb \n\nMy Views are my own.#~#207#~#527#~#535757512#~#None#~#2#~#Dublin, Ireland#~#Ciara \u2369#~#1463#~#null#~#False#~#5248#~#True#~#False#~#False#~#False#~#null#~#null#~#1571074432
00xHEX#~#Sun Sep 29 19:01:09 +0000 2019#~#nobody#~#21#~#167#~#1178384143366983680#~#None#~#0#~#bologna#~#/dev/null#~#206#~#https://cyberpunksolutions.blogspot.com/#~#False#~#98#~#False#~#False#~#True#~#False#~#null#~#null#~#1571074433
00xou#~#Tue Jun 10 18:21:07 +0000 2008#~##~#56#~#244#~#15075875#~#None#~#3#~#NYC / HAM / Other#~#00xou#~#339#~#null#~#False#~#80#~#True#~#False#~#False#~#False#~#null#~#null#~#1571074433
0_1_0_1_0_0_0_0#~#Sun Feb 15 23:21:34 +0000 2009#~#I tweet about bad stuff. And not so bad stuff. Also about good stuff. And some other stuff too.#~#352#~#244#~#20946500#~#None#~#13#~##~#J#~#1009#~#null#~#False#~#691#~#True#~#False#~#False#~#False#~#null#~#null#~#1571074434
01010000_kumar#~#Tue Jul 03 07:22:03 +0000 2018#~#'''A mere explorer of infinity, in the pursuit of absolute perfection'''#~#18#~#132#~#1014046596491694080#~#None#~#0#~##~#Prabhat Kumar#~#163#~#null#~#False#~#946#~#False#~#False#~#False#~#False#~#null#~#null#~#1571074434
0101ivier#~#Fri Feb 24 15:47:57 +0000 2012#~#Retrait\u00e9 du @labomedia #WeMakePoem with #FLOSS #Puredata #Processing #Python #p5js #Piano #PGP 0x3E879BC3#~#316#~#589#~#501889358#~#None#~#56#~#Berlin-sur-Sa\u00f4ne#~#01ivier#~#653#~#https://yamatierea.org/#~#False#~#216#~#False#~#False#~#False#~#False#~#null#~#null#~#1571074435
015H1#~#Fri Jul 22 23:45:54 +0000 2011#~##~#31#~#1448#~#340601664#~#None#~#0#~##~#015H1#~#61#~#null#~#False#~#5#~#False#~#True#~#False#~#False#~#null#~#null#~#1571074436
01ra66it#~#Fri Oct 03 05:29:33 +0000 2014#~#Miaj tweets enhavas \u015dercon. \u0108i tiu tweet estas persona opinio, ne oficiala opinio de la organizo. Mi estas hacker kun mensa malsano.\ud83d\udc80#~#589#~#639#~#2838667800#~#None#~#32#~#Gold Coast, Queensland#~#Mr.Rabbit@Perdanto#~#20735#~#http://ra66itblog.hateblo.jp/#~#False#~#11849#~#False#~#False#~#False#~#False#~#null#~#null#~#1571074437
0_1VitthalS#~#Thu Feb 02 13:54:00 +0000 2017#~#Cyber Security Enthusiastic\n#Its_all_Binary#~#260#~#1142#~#827153094681165824#~#None#~#2#~#Pune, India#~#Vitthal Shinde\ud83c\uddee\ud83c\uddf3#~#875#~#null#~#False#~#1385#~#False#~#False#~#True#~#False#~#null#~#null#~#1571074437
026UR02#~#Sun Dec 13 10:21:38 +0000 2015#~#Security nerd , Data Acquisition Tools and Mobile forensics expert#~#113#~#301#~#4469260156#~#None#~#6#~#Guangdong, People's Republic of China#~#Ozgur Oz#~#149#~#null#~#False#~#25#~#False#~#False#~#True#~#False#~#null#~#null#~#1571074438
02_KellyV#~#Sat Oct 13 20:27:20 +0000 2012#~#Avenger \ud83e\udd18\ud83c\udffb Saxophonist \ud83c\udfb7 Web Developer \ud83d\udcbb IoT \ud83d\udee1 CyberSecurity Research \ud83d\udc69\u200d\ud83d\udcbb (OWASP LatamTour Speaker)#~#588#~#518#~#878623226#~#None#~#10#~#Colombia#~#Kelly Villa#~#675#~#http://kellyvilla.me/#~#False#~#1446#~#True#~#False#~#False#~#False#~#null#~#null#~#1571074439
0301#~#Wed Mar 04 23:04:50 +0000 2009#~#i\u2019m just here to listen#~#248#~#2395#~#22850005#~#None#~#9#~#arendal, norge#~#christian jacobsen#~#710#~#null#~#False#~#282#~#False#~#False#~#True#~#False#~#null#~#null#~#1571074439
037#~#Sun May 11 23:50:19 +0000 2008#~#BS CSE. Creator of https://spuz.me/ + https://sploit.io/ . ( http://pgp.mit.edu/ ): 0xF5BB7156#~#654#~#43#~#14738190#~#None#~#5#~#San Francisco, CA#~#\u26a1\ufe0f#~#1172#~#https://spuz.me/about/#~#False#~#2950#~#False#~#False#~#False#~#False#~#null#~#null#~#1571074441
_043#~#Thu May 22 15:31:38 +0000 2008#~#just another twitterer. those tweets are neither my opinion, nor my employer's#~#102#~#760#~#14869550#~#None#~#14#~#Seattle#~#_043#~#4236#~#null#~#False#~#807#~#False#~#False#~#False#~#True#~#null#~#null#~#1571074442
04R34L#~#Thu Oct 16 14:01:24 +0000 2014#~##~#47#~#313#~#2834136844#~#None#~#0#~##~#Amy Farley#~#119#~#null#~#False#~#139#~#False#~#False#~#True#~#False#~#null#~#null#~#1571074442
051R15#~#Wed May 27 13:07:31 +0000 2009#~#Researcher in Korea Financial Security Institute#~#387#~#245#~#42877119#~#None#~#16#~#Seoul, KOREA#~#Minchang Jang#~#262#~#https://www.facebook.com/mins4416#~#False#~#384#~#True#~#False#~#False#~#False#~#null#~#null#~#1571074443
0539Pql#~#Fri Jun 08 17:27:20 +0000 2018#~#Into all sorts of programming and exploitation.#~#75#~#46#~#1005139223748530176#~#None#~#0#~#The Netherlands#~#pql#~#27#~#null#~#False#~#3#~#False#~#False#~#False#~#False#~#null#~#null#~#1571074444
06080606106071b#~#Tue Sep 18 05:25:27 +0000 2018#~#ben egemen bilim, nas\u0131l\u0131m%3F#~#93#~#385#~#1041921117643059200#~#None#~#0#~##~#e#~#1760#~#null#~#False#~#11005#~#False#~#False#~#True#~#False#~#null#~#null#~#1571074444
06it0#~#Fri Mar 31 08:28:01 +0000 2017#~##infosec, #paragliding, #anime, #rum /*not an anonymous account, DMs are open, my words are my responsibility*/#~#20#~#103#~#847727168486424580#~#None#~#0#~##~#06it0#~#40#~#null#~#False#~#113#~#True#~#False#~#False#~#False#~#null#~#null#~#1571074445
0775514784Berk1#~#Tue Mar 20 09:03:30 +0000 2018#~#3la simplits#~#2#~#34#~#976021402708008960#~#None#~#0#~##~#0775514784Berkani Djelloul#~#45#~#null#~#False#~#12#~#False#~#False#~#True#~#False#~#null#~#null#~#1571074445
07c00#~#Mon Apr 05 05:38:32 +0000 2010#~##~#1577#~#167#~#129716868#~#None#~#124#~##~#\u611b\u7532\u5065\u4e8c\uff08KenjiAiko\uff09#~#1431#~#null#~#False#~#1395#~#False#~#False#~#True#~#False#~#null#~#null#~#1571074446
0977Luai#~#Mon Sep 14 07:01:38 +0000 2015#~##~#32#~#463#~#3557595372#~#None#~#0#~##~#Luai Taha#~#45#~#null#~#False#~#158#~#False#~#False#~#True#~#True#~#null#~#null#~#1571074446
0a29#~#Mon Oct 31 14:14:52 +0000 2011#~##~#53#~#0#~#402070750#~#None#~#4#~##~#0a29#~#19#~#null#~#False#~#0#~#False#~#False#~#True#~#False#~#null#~#null#~#1571074446
0ang3el#~#Wed May 11 17:03:15 +0000 2016#~#Security researcher %26 bug hunter#~#1452#~#408#~#730443161479286786#~#None#~#21#~##~#Mikhail Egorov#~#387#~#null#~#False#~#2028#~#False#~#False#~#True#~#False#~#null#~#null#~#1571074447
0axx3ss#~#Fri May 15 17:53:39 +0000 2009#~##MalwareDissector\n#ThreatResearcher\n#CoffeeLover\n#TechGeek\n\nTweets are my own.#~#302#~#944#~#40293108#~#None#~#4#~##~#0axx3ss#~#662#~#https://0axx3ss.wordpress.com/#~#False#~#3249#~#False#~#False#~#False#~#False#~#null#~#null#~#1571074448
0b10111#~#Wed Feb 03 10:55:55 +0000 2016#~#Machine Learning at the University of Bristol#~#271#~#2057#~#4873684235#~#None#~#19#~#Bristol, England#~#Ryan McConville#~#411#~#https://seis.bristol.ac.uk/~rm17770/#~#False#~#503#~#False#~#False#~#False#~#False#~#null#~#null#~#1571074450
0bfusCat#~#Tue Apr 10 18:40:14 +0000 2012#~#Malware Researcher | Threat hunter | Mobile Security.\n#infosec #cybersecurity #Cats \nAll opinions are my own:)#~#199#~#55#~#550342685#~#None#~#2#~##~#Obfu$Cat#~#47#~#null#~#False#~#77#~#False#~#False#~#False#~#False#~#null#~#null#~#1571074451
0bscureC0de#~#Thu Aug 31 11:48:33 +0000 2017#~#Malware researcher, electronics geek, IoT enthusiast, programmer, drone lover and machine learning fan. \ud83d\ude0e\u00a0Just hunting malware for fun!#~#446#~#352#~#903222978212659200#~#None#~#14#~#Bogot\u00e1, D.C., Colombia#~#Felipe Duarte#~#250#~#https://0bscurec0de.blog/#~#False#~#415#~#False#~#False#~#False#~#False#~#null#~#null#~#1571074452
0bsolescence#~#Thu Sep 01 22:14:54 +0000 2011#~#...the world kept turning...only we ended.#~#38#~#227#~#366281529#~#None#~#1#~#PNW#~#Daniel Miller#~#292#~#https://about.me/dan.lee.miller#~#False#~#82#~#False#~#False#~#False#~#False#~#null#~#null#~#1571074453
0bswerve#~#Wed Jul 30 13:43:23 +0000 2014#~#Security enthusiast, red teamer#~#33#~#201#~#2692922586#~#None#~#2#~##~#Trea Z#~#86#~#null#~#False#~#145#~#False#~#False#~#False#~#False#~#null#~#null#~#1571074453
0Btemos_BHS#~#Thu May 29 01:13:24 +0000 2014#~#Malware Analyst %26 Reverse Engineering Author #0BTEMOS(Tracker) ...#~#567#~#95#~#2570023247#~#None#~#10#~#0x040000#~#Touhami Kasbaoui#~#396#~#http://0btemoslab.com/#~#False#~#1536#~#False#~#False#~#False#~#False#~#null#~#null#~#1571074454
0BurkeBlack0#~#Mon Jun 24 04:52:25 +0000 2013#~#Pirate Captain, @twitch Partner, and seeker of awesome people Email: burkeblack@opg.tv https://burkeblack.tv/ #~#32134#~#438#~#1542528403#~#None#~#99#~#Contact:burkeblack@opg.tv#~#BurkeBlack#~#10142#~#https://www.twitch.tv/burkeblack#~#False#~#8439#~#False#~#False#~#False#~#False#~#null#~#null#~#1571074456
0calik#~#Fri Apr 01 18:05:25 +0000 2011#~##Developpeur #Java #PHP #Linux #Node #Gaming#~#189#~#1040#~#275645440#~#None#~#31#~#010001000101010001000011#~#Ocalik \u03c0#~#2096#~#null#~#False#~#4254#~#False#~#False#~#False#~#False#~#null#~#null#~#1571074456
0charactersleft#~#Sun Jan 01 19:40:30 +0000 2012#~#Proud to be helping improve education with Project Honeycomb. Ex-product owner of @talksuitebot. DMs are always open. He/Him.#~#46#~#63#~#452382026#~#None#~#0#~##~#James Williams#~#94#~#https://projecthoneycomb.org/#~#False#~#62#~#True#~#False#~#False#~#False#~#null#~#null#~#1571074457
0ciberpatrulla#~#Sun Apr 08 18:44:45 +0000 2018#~##CIBERPATRULLA #CIBERINVESTIGACI\u00d3N #OSINT #FORMACION #POLICIA#~#2349#~#0#~#983053049164959744#~#None#~#51#~##~#Julian GL#~#742#~#https://ciberpatrulla.com/#~#False#~#687#~#False#~#False#~#True#~#False#~#null#~#null#~#1571074459
0cmma0#~#Sat Dec 31 16:52:59 +0000 2016#~##~#1#~#402#~#815239338795495425#~#None#~#0#~##~#Zero#~#0#~#null#~#False#~#89#~#False#~#True#~#True#~#False#~#null#~#null#~#1571074459
0ctac0der#~#Tue Apr 15 10:51:36 +0000 2014#~#Founder - ENCIPHERS | Information Security Researcher#~#1823#~#155#~#2445275749#~#None#~#31#~#India#~#Abhinav | 0ctac0der#~#2877#~#https://enciphers.com/#~#False#~#1550#~#True#~#False#~#False#~#False#~#null#~#null#~#1571074460
0ctavia4nX#~#Tue Feb 17 20:47:59 +0000 2015#~#Cyber Security Analyst. Mobile Forensics Analyst. Grad Student.#~#56#~#167#~#3043555581#~#None#~#4#~#New Yorker in Jersey#~#Emz#~#118#~#null#~#False#~#776#~#False#~#False#~#False#~#False#~#null#~#null#~#1571074461
0ctopu5#~#Mon Sep 08 15:09:09 +0000 2008#~#Carbon-based life form, seething introvert, retired journalist, sailor, InfoSec pro, guitar slinger, cat wrangler, father. Thoughts here are my own (fancy that)#~#1483#~#166#~#16185550#~#None#~#37#~#NC, mostly#~#Chris#~#3129#~#https://www.0ctopu5.com/#~#False#~#77#~#False#~#False#~#False#~#False#~#null#~#null#~#1571074464
0Cyberphunk0#~#Thu Jan 24 17:44:53 +0000 2019#~#Cyberpunk, without the dystopia#~#65#~#0#~#1088492851283947520#~#None#~#0#~#Cybertrapsville#~#Cyber.Phunk#~#11#~#https://soundcloud.com/cyber-phunk#~#False#~#2#~#False#~#False#~#True#~#False#~#null#~#null#~#1571074465
0d1n_rc#~#Sun Jun 23 07:12:43 +0000 2013#~#Blue Team/Security Analyst, Lover of all things Unix/Linux, gamer, and perpetual Information Gatherer. Aspiring red team/pentester#~#104#~#500#~#1540323252#~#None#~#11#~#Knoxville TN#~#Richard Carpenter#~#325#~#null#~#False#~#1778#~#False#~#True#~#False#~#False#~#null#~#null#~#1571074465
0_d4y#~#Fri May 18 15:05:36 +0000 2018#~#Paid by blue, bleed red. I like learning about everything. Bi-Sec.#~#2#~#186#~#997493411040161792#~#None#~#0#~##~#j0be#~#2#~#null#~#False#~#3#~#False#~#False#~#True#~#False#~#null#~#null#~#1571074466
0d8x86#~#Thu Oct 01 08:45:28 +0000 2009#~#\ud83c\udded\ud83c\uddfa\ud83c\udde9\ud83c\uddf0 #DFIR software engineer \u25aa former malware analyst \ud83d\udc7d #infosec #AV #reversing #moderncpp c c++14 python vim notepad++ fedora he/him \u27a1\ufe0f DMs welcome#~#372#~#2665#~#78848741#~#None#~#8#~#Copenhagen, Denmark#~#od86#~#3586#~#https://www.linkedin.com/in/ovaridenes/#~#False#~#890#~#False#~#False#~#False#~#False#~#null#~#null#~#1571074467
0dates#~#Tue Nov 12 13:14:58 +0000 2013#~#Incident Response @AWS_Security | Captcha verified human with own opinions (not employer's).#~#176#~#435#~#2190326934#~#None#~#13#~##~#Kaushik#~#1046#~#null#~#False#~#2678#~#False#~#False#~#False#~#False#~#null#~#null#~#1571074467
0day0#~#Sat Mar 12 04:57:11 +0000 2011#~##~#11#~#156#~#264604613#~#None#~#0#~##~#Black Eagle#~#0#~#null#~#False#~#0#~#False#~#False#~#True#~#True#~#null#~#null#~#1571074467
0Dayallday#~#Tue Apr 10 07:22:57 +0000 2018#~# https://blackmarble.sh/ #~#675#~#4#~#983606242806521856#~#None#~#13#~#Dallas, TX#~#0DAYALLDAY#~#16#~#null#~#False#~#14#~#False#~#False#~#False#~#False#~#null#~#null#~#1571074469
0DAYanc#~#Sun Jun 26 18:47:21 +0000 2016#~#\ud835\ude47\ud835\ude64\ud835\ude6e\ud835\ude56\ud835\ude61\ud835\ude69\ud835\ude6e, \ud835\ude57\ud835\ude5a\ud835\ude69\ud835\ude67\ud835\ude56\ud835\ude6e\ud835\ude56\ud835\ude61 \ud835\ude56\ud835\ude63\ud835\ude59 \ud835\ude67\ud835\ude5a\ud835\ude6b\ud835\ude5a\ud835\ude63\ud835\ude5c\ud835\ude5a\nA young but old troublemaker\n17 y/o / \ud83c\udde8\ud83c\uddfe / https://pastebin.com/aFmMMshs \nxazamaxi@protonmail.com\n https://github.com/blacknbunny #~#401#~#114#~#747139202056392705#~#None#~#1#~#/dev/null#~#Dayan\u00e7 S.#~#280#~#https://blacknbunny.github.io/#~#False#~#253#~#False#~#False#~#True#~#False#~#null#~#null#~#1571074471
0DayArt#~#Tue Jul 26 03:17:34 +0000 2011#~#We put net art back on the net.#~#406#~#2#~#342497994#~#None#~#14#~#WORLDWIDE#~#0-Day Art#~#72#~#http://www.0dayart.net/#~#False#~#56#~#False#~#False#~#False#~#False#~#null#~#null#~#1571074472
0daybid#~#Fri Aug 28 04:12:37 +0000 2009#~#This is the place where you can buy unpatched and undisclosured vulnerabilities.#~#264#~#0#~#69500868#~#None#~#11#~##~#0day Market#~#7#~#null#~#False#~#0#~#False#~#False#~#False#~#False#~#null#~#null#~#1571074472
0dayDB#~#Thu Nov 10 07:07:32 +0000 2016#~#0day Database \uff1aA free share learning #0day, 0day #Exploit #Zeroday, #Security #Vulnerability#~#1896#~#171#~#796610224216035328#~#None#~#108#~#Hong Kong#~#0day Database#~#6105#~#https://0day.life/#~#False#~#493#~#False#~#False#~#True#~#False#~#null#~#null#~#1571074473
0daydorpher#~#Thu Jun 09 12:39:24 +0000 2011#~#breaking hypervisors since 1999, one of the (((good guys))) but with a lulzsec tattoo. #infosec #configmgr#~#552#~#1953#~#313921534#~#None#~#35#~#\u2601\ufe0f#~#\ud83e\uddd0#~#6053#~#null#~#False#~#8082#~#False#~#False#~#False#~#False#~#null#~#null#~#1571074474
0dayforensics#~#Tue Mar 29 07:19:47 +0000 2016#~#private sector computer forensic and cyber breach investigator. some time security researcher and demotivational speaker#~#155#~#218#~#714713647017246720#~#None#~#4#~#Perth, Perth (WA)#~#Chris#~#309#~#null#~#False#~#2117#~#False#~#False#~#True#~#False#~#null#~#null#~#1571074474
0daylabs#~#Thu Sep 03 13:18:37 +0000 2015#~#Security | Training | Testing#~#518#~#22#~#3437240185#~#None#~#21#~#Kerala, India#~#0day labs#~#46#~#https://blog.0daylabs.com/#~#False#~#28#~#False#~#False#~#False#~#False#~#null#~#null#~#1571074475
0dayMarketing#~#Fri Mar 16 12:06:32 +0000 2018#~#We are a group of like-minded individuals that work together to help grow YOUR 0day! We will do everything that 0day disclosure needs t0day.\n\nDM for inquiries.#~#895#~#3#~#974617909669629952#~#None#~#3#~#\ud83d\udc0e\ud83c\udfc6#~#0day.marketing#~#243#~#https://0day.marketing/#~#False#~#1031#~#False#~#False#~#False#~#False#~#null#~#null#~#1571074476
0daymn#~#Wed Oct 22 04:45:11 +0000 2014#~#My thoughts are solely my own, my tweets are not representative of employers, past or present, nor anyone else.#~#52#~#241#~#2870212225#~#None#~#1#~#The Cloud#~#Nathan Buck#~#431#~#https://github.com/0daymn#~#False#~#165#~#False#~#False#~#False#~#False#~#null#~#null#~#1571074477
0daynet#~#Sun Aug 28 20:09:51 +0000 2011#~##~#92#~#0#~#363854209#~#None#~#1#~#Iran, Tehran#~#0-day.net#~#116#~#http://0-day.net/#~#False#~#3#~#False#~#False#~#False#~#False#~#null#~#null#~#1571074481
0daypizza#~#Wed May 14 02:25:53 +0000 2014#~#I love to play sports, learn new things, and give people a hard time. My words are my own.#~#453#~#498#~#2493687288#~#None#~#20#~##~#Jez#~#1209#~#null#~#False#~#735#~#False#~#True#~#True#~#False#~#null#~#null#~#1571074481
0daySecurity#~#Fri Jul 01 11:28:27 +0000 2011#~#Expert Pen Testing, Security Audit, Automated Security, Cryptography\r\nCEHv7 (Certified Ethical Hacker) - CHFIv8 (Computer Hacking Forensic Investigation)#~#249#~#514#~#327326105#~#None#~#2#~#root@lady:~# #~#Miyuki#~#115#~#null#~#False#~#45#~#False#~#False#~#False#~#False#~#null#~#null#~#1571074482
0daysiempre#~#Fri Mar 18 20:49:34 +0000 2016#~#Lovely Days 0 days!#~#36#~#22#~#710931170943508484#~#None#~#1#~#Sexy Moraleja!#~#0daysiempresmile#~#54#~#null#~#False#~#0#~#False#~#False#~#False#~#False#~#null#~#null#~#1571074482
0daySimpson#~#Fri Aug 21 01:48:26 +0000 2015#~#Security Researcher \u00b0 DFIR \u00b0 SecDevOps \u00b0 CloudSec \u00b0 Blackglove Service \u2122 \u00b0 WakandaSec #ThotLeader#~#1422#~#643#~#3433676177#~#None#~#51#~#Wakanda#~#\ud835\udd95\ud835\udd9c\ud835\udd93 \ud835\udd75\ud835\udd9a\ud835\udd8e\ud835\udd88\ud835\udd8a\ud83d\udc89#~#3227#~#null#~#False#~#2931#~#False#~#False#~#False#~#False#~#null#~#null#~#1571074482
0day_thesis#~#Fri Feb 26 20:36:37 +0000 2010#~##~#45#~#145#~#117849070#~#None#~#18#~##~#Paolo Foti#~#2041#~#null#~#False#~#373#~#False#~#False#~#True#~#False#~#null#~#null#~#1571074483
0daytoday#~#Mon Jun 22 00:18:33 +0000 2015#~##~#97#~#0#~#3340237462#~#None#~#14#~##~#0daytoday#~#1816#~#null#~#False#~#0#~#False#~#False#~#True#~#False#~#null#~#null#~#1571074483
0daytrade#~#Thu Mar 02 14:10:08 +0000 2017#~#New generation of vulnerabilities exchange.#~#1253#~#62#~#837304015344046083#~#None#~#0#~##~#0day trade#~#3#~#http://0day.trade/#~#False#~#29#~#False#~#False#~#False#~#False#~#null#~#null#~#1571074485
0dayve#~#Tue Oct 23 17:41:43 +0000 2012#~#Views are my own. I have a passion for learning something new everyday in cyber security.#~#103#~#399#~#900290720#~#None#~#8#~#Baltimore, MD#~#0Dayve#~#151#~#https://www.zerofox.com/#~#False#~#1#~#False#~#False#~#False#~#False#~#null#~#null#~#1571074486
0daywork#~#Mon Nov 02 16:02:57 +0000 2015#~#A security blog by @gehaxelt#~#589#~#12#~#4098350038#~#None#~#10#~##~#0day work#~#84#~#https://0day.work/#~#False#~#5#~#False#~#False#~#False#~#False#~#null#~#null#~#1571074488
0dayx#~#Sat Jan 28 02:02:30 +0000 2012#~#Pr0graMMer \u2022 H4Ck1r \u2022 BlackBox-PentestEr \u2022 Certified Fr0m Cisc0 \u2022 RedHat Ad4in ~ 0D4y#~#1324#~#802#~#476362556#~#None#~#18#~#/bin/bash#~#DeAd HaCkErZ#~#1631#~#http://q8iy.com/#~#False#~#268#~#True#~#False#~#False#~#False#~#null#~#null#~#1571074489
0ddhawk#~#Sun Jun 04 08:44:49 +0000 2017#~#Information security Researcher#~#471#~#216#~#871286605813645315#~#None#~#5#~##~#Narendra#~#590#~#null#~#False#~#1851#~#False#~#False#~#False#~#False#~#null#~#null#~#1571074490
0dditys#~#Wed Oct 12 15:24:18 +0000 2016#~##~#1#~#0#~#786225990708133888#~#None#~#0#~##~#Reaver#~#0#~#null#~#False#~#0#~#False#~#False#~#True#~#True#~#null#~#null#~#1571074491
0DDJ0BB#~#Fri Feb 15 03:54:55 +0000 2013#~#The Bohemian Bitch of InfoSec, Internet bouncer, True Neutral, Whovian. \n\nsubscrive to my YT channel FailAlongWithMe\n\nIANAL/IANYL\n\nCEO @Circlecitycon\n\nhe/him#~#2511#~#1180#~#1181038442#~#None#~#99#~##~#0xDDJ0BB#~#25938#~#null#~#False#~#9857#~#False#~#False#~#False#~#False#~#null#~#null#~#1571074491
0DegreesCelsius#~#Thu May 12 21:57:22 +0000 2016#~#Unapproachable \u00af\\_(\u30c4)_/\u00af IntoFitness4Life ENTJ Mind-Body-Soul Fishing Muscle I swim like a Fish, I will show you the Light UK Avi is me#~#16545#~#15896#~#730879565929779200#~#None#~#34#~#Camp %26 Fish without it Raining 24/7\ud83c\uddec\ud83c\udde7#~#'Ice Cube' Tony#~#41497#~#https://twitter.com/search?f=tweets%26q=from:%400DegreesCelsius%20%20%20%20/exclude:replies%26src=#~#False#~#73145#~#False#~#False#~#False#~#False#~#null#~#null#~#1571074492
0E800#~#Tue Feb 25 21:09:28 +0000 2014#~#.\u2554\u2588\u2588\u2588\u2588\u2588\u2557 \u2554\u2588\u2588\u2588\u2588\u2588\u2588\u2588\u2557\n\u2588\u2588\u2554\u2550\u2588\u2588\u2588\u2588\u2551\u2588\u2588\u2554\u2550\u2550\u2550\u2550\u255d\n\u2588\u2588\u2551\u2588\u2588\u2554\u2588\u2588\u2551\u2588\u2588\u2588\u2588\u2588\u2557\n\u2588\u2588\u2588\u2588\u2554\u255d\u2588\u2588\u2551\u2588\u2588\u2554\u2550\u2550\u255d\n\u2554\u2588\u2588\u2588\u2588\u2588\u2588\u2550\u255d\u2588\u2588\u2588\u2588\u2588\u2588\u2588\u2550\u2557\n\u255a\u2550\u2550\u2550\u2550\u226a 8\u2298\u2298 \u226b\u2550\u2550\u2550\u2550\u2550\u2550\u255d\n \u15f0\u13c6\u144e\u15de \ud835\udd38\ud835\udd4a \u15ef\u15f4\u15e9\u146d\u176a\u144e#~#303#~#707#~#2361652458#~#None#~#4#~#0.0.0.0:/dev/null#~#\ud835\udcde\u2113\ud801\udcf13\u03b7\ud835\udd24\u2113\ud835\udd5a\u0649\ud835\udd25\ud83c\udfb1\ud800\udf48\u27f3#~#6949#~#null#~#False#~#4909#~#False#~#False#~#False#~#False#~#null#~#null#~#1571074492
0f010d#~#Thu Nov 04 04:39:45 +0000 2010#~#x86, bots, and general Adobe-hate.#~#279#~#110#~#211757081#~#None#~#10#~##~#Vlad Grigorescu#~#81#~#null#~#False#~#5#~#False#~#False#~#False#~#False#~#null#~#null#~#1571074493
0F1F0F1F#~#Sun Jul 29 14:55:44 +0000 2012#~#Aspiring information security enthusiast.#~#163#~#1774#~#724131396#~#None#~#7#~##~#esnesenon#~#238#~#null#~#False#~#653#~#False#~#False#~#True#~#True#~#null#~#null#~#1571074493
0fjrm0#~#Fri Feb 27 16:48:50 +0000 2015#~#Thinking Outside The Box#~#6490#~#204#~#3064433301#~#None#~#270#~#R\u00e2mnicu V\u00e2lcea, Rom\u00e2nia#~#\u0192\u027e4\u03b7#~#6688#~#null#~#False#~#22702#~#False#~#False#~#False#~#False#~#null#~#null#~#1571074494
0_g4m3#~#Fri Aug 12 22:21:26 +0000 2011#~#I am the glitch, the glitch that keeps the system up a night. Viruses and Anti-Viruses both love and hate me.#~#29#~#158#~#353955324#~#None#~#1#~##~#John Doe#~#88#~#null#~#False#~#19#~#False#~#False#~#True#~#False#~#null#~#null#~#1571074494
0grexxx#~#Mon Jun 15 12:36:07 +0000 2015#~##~#268#~#115#~#3245990066#~#None#~#3#~##~#Gx#~#1212#~#null#~#False#~#281#~#False#~#False#~#False#~#False#~#null#~#null#~#1571074494
0gtweet#~#Fri Apr 27 11:14:50 +0000 2012#~#GIT d- s+: a+ C++++ !U !L !M w++++$ b++++ G-#~#296#~#143#~#564509485#~#None#~#3#~##~#Grzegorz Tworek#~#151#~#null#~#False#~#623#~#True#~#False#~#False#~#False#~#null#~#null#~#1571074495
0gxd14g#~#Tue Dec 04 17:03:27 +0000 2012#~#Cyber Security Researcher#~#491#~#1036#~#989159678#~#None#~#3#~#Bursa, T\u00fcrkiye#~#0gxd14g#~#1912#~#null#~#False#~#1649#~#False#~#True#~#False#~#False#~#null#~#null#~#1571074495
0hd4y53c#~#Tue May 08 00:11:56 +0000 2018#~#Dropping 0hd4yz for the lulz! Formerly known as ..|.. #Python programmer. #InfoSec, #OSINT, #OffSec.#~#29#~#145#~#993644633002393601#~#None#~#1#~#1.3.3.7#~#0hd4y53c#~#21#~#http://0hd4y53c.tk/#~#False#~#1#~#False#~#False#~#True#~#False#~#null#~#null#~#1571074497
0hh1miranda#~#Sun Oct 27 20:15:53 +0000 2013#~#Byte Addressable Miranda Fullerton. SRE @duosec (@ciscosecurity). Dogs, coffee, Destiny 2, CFP reviews, the hottest sauce you have. She/her. \ud83c\udff3\ufe0f\u200d\ud83c\udf08#~#237#~#374#~#2159553768#~#None#~#5#~#Michigan, USA#~#bamf \ud83d\udc7b\ud83c\udf83#~#731#~#https://keybase.io/mirandafullerton#~#False#~#3516#~#True#~#False#~#False#~#False#~#null#~#null#~#1571074498
0Init#~#Sun Feb 24 00:09:59 +0000 2019#~#\u200f\u064a\u0645\u0643\u0646 \u0642\u062f\u0631\u0646\u0627 \u0646\u062a\u0642\u0627\u0628\u0644\u061f \u0627\u0646\u0638\u0631 \u0644\u0644\u0645\u0633\u062a\u0642\u0628\u0644 \u0627\u0644\u0645\u0634\u0631\u0642 \u0627\u0644\u0634\u0645\u0633 \u062a\u063a\u064a\u0628 \u0647\u0646\u0627\u0643.. \n\u200e#Zamalek \u200e#jft20#~#19#~#374#~#1099461401280692225#~#None#~#0#~##~#MiDo#~#22#~#null#~#False#~#167#~#False#~#False#~#True#~#False#~#null#~#null#~#1571074498
0isac0#~#Fri Mar 28 06:00:03 +0000 2014#~#DC214 Coordinator, Security Enthusiast, Animal Rescuer, Humble Munchkin, tends to lose stuff#~#889#~#158#~#2415452672#~#None#~#18#~#214 TX#~#isac#~#1179#~#http://gophermash.blogspot.com/#~#False#~#7#~#False#~#False#~#True#~#False#~#null#~#null#~#1571074499
0K_0B#~#Thu Oct 18 08:58:30 +0000 2012#~##~#124#~#570#~#888413582#~#None#~#5#~##~#OKOB#~#112#~#null#~#False#~#30#~#False#~#False#~#False#~#False#~#null#~#null#~#1571074500
__0kami#~#Sun Aug 21 20:27:19 +0000 2016#~#Security Consultant interested in Reverse Engineering, Binary Exploitation and much more. Co-founder of the Pozna\u0144 Security Meetup. Coffee++#~#29#~#107#~#767458079189397505#~#None#~#2#~##~#Krzysztof Marciniak#~#54#~#https://d0vine.github.io/#~#False#~#80#~#False#~#False#~#True#~#False#~#null#~#null#~#1571074500
0katz#~#Fri Nov 11 04:09:34 +0000 2011#~#- Penetration Tester - NetSec - Stay Noob - @thugcrowd#~#2481#~#411#~#409723754#~#None#~#31#~#\ud83c\udde8\ud83c\uddfa Toronto \ud83c\udde8\ud83c\udde6#~#\u1d0b\u2372\u1d1b\u1d22 \u2649#~#9482#~#https://0katz.ca/#~#False#~#2503#~#True#~#False#~#False#~#False#~#null#~#null#~#1571074501
0Kn0wledge#~#Wed Jul 22 18:07:06 +0000 2015#~#Phishing TTPs#~#49#~#367#~#3387766834#~#None#~#11#~##~#Eddie B.#~#345#~#null#~#False#~#151#~#False#~#False#~#False#~#False#~#null#~#null#~#1571074502
0knowledgekeys#~#Thu Mar 19 17:59:53 +0000 2015#~#Your Cloud\nYour Hardware\nYour Data\n +\nSecure IoT Identity from Rubicon#~#107#~#43#~#3098211006#~#None#~#9#~#San Francisco and Austin, TX#~#Rubicon Labs#~#186#~#https://www.rubiconlabs.io/#~#False#~#32#~#False#~#False#~#True#~#False#~#null#~#null#~#1571074503
0ko0l#~#Wed Sep 25 18:53:24 +0000 2019#~##~#2#~#13#~#1176932599543074817#~#None#~#0#~##~#ZeroKool#~#0#~#null#~#False#~#0#~#False#~#False#~#True#~#False#~#null#~#null#~#1571074504
0ktavandi#~#Thu Apr 12 09:49:54 +0000 2012#~##~#3477#~#1713#~#551718692#~#None#~#10#~#unknown#~#o k t a v a n d i#~#6277#~#null#~#False#~#7874#~#True#~#False#~#False#~#False#~#null#~#null#~#1571074504
0K_ultra#~#Wed Dec 28 16:21:01 +0000 2011#~#new @RealPeerReview admin. The \u03bfkaye$t #CIA project.Immortal cyborg warmachine born to mere human parents. Cutest Strogg PR unit. Revenant Machine God priestess#~#2716#~#2587#~#448991059#~#None#~#32#~#Sh\u00ef\u03c4cr\u00e4terstania#~#O\u03baULTRA XP\ud83e\uddff#~#60537#~#https://discordapp.com/invite/tKcWhRm#~#False#~#41462#~#False#~#False#~#False#~#False#~#null#~#null#~#1571074505
0ldEur0pe#~#Fri Mar 18 13:34:47 +0000 2011#~#Discontinued CTF team at RWTH Aachen University. We host rwthCTF. We also participate in other CTFs, occasionally ;)#~#714#~#26#~#268287009#~#None#~#24#~#Aachen, Germany#~#0ldEur0pe#~#92#~#https://rwthctf.heipei.io/#~#False#~#2#~#False#~#False#~#False#~#False#~#null#~#null#~#1571074506
0ldzombie#~#Fri Apr 24 09:23:11 +0000 2009#~# https://webhacking.kr/ #~#52#~#5#~#34887342#~#None#~#2#~##~#oldzombie#~#3#~#https://webhacking.kr/blog.php#~#False#~#0#~#False#~#False#~#False#~#False#~#null#~#null#~#1571074510
0liviaBernard#~#Mon Mar 18 21:40:51 +0000 2019#~#University of Cincinnati \u201817 \u2022 Young Professional \u2022 Technology Enthusiast \u2022 \u201cGo the extra mile, it\u2019s never crowded\u201d - Wayne Dyer#~#32#~#61#~#1107758788113809416#~#None#~#0#~#Cincinnati, OH#~#Olivia Bernard#~#15#~#null#~#False#~#91#~#False#~#False#~#True#~#False#~#null#~#null#~#1571074511
0man_X_HaCker#~#Fri May 09 07:13:24 +0000 2014#~#Linux Addict ....Dont Learn to Hack...Hack to Learn#~#244#~#296#~#2484968300#~#None#~#1#~##~#0man_X_HaCker#~#228#~#null#~#False#~#953#~#True#~#False#~#True#~#False#~#null#~#null#~#1571074511
0meey#~#Wed Apr 28 23:07:35 +0000 2010#~##~#9#~#9#~#138210916#~#None#~#0#~#Melbourne#~#Nathan Chappell#~#2#~#null#~#False#~#4#~#True#~#True#~#True#~#False#~#null#~#null#~#1571074511
0metaSec#~#Mon Jun 13 02:07:32 +0000 2016#~#Official account of 0meta Security LLC, an Oklahoma USA InfoSec firm. #OSCP#~#178#~#21#~#742176545662341120#~#None#~#0#~#Oklahoma, USA#~#0metaSec#~#209#~#https://0metasecurity.com/tag/blog#~#False#~#26#~#False#~#False#~#True#~#False#~#null#~#null#~#1571074513
0nc05uppre55r#~#Wed Jul 15 14:32:26 +0000 2009#~#Do not wear any flag but your soul. Fortis cadere, cedere non potest..freedom and respect for all creatures #Mothernature take care all..#ALF #OSINT @G4S7ROM#~#893#~#393#~#57031619#~#None#~#17#~##~#G4$7\u00aeoM %5B^~^%5D#~#3619#~#http://www.mygodisbetaversion.tv/#~#False#~#3775#~#False#~#False#~#True#~#False#~#null#~#null#~#1571074513
0ne_4_All#~#Tue Aug 09 21:59:41 +0000 2011#~#Bri\u2764\ufe0f | Security Engineer / Security Analyst|#~#344#~#598#~#351907435#~#None#~#5#~##~#Aaron Martin#~#2765#~#https://github.com/Aaronz118#~#False#~#1871#~#False#~#False#~#False#~#False#~#null#~#null#~#1571074515
0nedec#~#Fri Jul 11 23:45:54 +0000 2008#~#Life Student. InfoSec student. He/Him#~#65#~#483#~#15398326#~#None#~#2#~##~#0nedec#~#551#~#null#~#False#~#403#~#False#~#False#~#False#~#False#~#null#~#null#~#1571074516
0net0all#~#Thu Nov 19 18:02:37 +0000 2015#~#OlaOlaOlaOlaOla#~#68#~#941#~#4292350280#~#None#~#1#~##~#starPt#~#1672#~#null#~#False#~#1945#~#False#~#False#~#True#~#False#~#null#~#null#~#1571074516
0ntgO#~#Thu Apr 20 21:59:07 +0000 2017#~#Pentester / Security Researcher#~#39#~#47#~#855179042882023426#~#None#~#0#~##~#0NtgO#~#2#~#null#~#False#~#17#~#False#~#False#~#False#~#False#~#null#~#null#~#1571074517
0o2471#~#Tue Aug 08 22:29:19 +0000 2017#~##BugBounty hunter | #infosec | #python coder | tweets in \ud83c\uddfa\ud83c\uddf8/\ud83c\uddeb\ud83c\uddf7#~#55#~#11#~#895049308701167617#~#None#~#3#~#France#~#0o2471#~#11#~#null#~#False#~#7413#~#False#~#True#~#False#~#False#~#null#~#null#~#1571074517
0OOOOOOOOOOO000#~#Tue Sep 11 16:12:49 +0000 2018#~#\u2800\u2800\u2800\u2800\u2800\u2800\u2800\u2800\u2800\u2800\u2800\u2800\u2800\u2800\u2800\u2800\u2800\u2800\u2800\u2800\u2800\u2800\u2800\u2800\u2800\u2800\u2800\u2800\u2800\u2800 \u2800\u2800\u2800\u2800\u2800\u2800\u2800\u2800\u2800\u2800\u2800\u2800\u2800\u2800\u2800\u2800\u2800\u2800\u2800\u2800\u2800\u2800\u2800\u2800\u2800\u2800\u2800\u2800\u2800\u2800\u2800\u2800\u2800\u2800\u2800\u2800\u2800\u2800\u2800\u2800\u2800\u2800 \u2800\u2800\u2800\u2800\u2800\u2800\u2800\u2800\u2800\u2800\u2800\u2800\u2800\u2800\u2800\u2800\u2800\u2800\u2800\u2800\u2800\u2800\u2800\u2800\u2800\u2800\u2800 \u2800\u2800\u2800\u2800\u2800\u2800\u2800\u2800\u2800\u2800\u2800\u2800\u2800\u2800\u2800\u2800\u2800\u2800\u2800\u2800\u2800\u2800\u2800\u2800\u2800\u2800\u2800\u2800\u2800\u2800\u2800\u2800\u2800\u2800\u2800\u2800\u2800\u2800\u2800\u2800\u2800\u2800 \u2800\u2800#~#327#~#824#~#1039547317219667969#~#None#~#0#~##~#\u0645\u067f\u0641\u0671\u0626\u0644\u0640\u06c3\u10e6\u0645\u063a\u0644\u0642\u0631\u0648\u0648\u0632 \ud83e\udd8b#~#98#~#null#~#False#~#11#~#False#~#False#~#False#~#False#~#null#~#null#~#1571074517
0opsCN#~#Fri Feb 12 06:45:25 +0000 2016#~#CTF event host by Team 0ops#~#364#~#20#~#4896071634#~#None#~#5#~##~#0CTF#~#7#~#null#~#False#~#4#~#False#~#False#~#True#~#False#~#null#~#null#~#1571074518
0p3nS3c001M#~#Sat Nov 19 00:09:30 +0000 2011#~#Security researcher with a huge interest in malwares /Linux power user/programming and hardware hacking\r\n ///Dispatcher#~#620#~#207#~#415910962#~#None#~#12#~##~#M\u0443\u0441\u0442\u0430\u0444\u0430#~#4570#~#null#~#False#~#93#~#False#~#False#~#False#~#False#~#null#~#null#~#1571074518
0p3rsis7enc3#~#Tue Sep 03 16:52:01 +0000 2019#~#Living in the now#~#1#~#36#~#1168929549163196416#~#None#~#0#~#The here and now#~#0p3rsis7enc3#~#4#~#null#~#False#~#1#~#False#~#False#~#True#~#False#~#null#~#null#~#1571074519
0p4r3t0r#~#Wed Mar 16 18:01:49 +0000 2011#~#Coder | INFOSEC lover | OSINT | Operator of #KatibaDesNarvalos | @katnarv @CtrlSec | #OpIsis | #AntiExtremes#~#1301#~#3885#~#267307873#~#None#~#25#~##~#0p3r4t0r#~#9829#~#null#~#False#~#22811#~#False#~#False#~#False#~#False#~#null#~#null#~#1571074519
0patch#~#Sun Mar 04 02:23:57 +0000 2012#~#Microscopic cures for big security holes.\r\n0patch\r\n(pronounced 'zero patch')#~#5035#~#235#~#513847838#~#None#~#90#~#in every running process#~#0patch#~#2384#~#https://0patch.com/#~#False#~#396#~#False#~#False#~#False#~#False#~#null#~#null#~#1571074521
0pc0deFR#~#Thu Dec 06 15:10:12 +0000 2012#~#Student Security Research#~#86#~#163#~#993241494#~#None#~#5#~#Lyon#~#Kevin Falcoz#~#256#~#null#~#False#~#15#~#False#~#False#~#True#~#False#~#null#~#null#~#1571074521
0pensource#~#Tue Apr 21 19:57:45 +0000 2009#~#Diving into the sea of IT news, software solutions, useful tips and current tech trends related to Linux operating system#~#6506#~#2606#~#34019494#~#None#~#390#~#San Francisco#~#Mr. Penguin#~#6131#~#null#~#False#~#704#~#False#~#False#~#False#~#False#~#null#~#null#~#1571074522
0per4tor#~#Thu Aug 11 18:49:13 +0000 2016#~#Cyber Threat Analyst | BS Cyber Security | Sometimes a honeypot operator | emergent APT Tracker | grad student!#~#168#~#493#~#763809513832984577#~#None#~#16#~#aPlace#~#stacy#~#593#~#null#~#False#~#1067#~#False#~#False#~#False#~#False#~#null#~#null#~#1571074522
0pi#~#Thu Mar 12 20:49:58 +0000 2009#~#I do Security Products in Forcepoint. CTO Cloud Access %26 Network Security#~#414#~#174#~#24033534#~#None#~#21#~#Finland#~#Olli-Pekka Niemi#~#707#~#https://www.forcepoint.com/#~#False#~#52#~#False#~#False#~#False#~#False#~#null#~#null#~#1571074525
0pnty#~#Sat Apr 28 11:13:16 +0000 2018#~#Protector of the unprotectable. #hacker #infosec #SCADA #ICS Security. Into #defcon, #badgelife, social engineering, cruising oceans, and Pearl Jam#~#171#~#1171#~#990187183016480768#~#None#~#3#~#United States#~#Leash#~#450#~#null#~#False#~#633#~#False#~#False#~#False#~#False#~#null#~#null#~#1571074525
0pr1me#~#Tue Nov 04 18:02:37 +0000 2008#~#Cyber Security lover, Golfer, lover of all things Cars.#~#269#~#799#~#17162911#~#None#~#5#~##~#Ralph Killiebrew#~#1055#~#null#~#False#~#5010#~#False#~#False#~#False#~#False#~#null#~#null#~#1571074526
0psys#~#Fri Feb 18 05:53:22 +0000 2011#~#Security Research, Red Teaming, and Fun Projects. Opinions expressed are my own and not\r\nreflective of my employer#~#646#~#223#~#253902059#~#None#~#27#~#Seattle#~#Terry McCorkle#~#190#~#null#~#False#~#4#~#False#~#False#~#False#~#False#~#null#~#null#~#1571074526
0r1gamic#~#Thu Oct 27 16:31:07 +0000 2011#~#I'm just coder and humans caught me when I'm electroshocking to T-Rex @invictus_cyber @prodaft | #softwareian #django | #\u00e7Ar\u015f\u0131 | \u6050\u7adc#~#937#~#685#~#399519147#~#None#~#21#~#Istanbul - Be\u015fikta\u015f#~#ahmet kotan#~#9681#~#null#~#False#~#5838#~#True#~#False#~#False#~#False#~#null#~#null#~#1571074527
0rann1s#~#Tue Dec 27 11:43:38 +0000 2011#~#Security Researcher | \u0627\u0644\u0623\u0645\u0646 \u0648\u0627\u0644\u0633\u0631\u064a\u0629 \u0644\u0644\u062c\u0645\u064a\u0639. 0rann1s@protonmail.com#~#138#~#496#~#447905950#~#None#~#8#~##~#0x5a#~#195#~#null#~#False#~#480#~#False#~#False#~#False#~#False#~#null#~#null#~#1571074527
0rb0rus#~#Sat Aug 24 17:26:20 +0000 2013#~#I do some stuff.#~#294#~#228#~#1697042479#~#None#~#28#~#Toronto, Ontario#~#Neeraj Sharma#~#201#~#https://neeraj.ca/#~#False#~#62#~#False#~#False#~#False#~#False#~#null#~#null#~#1571074528
0rbz_#~#Mon Aug 04 23:44:38 +0000 2014#~#in flux // ephemeral#~#2043#~#194#~#2707711242#~#None#~#21#~#/dev/shm#~#\u034f#~#1#~#null#~#False#~#1#~#False#~#True#~#False#~#False#~#null#~#null#~#1571074529
0Research_io#~#Sat Dec 17 04:13:22 +0000 2016#~#No longer an active project. Please go follow @doctoreffective %26 @dbhoarder. #NeverStopResearching#~#446#~#0#~#809974744292462593#~#None#~#10#~##~#0Research#~#137#~#null#~#False#~#120#~#False#~#False#~#False#~#False#~#null#~#null#~#1571074529
0rh4n0#~#Mon Mar 15 21:22:44 +0000 2010#~#My tweets are related to what interests me ... my views do not necessary represent views of others including organisation I work. My re-tweet is not endorsing#~#161#~#719#~#123362047#~#None#~#4#~#Geneva, Switzerland#~#Orhan#~#1036#~#null#~#False#~#297#~#False#~#True#~#False#~#False#~#null#~#null#~#1571074530
0rig3n#~#Mon Jun 14 04:49:41 +0000 2010#~##~#70#~#275#~#155448550#~#None#~#2#~##~#Orig3n#~#96#~#null#~#False#~#202#~#False#~#False#~#False#~#False#~#null#~#null#~#1571074530
_0rigen#~#Thu Aug 07 12:11:34 +0000 2014#~#I don't computer gud.#~#176#~#62#~#2736106973#~#None#~#15#~##~#0\u044figen#~#663#~#null#~#False#~#1345#~#False#~#False#~#False#~#False#~#null#~#null#~#1571074530
0rnitorrincoLab#~#Mon Jun 16 17:21:25 +0000 2014#~#Ornitorrinco Labs is a nonprofit corporation dedicated to research in Science, Innovation and Technology.#~#180#~#25#~#2571336793#~#None#~#3#~#Santiago de Chile#~#Ornitorrinco Labs#~#220#~#http://www.0rnitorrinco.cl/home/#~#False#~#30#~#False#~#False#~#False#~#False#~#null#~#null#~#1571074533
0rs#~#Fri Apr 17 21:07:29 +0000 2009#~#InfoSec / photography / music / mountaineering.#~#118#~#147#~#32584786#~#None#~#13#~#Berlin#~#\u00d6rs#~#868#~#null#~#False#~#27#~#False#~#False#~#False#~#False#~#null#~#null#~#1571074534
0rtan#~#Fri Sep 08 07:54:18 +0000 2017#~#i just follow random people#~#131#~#1711#~#906063127954956288#~#None#~#0#~##~#...#~#1522#~#null#~#False#~#2214#~#False#~#False#~#True#~#False#~#null#~#null#~#1571074534
0ry00000#~#Sat Jul 31 10:49:45 +0000 2010#~#Head of Technical Operation @countercept @fsecure#~#95#~#467#~#173077905#~#None#~#3#~#LDN#~#Domenico Gargano#~#647#~#null#~#False#~#1171#~#False#~#False#~#True#~#False#~#null#~#null#~#1571074534
0rz_0rz_0rz#~#Thu Oct 25 04:11:28 +0000 2012#~#nobody#~#59#~#2094#~#903181598#~#None#~#0#~#Us, France#~#Albert#~#112#~#null#~#False#~#73#~#True#~#True#~#False#~#True#~#null#~#null#~#1571074535
0s0urce#~#Sat Aug 08 08:49:17 +0000 2009#~#security, reversing, math, c++/scala/ akka developer#~#158#~#217#~#63936869#~#None#~#2#~#Bari, Italy#~#Michele Tumolo#~#96#~#null#~#False#~#14#~#False#~#False#~#False#~#False#~#null#~#null#~#1571074535
0sakaaa#~#Sat Sep 17 17:33:11 +0000 2011#~#govnokoder#~#137#~#155#~#375193029#~#None#~#7#~#Saint P#~#P.#~#535#~#null#~#False#~#73#~#False#~#False#~#False#~#False#~#null#~#null#~#1571074536
0security#~#Fri Sep 04 18:22:30 +0000 2009#~#Security Professional, Tactical Urban Warfare Specialist %26 sole survivor of the 2012 Apocalypse. \r\n\r\nMy Tweets just might save your life.#~#5505#~#7431#~#71600961#~#None#~#221#~#USA#~#Thomas#~#4274#~#https://twitter.com/0security#~#False#~#3#~#False#~#False#~#False#~#False#~#null#~#null#~#1571074537
0sm0s1z#~#Sat Sep 25 22:36:53 +0000 2010#~#Founder @_OpenSecurity_ // @BHInfoSecurity // Author @sanssec460 // GSE #130 // https://github.com/0sm0s1z // https://www.youtube.com/user/MToussain // #HackThePlanet#~#2399#~#491#~#195138772#~#None#~#54#~#San Antonio, TX#~#Matthew Toussain#~#2068#~#https://www.opensecurity.io/#~#False#~#1468#~#True#~#False#~#False#~#False#~#null#~#null#~#1571074540
0sn1s#~#Tue Mar 20 20:00:16 +0000 2012#~#Security engineer interested in building enterprise security solutions, malware detection engines, systems, firmware and networks security. My tweets are my own#~#176#~#196#~#531591023#~#None#~#0#~#Bay area , California#~#Arpita Biswas#~#151#~#https://zeroesnones.wordpress.com/#~#False#~#234#~#True#~#False#~#True#~#False#~#null#~#null#~#1571074541
0stracon#~#Mon Nov 16 12:02:04 +0000 2009#~#Trojan horse rodeo champion#~#779#~#1203#~#90378415#~#None#~#72#~##~#ostracon#~#7355#~#null#~#False#~#27543#~#False#~#False#~#False#~#False#~#null#~#null#~#1571074541
0tak4#~#Sat Mar 17 07:25:17 +0000 2012#~#Hacking a todo nivel... Buscando ser el mejor en lo que hago xD#~#84#~#286#~#527198427#~#None#~#1#~#Azgart#~#otaku#~#334#~#http://h3cker0n.blogspot.com/#~#False#~#0#~#False#~#False#~#False#~#False#~#null#~#null#~#1571074542
0teranihilation#~#Sun Jul 27 21:49:00 +0000 2014#~#Cyber. Cyber. Cyber. Pixie dust. Cyber.#~#267#~#1302#~#2726745687#~#None#~#9#~#The Interwebs#~#OtterAnni#~#789#~#null#~#False#~#4768#~#False#~#False#~#True#~#False#~#null#~#null#~#1571074542
0thm4n_Whitehat#~#Thu Jun 25 18:35:28 +0000 2015#~#Hacked @Microsoft @Google @Adobe @ORACLE @Blackberry @ATT @GM ..more\n\nThoughts are my own...#~#664#~#503#~#3345735327#~#None#~#12#~#Fez, Morocco#~#Othmane Tamagart#~#297#~#https://www.othmanetamagart.com/#~#False#~#97#~#True#~#False#~#False#~#False#~#null#~#null#~#1571074543
0utSl33p#~#Wed Aug 14 16:54:41 +0000 2019#~#InfoSec#~#22#~#243#~#1161682564140195840#~#None#~#0#~##~#sl33p_0ut#~#14#~#null#~#False#~#39#~#False#~#False#~#True#~#False#~#null#~#null#~#1571074544
0Vams1#~#Wed Oct 03 02:10:10 +0000 2012#~##~#36#~#385#~#859034742#~#None#~#6#~##~#Vamsi#~#229#~#null#~#False#~#6#~#False#~#False#~#False#~#False#~#null#~#null#~#1571074544
0vens#~#Fri May 10 15:20:09 +0000 2013#~#Information Security Engineer#~#161#~#639#~#1418356280#~#None#~#7#~##~#0vens#~#306#~#null#~#False#~#22#~#False#~#False#~#True#~#False#~#null#~#null#~#1571074545
0vercl0k#~#Fri Jun 04 09:40:00 +0000 2010#~#\u00af\\_(\u30c4)_/\u00af, blogging on https://doar-e.github.io/ and posting codes on https://github.com/0vercl0k .#~#6602#~#421#~#151819026#~#None#~#128#~#WA, US#~#Axel Souchet#~#4229#~#https://doar-e.github.io/#~#False#~#132#~#False#~#False#~#False#~#False#~#null#~#null#~#1571074546
0verfl0w_#~#Sun Jul 23 20:07:34 +0000 2017#~#Cyber Security Enthusiast | Send me Malware#~#4361#~#142#~#889215429482352642#~#None#~#54#~#https://www.youtube.com/0verfl0w#~#0verfl0w#~#588#~#https://0ffset.net/#~#False#~#1025#~#False#~#False#~#False#~#False#~#null#~#null#~#1571074548
0verpwn#~#Wed Mar 30 13:04:46 +0000 2016#~#Hello World // CTF man // Security Analyst, General InfoSec shtuff %26 Bug Bounties. #Malware #Bounties #Pentesting#~#2203#~#37#~#715162855218225152#~#None#~#7#~#Germany#~#0verpwn#~#53#~#https://github.com/0verpwn#~#False#~#22995#~#False#~#False#~#False#~#False#~#null#~#null#~#1571074549
0w4ys#~#Wed Feb 22 10:50:36 +0000 2017#~#Infosec researcher#~#308#~#438#~#834354698366963713#~#None#~#4#~##~#Oways \ud83d\udc68\ud83c\udffb\u200d\ud83d\udcbb#~#457#~#null#~#False#~#832#~#False#~#False#~#False#~#False#~#null#~#null#~#1571074549
0wasp#~#Tue May 04 09:42:06 +0000 2010#~#A future that may be our end does not negate the majesty of the journey -L. M. Krauss#~#1836#~#1846#~#140016388#~#None#~#145#~#Birmingham #~#Jason Alexander#~#26212#~#https://www.owasp.org/index.php/UK#~#False#~#77#~#True#~#False#~#False#~#False#~#null#~#null#~#1571074550
0wasp0#~#Sun Jul 15 14:26:16 +0000 2018#~#Fat fingered twat from Yorkshire aka 0wasp#~#11#~#311#~#1018502010604269568#~#None#~#0#~##~#0wasp0#~#140#~#null#~#False#~#0#~#False#~#False#~#True#~#True#~#null#~#null#~#1571074551
_0wl#~#Wed Oct 06 10:01:48 +0000 2010#~#Bring water to the sea and other infosec adventures.My opinions are approved by my former employer, facts aren't.#~#104#~#311#~#199222347#~#None#~#11#~#In the cloud#~#Gufo#~#1781#~#null#~#False#~#276#~#False#~#False#~#False#~#False#~#null#~#null#~#1571074551
0wn#~#Tue Aug 12 22:08:09 +0000 2008#~#Sometimes hacker, always nerdcore.#~#166#~#60#~#15828985#~#None#~#12#~#San Francisco, CA#~#Eric Heitzman#~#286#~#null#~#False#~#4#~#False#~#False#~#False#~#False#~#null#~#null#~#1571074552
0wnKai#~#Wed Nov 23 22:14:00 +0000 2016#~#Security Analyst #infosec It all started... #sysadmin turned #redteam with some in-betweens. #hacking #metalcore#~#56#~#260#~#801549386920710144#~#None#~#0#~#New Jersey, USA#~#N_P#~#236#~#null#~#False#~#352#~#False#~#False#~#True#~#False#~#null#~#null#~#1571074552
0wosk#~#Mon Dec 22 03:37:11 +0000 2014#~#Security Researcher.#~#174#~#1495#~#2938913005#~#None#~#18#~##~#0wos#~#1085#~#null#~#False#~#105#~#False#~#False#~#True#~#False#~#null#~#null#~#1571074552
___0x00#~#Wed Jul 27 02:55:36 +0000 2016#~#\ud83d\udcb0 \u2620\ufe0f \ud83d\udcb0 \ud83d\udc7b \ud835\udd93\ud835\udd94\ud835\udd94\ud835\udd87\ud835\udd92\ud835\udd86\ud835\udd98\ud835\udd99\ud835\udd8a\ud835\udd97 \ud83d\udcb0 \u2620\ufe0f \ud83d\udcb0 \ud83d\udc7b \ufe3b\u30c7\u2533\u2550\u30fc ---- \ud83d\udc7b#~#277#~#811#~#758133710055051264#~#None#~#4#~#Nepal \u2611\ufe0f\u2611\ufe0f\u2611\ufe0f#~#\ud835\udd38\ud835\udd43\u2119\u210d\ud835\udd38\ud83d\udcbb\ud83c\uddf3\ud83c\uddf5#~#544#~#https://medium.com/%40admin./#~#False#~#3068#~#False#~#False#~#False#~#False#~#null#~#null#~#1571074554
0x000050#~#Mon Jan 13 12:44:52 +0000 2014#~#Reverse Engineer#~#121#~#121#~#2289625370#~#None#~#0#~##~#LingLing#~#21#~#http://0x00.tw/#~#False#~#10#~#False#~#False#~#False#~#False#~#null#~#null#~#1571074556
0x0000EBFE#~#Sat Dec 29 05:51:34 +0000 2012#~##~#812#~#847#~#1043939304#~#None#~#30#~##~#0xEBFE#~#611#~#http://www.0xebfe.net/#~#False#~#639#~#False#~#False#~#True#~#False#~#null#~#null#~#1571074559
0x00013#~#Tue Aug 01 18:28:20 +0000 2017#~#Member @DC52229#~#53#~#701#~#892451947726241792#~#None#~#2#~#127.0.0.1#~#0x00013#~#397#~#https://0x00sec.org/#~#False#~#1142#~#False#~#False#~#False#~#False#~#null#~#null#~#1571074560
0x004C#~#Fri Jul 05 12:51:55 +0000 2013#~#Security Researcher, Penetration Tester, Ethical Hacker, Linux Freek#~#21#~#74#~#1570462712#~#None#~#0#~##~#L#~#11#~#https://hackyard.net/#~#False#~#1#~#False#~#False#~#False#~#False#~#null#~#null#~#1571074561
0x0090#~#Mon Jun 22 01:43:58 +0000 2009#~#hacker. arms dealer. mp5 user#~#1077#~#1025#~#49496869#~#None#~#107#~##~#Nops#~#3235#~#null#~#False#~#309#~#True#~#False#~#False#~#False#~#null#~#null#~#1571074561
0x009AD6_810#~#Fri May 11 12:52:04 +0000 2012#~#SecurityHobbyist, CTIGamePlayer, .OnionFreeDiver, Recreational MalwareHunter https://www.virustotal.com/gui/user/Neutral8x9eR/ BabyPentester https://www.youtube.com/user/Neutral8x9eR/videos \u30cf\u30c3\u30ab\u30fc\u30bb\u30ad\u30e5\u30ea\u30c6\u30a3\u5c02\u9580\u5bb6\u3067\u306a\u3044\u306e\u3067\u6ce8\u610f\u3057#~#3738#~#95#~#577192254#~#None#~#244#~#404 Neutral8\u27179eR@exploit.im%5B.%5Dgov not found.#~#Neutral8\u27179eR#~#18473#~#https://www.virustotal.com/old-browsers/url/b9a41e8437a0a14677356a56a04b96a59d8cef6e3b6bf38ed754cdb7deed8ae7?style=scifi#~#False#~#1075#~#False#~#False#~#False#~#False#~#null#~#null#~#1571074564
0x00A#~#Thu Aug 23 14:49:30 +0000 2018#~#Digital forensics, IR and reverse engineering#~#91#~#253#~#1032640982431539200#~#None#~#0#~#UK#~#Scott Pendlebury#~#182#~#null#~#False#~#410#~#False#~#False#~#False#~#False#~#null#~#null#~#1571075358
0x00_ach#~#Sat Feb 23 22:14:56 +0000 2013#~#French / reverse engineering / malware analysis / windows kernel / threat intelligence#~#596#~#541#~#1213828466#~#None#~#16#~##~#Adrien C.#~#2691#~#null#~#False#~#362#~#False#~#False#~#False#~#False#~#null#~#null#~#1571075358
0x00C651E0#~#Wed May 13 18:37:20 +0000 2015#~#Penetration tester, senior security engineer, forward/reverse engineer, former principal security consultant. He/him.#~#464#~#880#~#3194569530#~#None#~#7#~#city11 -inspectral#~#Ben Lincoln#~#2522#~#https://www.beneaththewaves.net/#~#False#~#37768#~#False#~#False#~#True#~#False#~#null#~#null#~#1571075359
0x00D#~#Thu Oct 06 10:28:17 +0000 2016#~#bad character... interested in infosec and reverse engineering#~#197#~#438#~#783977170637033472#~#None#~#8#~#Here be dragons#~#thirteen#~#563#~#https://sites.google.com/view/p0c#~#False#~#584#~#False#~#False#~#False#~#False#~#null#~#null#~#1571075361
0x00pico#~#Fri May 20 23:01:32 +0000 2016#~##~#601#~#47#~#733794815385718785#~#None#~#44#~##~#0x00pico#~#2706#~#https://github.com/0x00pf#~#False#~#4091#~#False#~#False#~#False#~#False#~#null#~#null#~#1571075362
0x00secOfficial#~#Sun Jul 30 17:46:55 +0000 2017#~#0x00sec - The Home Of The Hacker - Malware, Reverse Engineering, and Computer Science#~#2641#~#17#~#891716750697521152#~#None#~#20#~#The Deep Underground#~#0x00sec#~#257#~#https://0x00sec.org/#~#False#~#40#~#False#~#False#~#False#~#False#~#null#~#null#~#1571075363
0x00string#~#Sun Mar 13 01:02:11 +0000 2011#~#Hacker, Recreational Bug User, Exploiteer#~#2786#~#587#~#265096889#~#None#~#173#~#0\u0279'0\u0279 \u0279o\u01dd#~#\u2115\ud835\udd66\ud835\udd5d\ud835\udd5d\ud835\udd64\ud835\udd65\ud835\udd63\ud835\udd5a\ud835\udd5f\ud835\udd58\ud83c\udff4\u200d\u2620\ufe0f\u3000\u3000\u3000\u3000\u3000\u3000\u3000\u3000\u3000\u3000\u3000\u3000\u3000\u3000\u3000\u3000\u3000\u3000\\x33\\xc0#~#12874#~#null#~#False#~#16#~#False#~#False#~#False#~#False#~#null#~#null#~#1571075364
0x01alka#~#Tue Aug 20 17:58:21 +0000 2013#~#script kiddie#~#2520#~#120#~#1686364364#~#None#~#22#~##~#lalka#~#21#~#https://hackerone.com/0x01alka#~#False#~#28#~#False#~#False#~#False#~#False#~#null#~#null#~#1571075364
0x01Atlas#~#Fri Jul 27 20:45:57 +0000 2018#~#hacker and lovin' it\napparently somewhat responsible for @couchconn#~#93#~#72#~#1022946213597929472#~#None#~#2#~##~#atlas is dancing at couchcon#~#227#~#https://www.youtube.com/channel/UCA6sx5hh0EFxaF0wi9yTfSg#~#False#~#589#~#False#~#False#~#False#~#False#~#null#~#null#~#1571075366
0x09AL#~#Thu Mar 05 18:12:37 +0000 2015#~#POC || GTFO#~#3216#~#1110#~#3073046512#~#None#~#58#~#https://0x09al.github.io#~#Rio#~#2619#~#https://github.com/0x09AL#~#False#~#6219#~#False#~#False#~#False#~#False#~#null#~#null#~#1571075367
0x0a0d0d0a#~#Wed Apr 20 13:39:46 +0000 2016#~##~#8#~#449#~#722781807888900097#~#None#~#0#~##~#Messa#~#12#~#null#~#False#~#221#~#False#~#False#~#True#~#False#~#null#~#null#~#1571075367
0x0aTang#~#Tue Jul 15 14:43:18 +0000 2014#~#systems tinkerer / cybersec researcher#~#237#~#340#~#2647930662#~#None#~#5#~#New York#~#a. tang#~#661#~#http://0x0atang.github.io/#~#False#~#940#~#False#~#False#~#False#~#False#~#null#~#null#~#1571075368
0x0ddc0ffee#~#Thu Nov 03 22:42:11 +0000 2016#~#I like cats, books, plants, and languages with S-expressions. I don't like the \ud83d\udca9\ud83e\udd21. OpenBSD fan. \u26a7 she/her#~#1507#~#5001#~#794308721463562240#~#None#~#15#~#//.WORKSPACE/.GARBAGE.#~#Meghan#~#30665#~#null#~#False#~#91087#~#False#~#False#~#False#~#False#~#null#~#null#~#1571075369
0x0ece#~#Fri Dec 17 16:28:53 +0000 2010#~#Security Engineer at Pinterest, Co-founder at SoloKeys#~#1109#~#4866#~#227720254#~#None#~#32#~#SF#~#Emanuele Cesena#~#852#~#https://solokeys.com/#~#False#~#1218#~#True#~#False#~#False#~#False#~#null#~#null#~#1571075370
0x0ffinfo#~#Thu May 30 15:40:10 +0000 2013#~#S\u00e9curit\u00e9 informatique et juridique - #InfoSec #Beers and #Cookies - %5BAuteurs : (self), @0xma_tic, @Po0lpy0x0c, @yaap_%5D#~#775#~#425#~#1470050185#~#None#~#21#~#Least Significant Blog#~#0x0ff.info#~#1424#~#https://www.0x0ff.info/#~#False#~#6#~#False#~#False#~#False#~#False#~#null#~#null#~#1571075371
0x0luke#~#Sun Feb 08 22:45:44 +0000 2015#~#University student @ManMetUni. Security HoF @ Rockstar, Uber, US Department of defence.#~#389#~#396#~#3025744600#~#None#~#5#~#Manchester, England#~#Luke#~#43#~#https://0x0luke.me/#~#False#~#3462#~#False#~#False#~#False#~#False#~#null#~#null#~#1571075372
0x0pmort#~#Tue Apr 15 09:11:49 +0000 2014#~#I tend to break things. \n\nHead of Security Engineering @assetnote#~#216#~#465#~#2445161714#~#None#~#2#~#root@yourtoaster#~#pmort#~#173#~#https://assetnote.io/#~#False#~#585#~#False#~#False#~#False#~#False#~#null#~#null#~#1571075373
0x0ptim0us#~#Wed Mar 28 09:00:05 +0000 2012#~#Founder of websploit framework, Python expert, Machine learning and Deep learning enthusiast, Unix Lover#~#270#~#49#~#538872064#~#None#~#1#~#__init__#~#fardin#~#199#~#null#~#False#~#217#~#False#~#False#~#False#~#False#~#null#~#null#~#1571075373
0x0sec#~#Fri Dec 13 00:09:04 +0000 2013#~#OSCP Student, DFIR, Reverse Engineering, Exploit Dev, Entrepreneur, NEO Sports Fan... Tweets are Tweets... RT != Endorsement.#~#1017#~#2638#~#2243095056#~#None#~#17#~#Akron, OH#~#0x0sec#~#1639#~#null#~#False#~#10862#~#True#~#False#~#False#~#False#~#null#~#null#~#1571075374
0x0skynet#~#Sat Oct 12 11:34:55 +0000 2013#~#security analyst of the corporate systems and networks, head of the computer and technical department of ICC-KIEV congress center#~#50#~#219#~#710842528#~#None#~#2#~#Ukraine#~#skynet#~#432#~#null#~#False#~#112#~#True#~#False#~#True#~#False#~#null#~#null#~#1571075375
0x0zone#~#Wed Mar 04 02:42:09 +0000 2009#~#Security Architect | DFIR leader | My Opinions | DNRC Minister of Oxymoronic Technobabble.#~#319#~#461#~#22722023#~#None#~#29#~#The Cybers#~#O\u00b3#~#3646#~#null#~#False#~#215#~#True#~#False#~#False#~#False#~#null#~#null#~#1571075375
0x10000000#~#Wed Feb 17 07:36:45 +0000 2010#~#malware analyst#~#410#~#143#~#114991990#~#None#~#19#~##~#kino#~#1020#~#http://sfkino.tistory.com/#~#False#~#173#~#False#~#False#~#False#~#False#~#null#~#null#~#1571075377
0x11e#~#Sat Aug 27 19:18:15 +0000 2016#~#OSCP certified || CTP student || Offsec lover, keep learning more erveryday !#~#36#~#450#~#769615025740931076#~#None#~#1#~##~#3n0rm3#~#1327#~#null#~#False#~#1673#~#False#~#True#~#True#~#False#~#null#~#null#~#1571075378
0x1231#~#Fri Aug 26 08:42:25 +0000 2016#~#\uffa0\uffa0\uffa0\uffa0\uffa0\uffa0\uffa0\uffa0\uffa0\uffa0\uffa0\uffa0 #Noob \uffa0\uffa0\uffa0\uffa0\uffa0\uffa0\uffa0\uffa0\uffa0\uffa0\uffa0\uffa0\uffa0\uffa0\uffa0\uffa0\uffa0\uffa0\uffa0\uffa0\uffa0\uffa0\uffa0\uffa0\uffa0 #6c333374 \uffa0\uffa0\uffa0\uffa0\uffa0\uffa0\uffa0\uffa0\uffa0\uffa0\uffa0\uffa0\uffa0\uffa0\uffa0\uffa0\uffa0\uffa0\uffa0\uffa0\uffa0\uffa0\uffa0\uffa0\uffa0\uffa0\uffa0\uffa0\uffa0\uffa0\uffa0\uffa0\uffa0\uffa0\uffa0\uffa0\uffa0\uffa0\uffa0\uffa0\uffa0\uffa0\uffa0\uffa0\uffa0\uffa0\uffa0\uffa0\uffa0\uffa0\uffa0\uffa0\uffa0\uffa0\uffa0\uffa0\uffa0\uffa0\uffa0\uffa0\uffa0\uffa0\uffa0\uffa0\uffa0\uffa0\uffa0\uffa0\uffa0\uffa0\uffa0\uffa0\uffa0\uffa0\uffa0\uffa0\uffa0\uffa0\uffa0\uffa0\uffa0\uffa0\uffa0\uffa0\uffa0\uffa0\uffa0\uffa0\uffa0\uffa0\uffa0\uffa0\uffa0\uffa0\uffa0\uffa0\uffa0\uffa0\uffa0\uffa0\uffa0\uffa0\uffa0\uffa0\uffa0#~#311#~#3088#~#769092623827165184#~#None#~#107#~##~#\uffa0#~#4277#~#https://medium.com/%400x1231#~#False#~#10756#~#False#~#False#~#False#~#False#~#null#~#null#~#1571075379
0x127#~#Sat Aug 31 23:07:23 +0000 2019#~##~#1#~#84#~#1167936910486134784#~#None#~#0#~##~#0x127#~#0#~#null#~#False#~#0#~#False#~#False#~#True#~#True#~#null#~#null#~#1571075379
0x1337r00t#~#Fri Jul 27 19:10:11 +0000 2018#~#Vulnerability Researcher and Software Engineer#~#8036#~#76#~#1022922114783952897#~#None#~#44#~#/dev/null#~#1337r00t#~#1855#~#https://1337r00t.me/#~#False#~#614#~#True#~#False#~#False#~#False#~#null#~#null#~#1571075380
0x1337rob#~#Tue Mar 14 17:57:08 +0000 2017#~#Everyone has something to learn. The question is what do you have to teach%3F#~#258#~#774#~#841709795979755520#~#None#~#2#~##~#Rob#~#2701#~#null#~#False#~#457#~#False#~#False#~#False#~#False#~#null#~#null#~#1571075381
0x1414#~#Mon Mar 21 21:19:24 +0000 2016#~#Researcher, phishing hunter, OSINT fan. How about some t-shirts%3F There is no place like 127.0.0.1.#~#78#~#168#~#712025842281549824#~#None#~#3#~#Mother Russia#~#quetzalcoatl#~#252#~#https://github.com/scumsec#~#False#~#87#~#False#~#False#~#True#~#False#~#null#~#null#~#1571075382
0x16161D#~#Fri Jun 14 20:18:02 +0000 2013#~#bi/pan \u2022 privacy \u2022 security \u2022 electronics \u2022 builder \u2022 breaker \u2022 hacker \u2022 tinkerer \u2022 Linux-er \u2022 open source \u2022 multirotors \u2022 3D modelling \u2022 3D printing#~#11056#~#178#~#1517509201#~#None#~#100#~#United Kingdom, Europe#~#\ud835\udd10\ud835\udd2c\ud835\udd2f\ud835\udd24\ud835\udd1e\ud835\udd2b#~#771#~#null#~#False#~#555#~#True#~#False#~#False#~#False#~#null#~#null#~#1571075383
0x1983#~#Fri May 07 11:07:03 +0000 2010#~#just shut up and learn !!!#~#244#~#4310#~#141177624#~#None#~#136#~##~#Egyptian history X#~#25150#~#null#~#False#~#26696#~#False#~#True#~#True#~#False#~#null#~#null#~#1571075383
0x1a0ran#~#Tue Sep 07 04:46:56 +0000 2010#~#security researcher and amateur music producer#~#359#~#141#~#187796674#~#None#~#12#~#san francisco#~#Xiaoran Wang#~#249#~#https://www.attacker-domain.com/p/home-page.html#~#False#~#138#~#True#~#False#~#False#~#False#~#null#~#null#~#1571075384
0x1B4#~#Wed Jan 04 02:56:42 +0000 2012#~#23 ~ \ud83c\udff3\ufe0f\u200d\ud83c\udf08 ~ de/en | Exploring student, who hacks networks and hardware\ud83d\udcbbLoves to learn about science\ud83d\udce1\ud83d\udcda\ud83d\udca1Digital part time exorcist\ud83d\udcbb\ud83d\udc7b#~#339#~#46#~#454524763#~#None#~#16#~#Region Hannover, Niedersachsen#~#*ptr = \%22Daniel ~ 0x1b4\%22;#~#236#~#null#~#False#~#3515#~#False#~#False#~#False#~#False#~#null#~#null#~#1571075385
0x1byte#~#Wed Aug 04 07:19:45 +0000 2010#~##~#240#~#99#~#174570038#~#None#~#3#~##~#Aleksandr#~#42#~#null#~#False#~#34#~#False#~#False#~#False#~#True#~#null#~#null#~#1571075385
0x1C#~#Wed Dec 03 06:56:47 +0000 2008#~#vi thought leader posing as a computer hacker #ducksec #unrest he/him/his#~#1538#~#311#~#17831259#~#None#~#79#~#.vim/#~#vi-ly#~#6054#~#http://vim.org/#~#False#~#2477#~#False#~#True#~#False#~#False#~#null#~#null#~#1571075386
0x1ee#~#Sat Apr 19 11:00:56 +0000 2014#~#Hacks stuff#~#51#~#63#~#2452951646#~#None#~#0#~##~#Lee C#~#1#~#null#~#False#~#0#~#False#~#False#~#False#~#False#~#null#~#null#~#1571075386
0x24murf#~#Thu Jan 21 22:22:11 +0000 2010#~#Principle Security Consultant (PCI QSA)#~#234#~#146#~#107225656#~#None#~#11#~#Bolton, NR Manchester#~#Wayne Murphy#~#3207#~#https://pciramblings.com/#~#False#~#353#~#True#~#False#~#False#~#False#~#null#~#null#~#1571075391
0x2623#~#Fri Apr 26 01:27:45 +0000 2013#~##~#58#~#688#~#1380810757#~#None#~#1#~#~/#~#Alek#~#26#~#null#~#False#~#31#~#False#~#False#~#False#~#False#~#null#~#null#~#1571075391
0x2Adr1#~#Mon Jun 18 12:10:11 +0000 2012#~##~#99#~#680#~#611631347#~#None#~#7#~##~#Adri#~#356#~#https://0x2adr1.github.io/#~#False#~#1109#~#False#~#False#~#False#~#False#~#null#~#null#~#1571075392
0x2ce#~#Mon Oct 12 04:11:02 +0000 2015#~#Founder of http://cybergeekzone.com/ , long time programmer and security enthusiast. I enjoy reversing #malware, developing #software and web development.#~#198#~#330#~#3933819923#~#None#~#2#~#Brooklyn, NY#~#Jimmy#~#8#~#null#~#False#~#5#~#False#~#False#~#False#~#False#~#null#~#null#~#1571075393
0x2e2e#~#Wed Feb 20 01:21:30 +0000 2019#~#Enthusiastic about IT, hacking and forensics.#~#13#~#50#~#1098029846385623040#~#None#~#0#~##~#0x2e2e#~#15#~#null#~#False#~#31#~#False#~#False#~#False#~#False#~#null#~#null#~#1571075394
0x30n#~#Tue Jun 19 18:40:57 +0000 2012#~#Hacker, Vuln Research, 2x winner DEF CON CTF, Founder %26 CEO Blackwing Intelligence (@blackwinghq), not a CISSP#~#984#~#458#~#612768160#~#None#~#22#~#Dancing madly on the lip of the volcano#~#Jesse D'Aguanno#~#1612#~#https://www.blackwinghq.com/#~#False#~#383#~#False#~#False#~#True#~#False#~#null#~#null#~#1571075395
0x31337#~#Tue Mar 10 21:14:00 +0000 2009#~#Hacker researcher and con chairman @toorcon @toorcamp; book purveyor, coffeebot maker, and biz owner @adason15th @adasdiscovery; FPGA aficionado @microntech.#~#1546#~#271#~#23658394#~#None#~#69#~#Seattle, WA#~#David Hulton#~#547#~#https://toorcon.net/#~#False#~#191#~#False#~#False#~#True#~#False#~#null#~#null#~#1571075396
0x31_nose#~#Mon Jan 07 06:58:03 +0000 2013#~#Cybersecurity Consultant. Assisting CIO/CISO/Infosec division manager with illustrating their security flaws and drafting roadmaps for improvement.#~#879#~#704#~#1067639558#~#None#~#31#~#127.0.0.1#~#Yukio Ichinose#~#11393#~#https://nanashi0x.hatenablog.com/#~#False#~#2882#~#True#~#False#~#True#~#False#~#null#~#null#~#1571075398
0x337#~#Sat Nov 05 01:05:41 +0000 2011#~#Reverse %26 Social Engineering, Penetration Testing, Vulnerability Researcher, Exploits Coding | Dz Offenders Cr3w, Facebook profile : https://www.facebook.com/cr4ck3d #~#179#~#836#~#405221707#~#None#~#5#~#127.0.0.1#~#HouSseM Ky KinG#~#932#~#https://pastebin.com/CrQZ5sfw#~#False#~#4672#~#False#~#False#~#False#~#False#~#null#~#null#~#1571075401
0x36_6#~#Mon Feb 18 11:32:44 +0000 2008#~#Pentester and Security Researcher - currently ICS %26 SCADA#~#125#~#351#~#13619072#~#None#~#1#~#Poland#~#skomak#~#264#~#null#~#False#~#611#~#False#~#False#~#True#~#False#~#null#~#null#~#1571075402
0x3BR30#~#Sat Sep 17 10:24:38 +0000 2016#~#DFIR | Security Researcher#~#16#~#107#~#777090879202861058#~#None#~#0#~#In memory 0x0C0C0C0C#~#Dan Ebreo#~#79#~#null#~#False#~#102#~#False#~#False#~#False#~#False#~#null#~#null#~#1571075402
0x3buffer#~#Sat Dec 27 15:12:18 +0000 2014#~#living off the land#~#195#~#1464#~#2943886557#~#None#~#29#~#Home#~#Cosmin Maier#~#1105#~#null#~#False#~#1231#~#False#~#False#~#True#~#False#~#null#~#null#~#1571075403
0x3c7#~#Thu May 08 14:15:19 +0000 2014#~#Threat Intel newbie. Infrastructure analysis and tracking. Passion for Brazilian Jiu-Jitsu (white belt, though :) ) and MMA. @TheHive_Project team member.#~#366#~#353#~#2483820673#~#None#~#13#~#\ud83c\udf10#~#Nils Kuhnert#~#685#~#https://github.com/3c7#~#False#~#2784#~#False#~#False#~#False#~#False#~#null#~#null#~#1571075404
0x3D63#~#Tue Mar 08 23:34:30 +0000 2011#~#freelance.composer // post-cyber #chiptune // trans|tech|human rights\n\ud83c\udff3\ufe0f\u200d\ud83c\udf08 she/her \ud83c\udff3\ufe0f\u200d\u26a7\ufe0f#~#697#~#120#~#262885060#~#None#~#44#~#%5Bmailbox: contact@3d63.net%5D#~#3D63#~#1337#~#https://3d63.net/#~#False#~#64#~#False#~#False#~#False#~#False#~#null#~#null#~#1571075405
0x3e3c#~#Fri Nov 18 09:47:21 +0000 2011#~#s\u00e9curit\u00e9 informatique, pentester web %26 android, snort, badminton \ud83c\udff8#d\u00e9ontologie #burp4ever #badminton#~#65#~#304#~#415425342#~#None#~#2#~##~#Jean _#~#512#~#null#~#False#~#161#~#False#~#False#~#False#~#False#~#null#~#null#~#1571075406
0x3f97#~#Sat Oct 07 01:24:06 +0000 2017#~#security research.#~#33#~#324#~#916474177972039680#~#None#~#0#~##~#0xgd#~#46#~#null#~#False#~#82#~#False#~#False#~#True#~#False#~#null#~#null#~#1571075406
0x3f_coma#~#Tue Oct 02 04:28:57 +0000 2012#~#security researcher who enjoys breaking stuff#~#17#~#41#~#857485220#~#None#~#0#~#USA#~#coma#~#4#~#null#~#False#~#0#~#False#~#False#~#False#~#False#~#null#~#null#~#1571075406
0x3ru#~#Fri Feb 10 17:22:14 +0000 2012#~#HACKER%3F#~#50#~#223#~#488630040#~#None#~#0#~##~#zer0ul#~#136#~#null#~#False#~#112#~#False#~#False#~#False#~#False#~#null#~#null#~#1571075407
0x4045494650#~#Sun Mar 20 22:13:58 +0000 2011#~#IT Security, Car-IT, IoT, Linux, Climbing, Geocaching... and 23 is pretty nice :-)#~#164#~#92#~#269493953#~#None#~#6#~#Deutschland#~#chris#~#153#~#null#~#False#~#55#~#False#~#False#~#False#~#False#~#null#~#null#~#1571075407
0x404d#~#Fri Sep 14 07:34:20 +0000 2007#~#Network Security Analyst. Writes slightly neat spaghetti code. Somehow found it wise to import arcade games in order to do reverse engineering.#~#128#~#505#~#8870612#~#None#~#7#~#Akershus, Norway#~#Simen Lybekk#~#5519#~#https://twitter.com/0x404d#~#False#~#830#~#True#~#False#~#False#~#False#~#null#~#null#~#1571075408
0x40506070#~#Fri Feb 26 00:42:06 +0000 2016#~#CND - Reverse Engineering - Python - PHP - Powershell - Tools....... Aprendiz de principio a fin.#~#203#~#622#~#703017155932119041#~#None#~#23#~##~#0xIDAHeader#~#4583#~#null#~#False#~#567#~#False#~#False#~#True#~#False#~#null#~#null#~#1571075409
_0x41#~#Mon Aug 02 20:41:06 +0000 2010#~#| Adventure | Security | Runner | Environmentalist |#~#41#~#88#~#173979182#~#None#~#2#~#Greater Pacific Northwest#~#Adam Russell#~#14#~#null#~#False#~#8#~#False#~#False#~#False#~#False#~#null#~#null#~#1571075409
0x41414141#~#Fri Mar 12 15:21:11 +0000 2010#~#Computer Security Consultancy and Research company; Emphasis on embedded reverse engineering, design and architecture (con/de)struction and holistic work.#~#1562#~#8#~#122396572#~#None#~#31#~#Berlin#~#Recurity Labs#~#28#~#https://www.recurity-labs.com/#~#False#~#2#~#False#~#False#~#False#~#False#~#null#~#null#~#1571075411
0x41414141yt#~#Tue May 08 21:42:04 +0000 2018#~#just another infosec youtube channel#~#168#~#1#~#993969306848374784#~#None#~#4#~##~#0x41414141#~#16#~#https://www.youtube.com/0x41414141#~#False#~#5#~#False#~#False#~#False#~#False#~#null#~#null#~#1571075411
0x4143#~#Fri Sep 07 08:52:58 +0000 2012#~#Threat Researcher - Malware Analyst - Reverse Engineer (All opinions are my own, not of my employer) https://github.com/0x4143/malware-gems #~#575#~#3061#~#808486321#~#None#~#18#~#127.0.0.1#~#AC#~#273#~#https://github.com/0x4143#~#False#~#1872#~#False#~#False#~#False#~#False#~#null#~#null#~#1571075413
0x4148#~#Fri Apr 25 15:10:08 +0000 2014#~#Cybersecurity specialist at EG-CERT , in love with coding things ruining other people's things, #GXPN #OSCE #OSCP #GMOB #OSWP #GWAPT #CPTE #eCRE among others#~#1889#~#651#~#2463346212#~#None#~#17#~#0.0.0.0#~#Ahmed Sultan#~#277#~#https://0x4148.com/#~#False#~#1022#~#False#~#False#~#True#~#False#~#null#~#null#~#1571075414
0x416c616e#~#Fri Jul 21 20:29:14 +0000 2017#~#Computer science student at @NEIU. Software developer. #infosec novice. Home lab tinkerer. #100DaysOfCode https://github.com/0x416c616e \n https://alans100daysofcode.com/about/ #~#535#~#501#~#888496108074348544#~#None#~#7#~#Chicago, IL#~#Alan#~#407#~#https://saintlouissoftware.com/#~#False#~#2117#~#False#~#False#~#True#~#False#~#null#~#null#~#1571075418
0x4171341#~#Thu Jan 05 05:32:59 +0000 2012#~#Open Government Open Culture Open Source #Hacker #DevSecOps. \ud83d\udd49\ufe0f\ud83d\udd49\ufe0f #InternetFreedomFighter $USER Arch\ud83d\udc27 \ud83c\uddfb\ud83c\uddea@PP_Ve \ud83c\udd93 Software Telegram USER root@cyberthrone#~#711#~#599#~#455500873#~#None#~#247#~#https://medium.com/@0x4171341#~#0x4171341#~#14934#~#https://github.com/cyberthrone#~#False#~#3693#~#False#~#False#~#False#~#False#~#null#~#null#~#1571075419
0x41ARMy#~#Tue Nov 14 23:40:47 +0000 2017#~##~#9#~#111#~#930581304072200192#~#None#~#0#~##~#Hans Ackemann#~#30#~#null#~#False#~#22#~#False#~#False#~#True#~#True#~#null#~#null#~#1571075419
0x41jackal#~#Sat May 28 13:02:06 +0000 2011#~#infosec, wireless enthusiast, coder, gamer, Ham radio operator; Sec+, CWNA, GMOB, GASF; Nerd at heart.#~#167#~#1275#~#306787147#~#None#~#4#~#District of Columbia, USA#~#0x41JACKAL#~#510#~#https://github.com/ajackal#~#False#~#2820#~#False#~#False#~#True#~#False#~#null#~#null#~#1571075421
0x42424242#~#Wed Apr 09 09:30:07 +0000 2014#~#InfoSec Addict#~#1380#~#168#~#2435191152#~#None#~#20#~#Canberra#~#Peleus#~#682#~#http://netsec.ws/#~#False#~#187#~#False#~#False#~#True#~#False#~#null#~#null#~#1571075422
0x43414e#~#Sun Oct 04 11:09:19 +0000 2009#~#IT/OT Penetration tester | #GICSP | #OSCP | #OSWP | #CEH | \ud83d\udccd\ud83c\uddf3\ud83c\uddf1#~#250#~#752#~#79707676#~#None#~#11#~#Amsterdam, The Netherlands#~#Can Kurnaz#~#519#~#null#~#False#~#1070#~#False#~#False#~#False#~#False#~#null#~#null#~#1571075422
0x4445565A#~#Thu Jun 14 16:04:49 +0000 2012#~#Dev. Hacker. Weirdo.#~#171#~#524#~#608344671#~#None#~#9#~#::1#~#Brandon#~#931#~#http://ibreak.systems/#~#False#~#2796#~#False#~#False#~#False#~#False#~#null#~#null#~#1571075423
0x445554434859#~#Tue Mar 05 12:25:57 +0000 2013#~#Security specialist, developer, pentester, metalhead, gamer#~#63#~#40#~#1243609880#~#None#~#3#~#The Netherlands#~#Edwin#~#97#~#null#~#False#~#0#~#False#~#False#~#False#~#False#~#null#~#null#~#1571075423
0x454b#~#Sat Jun 24 11:07:36 +0000 2017#~##~#59#~#1104#~#878570295728197632#~#None#~#1#~#The Netherlands#~#Erwin Kievith#~#98#~#null#~#False#~#443#~#False#~#False#~#False#~#True#~#null#~#null#~#1571075424
0x464D#~#Sun Sep 25 15:06:58 +0000 2016#~#(Automated) Reverse Engineering, Program Analysis, Theoretical Computer Science\n\n https://github.com/fmagin #~#183#~#121#~#780061036112216065#~#None#~#3#~#Europe#~#Florian Magin#~#355#~#null#~#False#~#276#~#False#~#False#~#False#~#False#~#null#~#null#~#1571075425
0x470x44#~#Wed Nov 07 19:30:04 +0000 2007#~#HITCON#~#68#~#693#~#10041962#~#None#~#1#~#Taiwan#~#G D#~#517#~#https://hitcon.org/2019/CMT/#~#False#~#1#~#False#~#True#~#True#~#False#~#null#~#null#~#1571075426
0x4747#~#Wed Apr 09 23:01:39 +0000 2008#~#/Bonsai Hacker/#~#206#~#1084#~#14346542#~#None#~#11#~#Ireland, Dublin#~#Goncalo Gomes#~#784#~#http://www.promisc.org/#~#False#~#2343#~#True#~#False#~#False#~#False#~#null#~#null#~#1571075427
0x47DF#~#Wed Aug 15 04:22:55 +0000 2012#~#screwdriver-wielding idiot#~#3331#~#716#~#758555881#~#None#~#77#~#Guildford/London/The Internet#~#sleepy^w skiddy bit rot \u260e\ud83c\udf0d\ud83d\udcbb\u23f0\u2728\u2728\ud83c\udff3\ufe0f\u200d\ud83c\udf08#~#34874#~#null#~#False#~#37695#~#False#~#False#~#False#~#False#~#null#~#null#~#1571075428
0x4a61636b#~#Thu Aug 27 14:32:35 +0000 2015#~##DFIR#~#2#~#373#~#3458606296#~#None#~#0#~##~#JT#~#1#~#null#~#False#~#211#~#False#~#True#~#False#~#False#~#null#~#null#~#1571075429
0x4A757A#~#Wed Dec 19 00:10:47 +0000 2018#~##EthicalHacker, #ThreatHunter, and #CyberEvangelist, all in char buffer%5B280%5D#~#117#~#109#~#1075181616035782657#~#None#~#0#~#The Information Superhighway#~#\u2588script\u2588alert\u25881\u2588\u2588\u2588script\u2588#~#210#~#https://twitter.com/0x4A757A#~#False#~#46#~#True#~#False#~#False#~#False#~#null#~#null#~#1571075430
0x4c1d#~#Thu Apr 16 18:09:08 +0000 2015#~##infosec freak #pentester #father #gliss addict#~#88#~#579#~#3173600219#~#None#~#6#~#/dev/null#~#T-0x1c#~#364#~#null#~#False#~#69#~#False#~#False#~#False#~#False#~#null#~#null#~#1571075430
0x4c334441#~#Sat Jul 06 13:58:23 +0000 2013#~#Programmer, Security!, Reverse Engineer. No certs except for data \ud83c\udf35 . @buildandcrash#~#151#~#776#~#1572834450#~#None#~#6#~#null#~#Adel Merabet#~#132#~#https://buildandcrash.org/#~#False#~#635#~#False#~#False#~#False#~#False#~#null#~#null#~#1571075431
0x4c41#~#Fri Aug 15 20:38:40 +0000 2014#~#InfoSec, Reliability Engineer, Infrastructure Engineer. M3OHM/2E0CET, LoRaWan, \ud83e\udd16, IoT, Raspberry Pi, Fintech, GoLang. Views my own#~#1161#~#2247#~#2735490896#~#None#~#162#~#West Midlands, England#~#Matt Saunders \ud83e\udd13 \ud83e\udd16 \ud83c\uddea\ud83c\uddfa \ud83d\udd36#~#6190#~#https://learnaddict.com/#~#False#~#17896#~#False#~#False#~#False#~#False#~#null#~#null#~#1571075433
0x4d_#~#Sat Nov 07 11:51:49 +0000 2015#~##~#1237#~#929#~#4133920895#~#None#~#380#~##~#0x4d#~#39930#~#null#~#False#~#47363#~#False#~#False#~#False#~#False#~#null#~#null#~#1571075433
0x4d0x410x43#~#Thu Jun 23 05:41:06 +0000 2016#~#4f 6e 65 20 52 69 6e 67 20 74 6f 20 72 75 6c 65 20 74 68 65 6d 20 61 6c 6c#~#44#~#82#~#745854171958624257#~#None#~#3#~#Madrid, Spain#~#0x4d0x410x43#~#376#~#null#~#False#~#127#~#False#~#False#~#True#~#False#~#null#~#null#~#1571075434
0x4D31#~#Sun May 18 22:35:46 +0000 2008#~#Security Engineer, Hunting badness @Google. Views are my own, not my employer's!#~#1534#~#1179#~#14825384#~#None#~#43#~#Virgo Cluster#~#Adel K#~#1268#~#null#~#False#~#3648#~#False#~#False#~#False#~#False#~#null#~#null#~#1571075434
0x4D5A#~#Sun Feb 21 12:22:52 +0000 2016#~#Security Researcher @ ShiftLeft \n\n@allesctf\n\nCat content || exploits || GTFO#~#388#~#532#~#701381569769041920#~#None#~#4#~##~#0x4D5A#~#222#~#null#~#False#~#488#~#False#~#False#~#False#~#False#~#null#~#null#~#1571075435
0x4DDF#~#Thu Aug 22 03:23:44 +0000 2013#~#DFIR NYC#~#44#~#188#~#1689937747#~#None#~#0#~#0625012#~#0x4DDF#~#564#~#null#~#False#~#42#~#False#~#False#~#True#~#False#~#null#~#null#~#1571075435
0x4E0x650x6F#~#Tue Jan 26 10:47:02 +0000 2010#~#A proud GEEK, sec researcher that loves to find flaws others code, and one of the Guys behind the first BMX trick sensor in the world. #im_iddo#~#460#~#363#~#108572456#~#None#~#60#~#Lisbon#~#0x4E 0x65 0x6F#~#13138#~#http://www.tiagoalexandre.com/#~#False#~#6390#~#False#~#False#~#False#~#False#~#null#~#null#~#1571075436
0x4n6#~#Wed May 06 11:39:11 +0000 2009#~#digital forensics, incident response %26 threat hunting#~#177#~#826#~#38160118#~#None#~#14#~#On your SPAN port#~#0x4n6#~#1277#~#null#~#False#~#4877#~#False#~#False#~#True#~#False#~#null#~#null#~#1571075436
0x4ndr3#~#Sun Mar 22 02:07:27 +0000 2009#~#eWPTX + OSCP + OSWP + CREST CRT + Pentester + Windows Internals#~#540#~#617#~#25764742#~#None#~#17#~#Australia#~#Andre Lima#~#778#~#https://andrelima.info/#~#False#~#1062#~#False#~#False#~#False#~#False#~#null#~#null#~#1571075437
0x4ym4n#~#Fri Mar 16 20:19:59 +0000 2012#~#I am interested in Information Security , Computer Science and Modern Technologies.\n#UofK_FMS 016\n#Android Developer\n#Flutter Developer\n#Python Django Developer#~#1068#~#389#~#526758963#~#None#~#11#~#Sudan#~#Ayman Alshaikh#~#6604#~#https://www.facebook.com/0x4ym4n#~#False#~#4587#~#True#~#False#~#False#~#False#~#null#~#null#~#1571075440
0x51f1#~#Tue Dec 13 15:50:41 +0000 2016#~##~#14#~#142#~#808700677560168449#~#None#~#0#~##~#Sifi#~#28#~#null#~#False#~#33#~#False#~#False#~#True#~#False#~#null#~#null#~#1571075440
0x534a#~#Sat Feb 20 13:15:25 +0000 2016#~##~#8#~#215#~#701032406229368837#~#None#~#0#~##~#0x534a#~#0#~#null#~#False#~#6#~#False#~#False#~#True#~#True#~#null#~#null#~#1571075440
0x53696F6E#~#Thu Dec 06 10:28:05 +0000 2018#~#OSCP | Cyber Security Enthusiast#~#48#~#82#~#1070625922548678656#~#None#~#0#~#United Kingdom#~#Sion#~#60#~#null#~#False#~#172#~#False#~#False#~#False#~#False#~#null#~#null#~#1571075441
0x55524E6F7379#~#Tue Oct 30 09:23:01 +0000 2018#~#I like Analytics, C Programming, Computer Networks, Embedded Systems Development, Python Programming, Sports, Video Games and Women with Natural Curly Hair.#~#12#~#64#~#1057201195364700160#~#None#~#0#~##~#Char arr%5B%5D = \u201cChar\u201d#~#0#~#null#~#False#~#1#~#False#~#False#~#True#~#False#~#null#~#null#~#1571075441
0x58#~#Fri Feb 05 10:09:13 +0000 2010#~#Husband | Proud Father | Cloud @IBMSecurity | \ud83c\udfd1 @X14Santo | Co-Founder @OakBrewery | @XSOMLabs | @OpenBSD | Views are my own#~#1062#~#1169#~#111555036#~#None#~#86#~#Geneva, Switzerland#~#Xavier Santolaria#~#6350#~#https://ch.linkedin.com/in/xsantola#~#False#~#6#~#False#~#False#~#False#~#False#~#null#~#null#~#1571075442
0x5bd#~#Tue Apr 24 05:31:51 +0000 2012#~#We love CTF challenges! Bring it on#~#11#~#13#~#561751601#~#None#~#0#~##~#Team 0x5bd#~#4#~#null#~#False#~#5#~#False#~#False#~#False#~#False#~#null#~#null#~#1571075442
_0x5c#~#Tue May 05 08:58:34 +0000 2009#~#Infosec n00b (GIAC GSEC, GSNA, GCIA, GCIH, GCFE, GWAPT, GCFA, GPEN, GPPA, GCWN, GFNA), likes badminton and is easily distracted by cheese#~#90#~#1618#~#37888195#~#None#~#1#~#UK#~#0x5c#~#75#~#null#~#False#~#223#~#False#~#False#~#True#~#False#~#null#~#null#~#1571075443
0x5D0IlInx#~#Sat Jun 18 22:14:00 +0000 2016#~##|##~#124#~#161#~#744292102872436736#~#None#~#4#~#/dev/null#~#0x5D0#~#622#~#null#~#False#~#802#~#False#~#False#~#True#~#False#~#null#~#null#~#1571075443
0x5eb#~#Fri Mar 04 03:24:47 +0000 2011#~# https://github.com/sebastiencs #~#305#~#960#~#260559520#~#None#~#8#~#Paris#~#S\u00e9bastien C.#~#7265#~#null#~#False#~#2172#~#False#~#False#~#False#~#False#~#null#~#null#~#1571075444
0x614C0#~#Sun Mar 04 22:34:20 +0000 2012#~#@giaco@m.geraffel.net\u25ab\ufe0f@dadigi#~#211#~#611#~#514840576#~#None#~#21#~#Geraffel Village#~#Giaco#~#1495#~#https://keybase.io/giaco#~#False#~#1274#~#False#~#False#~#False#~#False#~#null#~#null#~#1571075445
0x616163#~#Wed Jun 04 06:43:57 +0000 2014#~##~#101#~#546#~#2545420525#~#None#~#5#~##~#Morax#~#302#~#https://medium.com/%400x616163#~#False#~#777#~#False#~#True#~#False#~#False#~#null#~#null#~#1571075446
0x617075#~#Tue Dec 24 17:30:06 +0000 2013#~##~#133#~#1134#~#2260527374#~#None#~#1#~#Knoxville, TN#~#Neil Desai#~#221#~#null#~#False#~#127#~#False#~#False#~#False#~#False#~#null#~#null#~#1571075447
0x62626262#~#Wed Jul 09 07:23:28 +0000 2014#~#OSCP|Penetration Testing|Exploit Development (Opinions are mine alone and do not represent my employer)#~#218#~#326#~#2613130915#~#None#~#3#~#New Delhi, India#~#Rahul Pratap Singh#~#144#~#https://0x62626262.wordpress.com/#~#False#~#239#~#False#~#False#~#False#~#False#~#null#~#null#~#1571075448
0x62656E#~#Thu Feb 24 15:03:12 +0000 2011#~#rebooting - ETA 11/2019#~#288#~#2838#~#257016877#~#None#~#23#~#Earth#~#\u2a2d#~#3702#~#null#~#False#~#4583#~#True#~#False#~#False#~#False#~#null#~#null#~#1571075448
0x62756773#~#Sun Sep 08 14:04:41 +0000 2019#~##~#5#~#542#~#1170699459765907456#~#None#~#0#~##~#0x62756773#~#2#~#null#~#False#~#1#~#False#~#False#~#True#~#False#~#null#~#null#~#1571075448
0x627A#~#Sun Aug 05 08:03:50 +0000 2018#~#LINUX x HPC x SECURITY x SCIENCE x CLUSTERS x UNIX#~#120#~#496#~#1026015911797391361#~#None#~#2#~#Poland#~#Bartosz Zieba \ud83d\udee0\ufe0f#~#401#~#null#~#False#~#2098#~#False#~#False#~#False#~#False#~#null#~#null#~#1571075449
0x636e68#~#Wed Nov 20 22:37:01 +0000 2013#~#Paranoid, builder, accidental foodie, eternal student. Yubico SVP Engineering, tweets are my own.#~#305#~#708#~#2205712020#~#None#~#8#~##~#Christopher Harrell#~#145#~#null#~#False#~#166#~#False#~#False#~#True#~#False#~#null#~#null#~#1571075449
0x64FF15C3#~#Mon Nov 13 07:32:34 +0000 2017#~##~#70#~#421#~#929975258349817856#~#None#~#2#~#Lost in a debugger#~#Cameron#~#163#~#null#~#False#~#310#~#False#~#False#~#False#~#True#~#null#~#null#~#1571075450
0x656e#~#Sun May 24 13:11:04 +0000 2009#~##Python(Not Developer) #Linux(Not SysAdm) #CyberSecurity (Not Cyber Ninja).Arada s\u0131rada teknik \u015feyler payla\u015f\u0131r\u0131m/yazar\u0131m gerisi goygoy. @canyoupwnme Team Member#~#1391#~#1176#~#42209364#~#None#~#52#~#info@enesergun.net#~#Enes Erg\u00fcn#~#10600#~#https://enesergun.net/#~#False#~#8546#~#True#~#False#~#False#~#False#~#null#~#null#~#1571075450
0x67726579#~#Sun Jul 10 17:10:57 +0000 2011#~#Cyber. per obscurum est lumen#~#358#~#2537#~#332915040#~#None#~#47#~#Earth#~#0x67726579#~#6799#~#null#~#False#~#3365#~#False#~#True#~#False#~#False#~#null#~#null#~#1571075451
0x6840636b#~#Thu Mar 23 19:32:32 +0000 2017#~#use mac-addresses that end in :::fa:ca:de and leave other comical traces#~#55#~#799#~#844995293884141569#~#None#~#0#~#virtually everywhere#~#0x6840636b#~#415#~#https://twitter.com/0x6840636b#~#False#~#1788#~#False#~#False#~#False#~#False#~#null#~#null#~#1571075452
0x686967#~#Wed Sep 30 03:14:19 +0000 2015#~#Father to two awesome kids Brody %26 Ryder. Security Architect#~#2513#~#2512#~#3732554173#~#None#~#208#~#http://keybase.io/hig#~#Higinio \u201cw0rmer\u201d Ochoa#~#2601#~#http://www.linkedin.com/in/x0hig#~#False#~#5029#~#False#~#False#~#False#~#False#~#null#~#null#~#1571075453
0x6976#~#Sun Jan 03 17:30:12 +0000 2016#~#Sysadmin. GNU/Linux, some Python and InfoSec. Tweets links to old @usesthis interviews. He/Him.#~#178#~#1624#~#4704062192#~#None#~#24#~##~#Igor Vuk#~#1188#~#https://ivuk.github.io/#~#False#~#9358#~#False#~#False#~#False#~#False#~#null#~#null#~#1571075453
0x6A6F7368#~#Tue Apr 15 10:14:10 +0000 2014#~#Plays with computers.#~#184#~#1025#~#2445227030#~#None#~#3#~##~#Josh#~#117#~#https://blog.joshdawes.com/#~#False#~#3#~#False#~#False#~#True#~#False#~#null#~#null#~#1571075456
0x6c73#~#Mon Aug 11 02:40:22 +0000 2008#~#Google security team. Tweets and opinions are my own.#~#372#~#244#~#15804099#~#None#~#12#~#Zurich, Switzerland#~#Kaan Kivilcim#~#4#~#null#~#False#~#610#~#False#~#False#~#True#~#False#~#null#~#null#~#1571075456
0x6d616e69#~#Mon Jul 12 13:55:50 +0000 2010#~#Security Researcher. OSCP #PenTest #Exploits #IoT#~#475#~#566#~#165767879#~#None#~#215#~#INDIA#~#Mani#~#19213#~#null#~#False#~#2472#~#False#~#False#~#False#~#False#~#null#~#null#~#1571075457
0x6d696368#~#Sat Aug 20 17:05:10 +0000 2016#~#Mastodon: https://mastodon.social/%400x6d696368 \nBlog: https://blog.threatrack.de/ \nYoutube: https://www.youtube.com/0x6d696368 #~#2211#~#54#~#767044819311001600#~#None#~#37#~##~#mich#~#1093#~#null#~#False#~#449#~#False#~#False#~#False#~#False#~#null#~#null#~#1571075461
0x6d6e647a#~#Mon Aug 05 23:33:53 +0000 2013#~#malware researcher and corporeal entity#~#57#~#432#~#1648969741#~#None#~#1#~#silly con's valley#~#mndz#~#460#~#null#~#False#~#309#~#False#~#False#~#False#~#False#~#null#~#null#~#1571075461
0x6e756c6c#~#Mon Aug 29 11:15:36 +0000 2016#~##infosec #opsec#~#38#~#548#~#770218338693816321#~#None#~#5#~#/dev/null#~#Dave Null#~#101#~#null#~#False#~#37#~#False#~#False#~#True#~#False#~#null#~#null#~#1571075462
0x705h#~#Mon Jan 04 03:28:53 +0000 2010#~#Security Consultant/Researcher at @cubicalabs - I enjoy CTFs, romhacking and retrocomputing in my spare time - My avatar is a glitched empanada#~#260#~#838#~#101646528#~#None#~#3#~#Graz, Austria#~#(\u256f\u00b0\u25a1\u00b0\uff09\u256f\ufe35 \u253b\u2501\u253b#~#2418#~#http://www.int256h.com/#~#False#~#597#~#False#~#False#~#False#~#False#~#null#~#null#~#1571075463
0x710DDDD#~#Thu Apr 19 19:03:02 +0000 2012#~#security researcher#~#497#~#524#~#557969230#~#None#~#7#~##~#0x710DDDD#~#992#~#null#~#False#~#782#~#False#~#False#~#True#~#False#~#null#~#null#~#1571075464
0x726f6f740a#~#Wed Jul 31 18:42:07 +0000 2019#~#learning infosec#~#29#~#139#~#1156636172539650048#~#None#~#3#~#/etc/shadow#~#shells#~#33#~#null#~#False#~#68#~#False#~#False#~#True#~#False#~#null#~#null#~#1571075464
0x72d8#~#Sun Aug 09 20:08:10 +0000 2009#~#Information Security by day, development sometimes, private pilot.#~#54#~#188#~#64242672#~#None#~#6#~#Suisse#~#\ud835\udcd9o\ud835\uddc1\ud835\udcf7#~#1499#~#null#~#False#~#3471#~#False#~#False#~#False#~#False#~#null#~#null#~#1571075464
0x736C316E6B#~#Mon Nov 21 12:54:23 +0000 2011#~#Security Architect, Security Engineer, Security Specialist. Hacker And Xtreme 0day Researcher (HAX0R\u2122) #E0F#~#1351#~#351#~#417849838#~#None#~#23#~#\u0421\u0430\u043d\u043a\u0442-\u041f\u0435\u0442\u0435\u0440\u0431\u0443\u0301\u0440\u0433, \u0420\u043e\u0441\u0441\u0438\u044f #~#sl1nk#~#272#~#http://security.guru/#~#False#~#941#~#False#~#True#~#False#~#False#~#null#~#null#~#1571075466
0x737577#~#Tue Sep 10 05:25:43 +0000 2013#~#Security is void. We should all start reversing.\n https://medium.com/%400xd0cf11e \n https://github.com/0xd0cf11e #~#113#~#173#~#1850477911#~#None#~#0#~#Montr\u00e9al, Qu\u00e9bec#~#Suweera DeSouza#~#38#~#null#~#False#~#253#~#False#~#False#~#False#~#False#~#null#~#null#~#1571075469
0x73westy#~#Tue Aug 09 21:11:53 +0000 2011#~#Vulnerability, Exploit, and Threat Research.#~#290#~#602#~#351878140#~#None#~#12#~##~#Shawn Westfall#~#556#~#null#~#False#~#49#~#False#~#False#~#True#~#False#~#null#~#null#~#1571075470
0x746f6d#~#Thu Aug 14 22:31:33 +0000 2014#~##~#42#~#785#~#2733033014#~#None#~#2#~##~#\u026fo\u0287#~#10#~#null#~#False#~#27#~#False#~#False#~#True#~#False#~#null#~#null#~#1571075470
0x766c6164#~#Tue Sep 29 10:34:53 +0000 2015#~#Software developer, Gopher, hacker, keeping {anti,}security as hobby.#~#317#~#870#~#3813624561#~#None#~#20#~#127.0.0.1#~#vlad#~#1401#~#https://vlads.me/#~#False#~#8453#~#False#~#False#~#False#~#False#~#null#~#null#~#1571075471
0x7674#~#Wed May 18 05:44:14 +0000 2011#~##~#700#~#129#~#300685892#~#None#~#19#~#Perle#~#vt#~#415#~#null#~#False#~#2#~#False#~#False#~#False#~#False#~#null#~#null#~#1571075472
0x777null#~#Fri Aug 21 18:06:43 +0000 2015#~#escrevi sai correndo, paz de Deus pra quem ta lendo#~#316#~#82#~#3434486771#~#None#~#0#~#Brazil#~#$ v4p0r#~#125#~#null#~#False#~#50#~#False#~#False#~#False#~#False#~#null#~#null#~#1571075472
0x79#~#Mon Jan 23 12:37:44 +0000 2012#~#\u0647 \u0488\u0488\u0488#~#645#~#170#~#471946329#~#None#~#23#~#\u0647 \u0488\u0488\u0488#~#Florian Grunow#~#565#~#null#~#False#~#7#~#False#~#False#~#False#~#False#~#null#~#null#~#1571075472
_0x7c3_#~#Wed Jan 13 08:55:23 +0000 2016#~#Iranian ex-hacker and ex-patriate living in Italy and commenting on Iranian cyber activity. #iran #cybersecurity #cyber #hackers #hacking #cybercrime #infosec#~#2158#~#886#~#4792602023#~#None#~#9#~#Italy#~#Javid Akbari#~#384#~#http://0x7c3.blogspot.com/#~#False#~#96#~#True#~#False#~#False#~#False#~#null#~#null#~#1571075473
0x7eff#~#Thu Jul 30 04:11:11 +0000 2009#~#CISO, ex moz://a security, MozDef, Kinectasploit, p0wnlabs, music, dark beer; so dark you can't see through it. he/him. Opinions are opinions, man!#~#2927#~#2089#~#61387084#~#None#~#201#~#Portland, Oregon#~#jeff bryner#~#13126#~#https://www.jeffbryner.com/#~#False#~#6061#~#True#~#False#~#False#~#False#~#null#~#null#~#1571075475
0x7fff9#~#Wed Dec 14 13:14:57 +0000 2016#~#My tweets belong to Rei Gohb, Mestre Alves, Bruxo de Fafe and even Paulo Futre. On the Internet, nobody knows you're a ship \ud83d\udef3 #MalwareHunterTeam#~#3661#~#88#~#809023873245204481#~#None#~#63#~#https://keybase.io/0x7fff9#~#Guido Not CISSP\u00ae \ud83d\udd39#~#7044#~#null#~#False#~#5763#~#False#~#False#~#False#~#False#~#null#~#null#~#1571075476
0x82#~#Tue Apr 17 17:00:04 +0000 2012#~#so technology. wow pwnage. such bizz.#~#1529#~#497#~#556118555#~#None#~#23#~##~#David Davidson#~#141#~#null#~#False#~#290#~#False#~#False#~#False#~#False#~#null#~#null#~#1571075476
0x8445#~#Sun Oct 21 17:13:00 +0000 2012#~#Founder of tryhackme#~#414#~#482#~#895753146#~#None#~#16#~#Space#~#rm -rf /#~#1326#~#https://tryhackme.com/p/ben#~#False#~#673#~#False#~#False#~#False#~#False#~#null#~#null#~#1571075477
0x86DD_#~#Wed Aug 23 17:14:08 +0000 2017#~#Computer warrior | #Malware hunter %26 Security Engineer | #triathlon lover| https://www.cyberscenar.io/ vigilant | helping make a better world thru #cleantech#~#129#~#374#~#900405810915713024#~#None#~#5#~#around you#~#Heber Nunes#~#920#~#https://linktr.ee/hebernunes#~#False#~#493#~#False#~#False#~#False#~#False#~#null#~#null#~#1571075481
0x_90#~#Fri Aug 11 23:59:10 +0000 2017#~#UTCS '17! I'm an InfoSec Engineer @ Palo Alto Networks. Opinions are my own.#~#146#~#325#~#896159085552312320#~#None#~#6#~#she/her#~#Mary#~#243#~#https://mary-sawyer.github.io/#~#False#~#1940#~#False#~#False#~#False#~#False#~#null#~#null#~#1571075482
0x9041#~#Sun Mar 30 05:21:20 +0000 2008#~##~#148#~#717#~#14256285#~#None#~#6#~##~#FunUnif0rm#~#4874#~#null#~#False#~#8356#~#True#~#True#~#False#~#False#~#null#~#null#~#1571075482
0x90_Bug#~#Sun Nov 30 09:38:50 +0000 2008#~##Geek #Coffee #ParkRun #CyberSecurity #Python #CodeClubChampion #Formula1 #RaspberryPi #TakeFive#~#190#~#212#~#17751869#~#None#~#14#~#Gloucestershire#~#Steve#~#2500#~#null#~#False#~#713#~#False#~#False#~#False#~#False#~#null#~#null#~#1571075483
0x90NOP#~#Tue Mar 13 20:44:54 +0000 2012#~#Security enthusiast, hacker, geek, nerd, dweeb.Voight-Kampff Proctor #Infosec. Words/deeds are my own. https://www.linkedin.com/in/drewmaness/ #~#787#~#1726#~#523656838#~#None#~#26#~#Dark.Likely to be eaten by Gru#~#Drew Maness#~#4998#~#null#~#False#~#8508#~#True#~#False#~#False#~#False#~#null#~#null#~#1571075483
0x90r00t#~#Mon May 18 19:28:51 +0000 2015#~#CTF team since 2015#~#593#~#0#~#3288873605#~#None#~#10#~#France#~#0x90 r00t#~#92#~#https://0x90r00t.com/#~#False#~#33#~#False#~#False#~#True#~#False#~#null#~#null#~#1571075485
0x94#~#Thu Mar 26 16:27:19 +0000 2009#~##~#1728#~#796#~#26785681#~#None#~#4#~##~#NoOp#~#146#~#null#~#False#~#1833#~#False#~#False#~#False#~#False#~#null#~#null#~#1571075485
0x9900#~#Thu Oct 16 02:25:44 +0000 2008#~#Building elastic Rube Goldberg machines for cloud, Monkey Wrangler, Arduino hacker, #OpenBSD, #Motorcycle, #sailor. and Amateur Radio Operator (W6BSD)#~#1248#~#689#~#16800336#~#None#~#53#~#San Francisco, CA#~#Fr\u01dddo#~#11533#~#https://0x9900.com/#~#False#~#2167#~#True#~#False#~#False#~#False#~#null#~#null#~#1571075486
0x9dec1980#~#Fri Jan 20 14:08:40 +0000 2012#~##~#56#~#140#~#469345783#~#None#~#0#~#IoCopyCurrentIrpStackLocationToNext#~#Juli\u00e1n#~#530#~#null#~#False#~#495#~#False#~#False#~#False#~#False#~#null#~#null#~#1571075487
0x9ED1#~#Mon Mar 01 17:08:33 +0000 2010#~#Ethical Hacking student @ Abertay.#~#64#~#258#~#118753523#~#None#~#0#~#Dundee, Scotland#~#Matiss#~#303#~#null#~#False#~#122#~#False#~#True#~#False#~#False#~#null#~#null#~#1571075487
0xa6ea#~#Mon Sep 18 21:18:32 +0000 2017#~##InfoSec, #SRE, values respect, inclusion, feedback; @BSidesMunich organizer %5Bshe/her%5D Opinions are my own#~#216#~#423#~#909889397918748672#~#None#~#2#~##~#Ana Oprea#~#486#~#null#~#False#~#1218#~#False#~#False#~#True#~#False#~#null#~#null#~#1571075488
0xab0dee6da#~#Fri Jul 12 19:15:22 +0000 2013#~##DFIR #malware #cyber #technology #science #humor#~#344#~#326#~#1589206316#~#None#~#5#~#Kingdom of Saudi Arabia#~#Naif Otaibi \u0646\u0627\u064a\u0641 \u0627\u0644\u0639\u062a\u064a\u0628\u064a#~#146#~#null#~#False#~#281#~#False#~#False#~#True#~#False#~#null#~#null#~#1571075488
0xabad1dea#~#Wed Mar 24 16:31:05 +0000 2010#~#Infosec supervillain whose name kills computers. Discord SJW and speedrun chat bunny. \u2022 she/her \u2022 queer af \u2022 plural \u2022 older than everyone thinks#~#24791#~#627#~#126030998#~#None#~#1086#~#Sickville, Massachusetts pop:1#~#badidea \ud83d\udcab#~#196932#~#https://0xabad1dea.github.io/#~#False#~#3659#~#False#~#False#~#False#~#False#~#null#~#null#~#1571075489
0xabc0#~#Sat Jan 06 00:21:50 +0000 2018#~#android, malware, frida @invictus_cyber/@prodaft/@loremchecksum#~#843#~#163#~#949435804153274369#~#None#~#7#~##~#Ahmet Bilal Can#~#227#~#https://eybisi.run/#~#False#~#1046#~#False#~#False#~#False#~#False#~#null#~#null#~#1571075490
0xABD#~#Tue Apr 30 22:38:34 +0000 2013#~#Security researcher, payment technology specialist, hereditary tech-priest. Tweets are my personal opinions. Retweets are for informational purposes only.#~#396#~#253#~#1393230013#~#None#~#18#~##~#Nikita Abdullin#~#2694#~#null#~#False#~#4985#~#True#~#False#~#True#~#False#~#null#~#null#~#1571075490
0xAC1D1C#~#Sun Apr 07 18:34:10 +0000 2013#~#InfoSec / Incident Response / Malware Analysis / Reverse Engineering. Distractions include gadgets and good music.#~#183#~#474#~#1334790810#~#None#~#8#~#Dublin, Ireland#~#Paul Degan#~#1157#~#null#~#False#~#1055#~#True#~#False#~#False#~#False#~#null#~#null#~#1571075491
0xacb#~#Mon Apr 01 13:19:37 +0000 2013#~#Security researcher and bug bounty hunter. Captain of @ExtremeSTF CTF team. Professor at @UPorto. 1128350274#~#6393#~#507#~#1320338581#~#None#~#75#~#DISTURBANCE#~#Andr\u00e9 Baptista#~#796#~#https://pwning.re/#~#False#~#5242#~#True#~#False#~#False#~#False#~#null#~#null#~#1571075492
0xAcid#~#Wed Sep 07 18:18:17 +0000 2011#~#Reverse Engineering, Security researcher @quarkslab#~#93#~#138#~#369649067#~#None#~#6#~##~#Acid#~#276#~#null#~#False#~#12#~#False#~#False#~#False#~#True#~#null#~#null#~#1571075493
0xADADA#~#Wed Nov 21 17:26:35 +0000 2007#~#intern\u00e9tte and computer#~#619#~#174#~#10446382#~#None#~#55#~#\u2588\u2588\u2588\u2588\u2588\u2588\u2588, MA#~#0xADADA #AbolishICE \ud83c\udff4#~#12598#~#https://0xadada.pub/#~#False#~#108#~#True#~#False#~#False#~#False#~#null#~#null#~#1571075494
0xADHRIT#~#Tue Nov 27 13:10:41 +0000 2018#~#Open source Android reversing and analysis tool | Selected for @Owaspseasides %26 @THREAT_CON |\n\nProject Lead: @HawkSpawn#~#55#~#5#~#1067405350901493761#~#None#~#0#~#India#~#ADHRIT#~#15#~#https://github.com/abhi-r3v0/Adhrit#~#False#~#11#~#False#~#False#~#True#~#False#~#null#~#null#~#1571075496
0xadr1an#~#Tue Jun 27 22:47:55 +0000 2017#~#Security researcher with a penchant for functional programming languages. PhD candidate @anucecs and #HexHive. S2E developer.#~#488#~#279#~#879833702225915904#~#None#~#7#~#Canberra, Australia#~#Adrian Herrera#~#440#~#https://adrianherrera.github.io/#~#False#~#3166#~#True#~#False#~#False#~#False#~#null#~#null#~#1571075497
0xAdrian#~#Thu Apr 24 01:50:18 +0000 2008#~#InfoSec \u00b7 Trail Running \u00b7 Bullshit \u00b7 Spanglish#~#396#~#1802#~#14504758#~#None#~#19#~#Tl\u00f6n#~#Adrian#~#9806#~#null#~#False#~#6642#~#True#~#False#~#False#~#False#~#null#~#null#~#1571075497
0xAlan#~#Thu Mar 20 00:20:12 +0000 2008#~#Not an evangelist, guru, thought leader, or rock star. I get paid to do hacker stuff though, so thats cool. Opinions are mine, not Layer 3's.#~#301#~#393#~#14181000#~#None#~#22#~#Birmingham, Alabama, USA#~#Alan Jones#~#5328#~#http://www.linkedin.com/in/robertalanjones#~#False#~#369#~#False#~#False#~#False#~#False#~#null#~#null#~#1571075498
0xAlexei#~#Wed Nov 25 18:29:15 +0000 2015#~#Security Researcher | @RPISEC Alumnus#~#3783#~#539#~#4277043759#~#None#~#51#~##~#Alexei Bulazel#~#2127#~#null#~#False#~#6100#~#False#~#False#~#False#~#False#~#null#~#null#~#1571075499
0xAli#~#Sun Aug 16 14:47:23 +0000 2009#~#It's so loud inside my head with words that I should have said#~#1471#~#751#~#66125798#~#None#~#72#~#City 17 - Egypt#~#Mohab Ali#~#4765#~#null#~#False#~#2559#~#True#~#False#~#False#~#False#~#null#~#null#~#1571075499
0xAlsaheel#~#Thu Jul 01 18:13:19 +0000 2010#~#Computer Science Ph.D. student @Purdue.#~#2886#~#275#~#161761890#~#None#~#70#~#Indianapolis, IN#~#Abdulellah Alsaheel#~#19664#~#http://reveralabs.blogspot.com/#~#False#~#8537#~#True#~#False#~#True#~#False#~#null#~#null#~#1571075500
0xamanda#~#Mon Mar 05 21:59:15 +0000 2018#~#Amy, Cyber Girl (She/Her) \u2764\ufe0f @nandjeff \u2764\ufe0f Profile picture by @chadolbaki7#~#54#~#204#~#970780807425085447#~#None#~#0#~#$rip#~#Amy#~#631#~#null#~#False#~#1270#~#False#~#True#~#False#~#False#~#null#~#null#~#1571075501
0xAmit#~#Sat Mar 17 10:22:55 +0000 2012#~#Hacker, researcher, musician. Not necessarily in that order.\u25aa\ufe0f\u2069 Head of security research @cybereason @Nocturnus \ud83e\udd89. A non-advanced-non-persistent threat \ud83c\uddee\ud83c\uddf1#~#20050#~#632#~#527313448#~#None#~#423#~#\ud83c\uddfa\ud83c\uddf8#~#Amit Serper#~#18976#~#https://about.me/aserper#~#True#~#4842#~#False#~#False#~#False#~#False#~#null#~#null#~#1571075501
0xAndrew#~#Fri Nov 28 13:26:31 +0000 2014#~#Co-Founder %26 VP Product, Research, Analytics, and Customer Success @ThreatConnect. My faith, family, and team keep me moving. #startuplife \nTweets are my own.#~#598#~#356#~#2895931913#~#None#~#14#~##~#Andy Pendergast#~#211#~#https://threatconnect.com/#~#False#~#405#~#False#~#False#~#False#~#False#~#null#~#null#~#1571075503
0xankush#~#Sun Jun 24 02:54:14 +0000 2012#~##~#348#~#2593#~#616776804#~#None#~#47#~#Sacramento, CA#~#Ankush Goel#~#1562#~#null#~#False#~#1191#~#False#~#False#~#False#~#False#~#null#~#null#~#1571075503
0x_anon#~#Wed Dec 31 14:58:15 +0000 2014#~#A Cyber Security Enthusiast.#~#46#~#695#~#2953268806#~#None#~#0#~##~#Anon#~#6#~#null#~#False#~#117#~#False#~#False#~#True#~#False#~#null#~#null#~#1571075503
0xArcher#~#Sun Jul 19 21:37:01 +0000 2015#~#I'm here because you assholes drove me to this.#~#45#~#150#~#3383598513#~#None#~#2#~##~#Archer On Security#~#269#~#null#~#False#~#659#~#False#~#True#~#True#~#False#~#null#~#null#~#1571075504
0xAsher#~#Thu Aug 31 19:02:22 +0000 2017#~#\u05de\u05d4 \u05e9\u05d4\u05d9\u05d4 \u05d4\u05d5\u05d0 \u05e9\u05d9\u05d4\u05d9\u05d4, \u05de\u05d4 \u05e9\u05d9\u05d4\u05d9\u05d4 \u05dc\u05d0 \u05de\u05e9\u05e0\u05d4#~#29#~#893#~#903332152229625856#~#None#~#0#~#\u05d9\u05e9\u05e8\u05d0\u05dc#~#IA#~#17#~#null#~#False#~#1745#~#False#~#False#~#True#~#False#~#null#~#null#~#1571075504
0xatabey#~#Sun Jun 30 20:36:13 +0000 2019#~##0day #Exploit #Vulnerability #Exploits #Vulnerabilities #zeroday \ud83d\udea9\ud83c\udff4\u200d\u2620\ufe0f Software Engineer = #phD \u00a7#~#56#~#494#~#1145430861086625801#~#None#~#0#~#Ankara, T\u00fcrkiye#~#Kaan Atabey#~#35#~#https://blackhat.com/#~#False#~#1705#~#False#~#True#~#False#~#False#~#null#~#null#~#1571075505
0xAX#~#Mon Oct 08 11:52:14 +0000 2012#~#Software developer#~#8064#~#150#~#867857940#~#None#~#237#~##~#0xAX#~#7732#~#https://0xax.gitbooks.io/linux-insides/content/#~#False#~#23#~#True#~#False#~#False#~#False#~#null#~#null#~#1571075507
